#
# A fatal error has been detected by the Java Runtime Environment:
#
#  SIGSEGV (0xb) at pc=0x00007f4b8d23ff31, pid=1623, tid=1699
#
# JRE version: OpenJDK Runtime Environment Temurin-17.0.11+9 (17.0.11+9) (build 17.0.11+9)
# Java VM: OpenJDK 64-Bit Server VM Temurin-17.0.11+9 (17.0.11+9, mixed mode, tiered, compressed oops, compressed class ptrs, parallel gc, linux-amd64)
# Problematic frame:
# V  [libjvm.so+0xc7ff31]  PSCardTable::scavenge_contents_parallel(ObjectStartArray*, MutableSpace*, HeapWordImpl**, PSPromotionManager*, unsigned int, unsigned int)+0xe61
#
# No core dump will be written. Core dumps have been disabled. To enable core dumping, try "ulimit -c unlimited" before starting Java again
#
# If you would like to submit a bug report, please visit:
#   https://github.com/adoptium/adoptium-support/issues
#

---------------  S U M M A R Y ------------

Command Line: --add-modules=ALL-SYSTEM --add-opens=java.base/java.util=ALL-UNNAMED --add-opens=java.base/java.lang=ALL-UNNAMED --add-opens=java.base/sun.nio.fs=ALL-UNNAMED -Declipse.application=org.eclipse.jdt.ls.core.id1 -Dosgi.bundles.defaultStartLevel=4 -Declipse.product=org.eclipse.jdt.ls.core.product -Djava.import.generatesMetadataFilesAtProjectRoot=false -DDetectVMInstallationsJob.disabled=true -Dfile.encoding=utf8 -XX:+UseParallelGC -XX:GCTimeRatio=4 -XX:AdaptiveSizePolicyWeight=90 -Dsun.zip.disableMemoryMapping=true -Xmx1G -Xms100m -Xlog:disable -javaagent:/home/ccon148/.vscode-server/extensions/redhat.java-1.32.0/lombok/lombok-1.18.33.jar -XX:+HeapDumpOnOutOfMemoryError -XX:HeapDumpPath=/home/ccon148/.vscode-server/data/User/workspaceStorage/8a67b5c0f7d6fdbb96bc9a034a3d6e9e/redhat.java -Daether.dependencyCollector.impl=bf /home/ccon148/.vscode-server/extensions/redhat.java-1.32.0/server/plugins/org.eclipse.equinox.launcher_1.6.900.v20240613-2009.jar -configuration /home/ccon148/.vscode-server/data/User/globalStorage/redhat.java/1.32.0/config_linux -data /home/ccon148/.vscode-server/data/User/workspaceStorage/8a67b5c0f7d6fdbb96bc9a034a3d6e9e/redhat.java/jdt_ws --pipe=/run/user/1000/lsp-39e25a01c0a342666393179a2a4fa483.sock

Host: 12th Gen Intel(R) Core(TM) i7-1265U, 12 cores, 15G, Ubuntu 22.04.4 LTS
Time: Fri Jul  5 08:09:28 2024 CEST elapsed time: 9.787515 seconds (0d 0h 0m 9s)

---------------  T H R E A D  ---------------

Current thread (0x00007f4b64007420):  GCTaskThread "GC Thread#8" [stack: 0x00007f4b0bcfe000,0x00007f4b0bdfe000] [id=1699]

Stack: [0x00007f4b0bcfe000,0x00007f4b0bdfe000],  sp=0x00007f4b0bdfcb70,  free space=1018k
Native frames: (J=compiled Java code, j=interpreted, Vv=VM code, C=native code)
V  [libjvm.so+0xc7ff31]  PSCardTable::scavenge_contents_parallel(ObjectStartArray*, MutableSpace*, HeapWordImpl**, PSPromotionManager*, unsigned int, unsigned int)+0xe61
V  [libjvm.so+0xca087d]  ScavengeRootsTask::work(unsigned int)+0x4cd
V  [libjvm.so+0xf1688f]  GangWorker::loop()+0x5f
V  [libjvm.so+0xf168ef]
V  [libjvm.so+0xe655d8]  Thread::call_run()+0xa8
V  [libjvm.so+0xc26851]  thread_native_entry(Thread*)+0xe1


siginfo: si_signo: 11 (SIGSEGV), si_code: 1 (SEGV_MAPERR), si_addr: 0x0000000000000008

Registers:
RAX=0x00007f4b8d87f320, RBX=0x00007f4b8c84e9a0, RCX=0x0000000000000003, RDX=0x0000000000000001
RSP=0x00007f4b0bdfcb70, RBP=0x00007f4b0bdfcc40, RSI=0x00007f4b7607e000, RDI=0x0000000000000000
R8 =0x00007f4b88041470, R9 =0x00000000c554fe00, R10=0x00007f4b8d8c63ad, R11=0x0000000000000000
R12=0x00000000c554fff8, R13=0x00007f4b88041470, R14=0x00000000c554fff0, R15=0x00007f4b88041470
RIP=0x00007f4b8d23ff31, EFLAGS=0x0000000000010246, CSGSFS=0x002b000000000033, ERR=0x0000000000000004
  TRAPNO=0x000000000000000e


Register to memory mapping:

RAX=0x00007f4b8d87f320: <offset 0x00000000012bf320> in /home/ccon148/.vscode-server/extensions/redhat.java-1.32.0/jre/17.0.11-linux-x86_64/lib/server/libjvm.so at 0x00007f4b8c5c0000
RBX=0x00007f4b8c84e9a0: <offset 0x000000000028e9a0> in /home/ccon148/.vscode-server/extensions/redhat.java-1.32.0/jre/17.0.11-linux-x86_64/lib/server/libjvm.so at 0x00007f4b8c5c0000
RCX=0x0000000000000003 is an unknown value
RDX=0x0000000000000001 is an unknown value
RSP=0x00007f4b0bdfcb70 points into unknown readable memory: 0x00007f4b0bdfcbf0 | f0 cb df 0b 4b 7f 00 00
RBP=0x00007f4b0bdfcc40 points into unknown readable memory: 0x00007f4b0bdfcd50 | 50 cd df 0b 4b 7f 00 00
RSI=0x00007f4b7607e000 points into unknown readable memory: 0x363dff22ff203e00 | 00 3e 20 ff 22 ff 3d 36
RDI=0x0 is NULL
R8 =0x00007f4b88041470 points into unknown readable memory: 0x0000000000000000 | 00 00 00 00 00 00 00 00
R9 =
[error occurred during error reporting (printing register info), id 0xb, SIGSEGV (0xb) at pc=0x00007f4b8d204d2c]

Top of Stack: (sp=0x00007f4b0bdfcb70)
0x00007f4b0bdfcb70:   00007f4b0bdfcbf0 00007f4b88041470
0x00007f4b0bdfcb80:   00007f4b761d4200 0000000000000200
0x00007f4b0bdfcb90:   00007f4b761d4000 00000000c8aa2d70
0x00007f4b0bdfcba0:   00007f4b761fea00 00007f4b88213e00
0x00007f4b0bdfcbb0:   0000000000000500 00007f4b761fea56
0x00007f4b0bdfcbc0:   00000000c554ac80 00007f4b76219517
0x00007f4b0bdfcbd0:   00007f4b761fe800 00000000c554fff0
0x00007f4b0bdfcbe0:   00007f4b88041470 00007f4b8803fa80
0x00007f4b0bdfcbf0:   00007f4b8d7d6e10 00007f4b880ab480
0x00007f4b0bdfcc00:   00007f4b88213e00 00000000eff67fe8
0x00007f4b0bdfcc10:   00000000c85b157c 00007f4b69bea4e0
0x00007f4b0bdfcc20:   00007f4b88213e00 0000000000000004
0x00007f4b0bdfcc30:   0000000000000004 00007f4b64007420
0x00007f4b0bdfcc40:   00007f4b0bdfcd50 00007f4b8d26087d
0x00007f4b0bdfcc50:   000000000000000a 00007f4b8d260844
0x00007f4b0bdfcc60:   00007f4b69bea520 00000000000003d8
0x00007f4b0bdfcc70:   00007f4b2c03bad8 00007f4b2c03b700
0x00007f4b0bdfcc80:   00007f4b64002240 00007f4b2c03b6f0
0x00007f4b0bdfcc90:   00007f4b69bea4e0 00007f4b8d99d122
0x00007f4b0bdfcca0:   000000040000000f 0000018988214480
0x00007f4b0bdfccb0:   00007f4b8803f9a0 0000000000000000
0x00007f4b0bdfccc0:   00007f4b8803f9a0 00007f4b0bdfcce0
0x00007f4b0bdfccd0:   fffffffeffffffff 00007f4b8d9a8c4e
0x00007f4b0bdfcce0:   00007f4b8d9a8bb0 00007f4b8803f9a0
0x00007f4b0bdfccf0:   00007f4b8d7d72c0 0000000000000000
0x00007f4b0bdfcd00:   0000000000000000 613c84c62ca97e00
0x00007f4b0bdfcd10:   0000000000000000 00007f4b8803f9a0
0x00007f4b0bdfcd20:   00007f4b0bdfcd50 00007f4b0bdfcd6c
0x00007f4b0bdfcd30:   00007f4b69bea4e0 0000000000000004
0x00007f4b0bdfcd40:   0000000000000001 00007f4b64007420
0x00007f4b0bdfcd50:   00007f4b0bdfcda0 00007f4b8d4d688f
0x00007f4b0bdfcd60:   0000000000000058 ffffffff64007a90 

Instructions: (pc=0x00007f4b8d23ff31)
0x00007f4b8d23fe31:   8d 0d 69 eb 60 ff 48 98 48 8d 1c c3 e9 d3 fd ff
0x00007f4b8d23fe41:   ff 49 89 f4 49 8b 40 78 49 8b 70 70 49 83 ec 08
0x00007f4b8d23fe51:   4c 89 e1 48 c1 e9 09 48 01 c1 48 8d 51 ff 48 39
0x00007f4b8d23fe61:   f1 0f 82 36 02 00 00 48 0f be 39 40 80 ff ff 0f
0x00007f4b8d23fe71:   84 cf 03 00 00 4d 89 e1 49 81 e1 00 fe ff ff 49
0x00007f4b8d23fe81:   8d 3c f9 48 89 7d 98 4c 3b 65 98 73 48 48 f7 d0
0x00007f4b8d23fe91:   48 01 c8 48 c1 e0 09 eb 13 49 8b 48 50 48 83 ea
0x00007f4b8d23fea1:   01 48 2d 00 02 00 00 49 39 cc 73 25 48 39 d6 77
0x00007f4b8d23feb1:   e8 48 0f be 0a 80 f9 ff 0f 84 42 02 00 00 48 8d
0x00007f4b8d23fec1:   0c c8 48 83 ea 01 48 2d 00 02 00 00 49 39 cc 72
0x00007f4b8d23fed1:   db 48 89 4d 98 41 0f b6 12 4c 8b 75 98 48 8d 1d
0x00007f4b8d23fee1:   bb ea 60 ff 4d 89 c5 eb 2b f6 c1 01 74 13 48 8b
0x00007f4b8d23fef1:   07 48 8b 80 00 01 00 00 48 39 d8 0f 85 a6 02 00
0x00007f4b8d23ff01:   00 89 c8 c1 f8 03 48 98 49 8d 04 c6 49 39 c4 72
0x00007f4b8d23ff11:   74 49 89 c6 84 d2 0f 84 f5 01 00 00 48 8d 05 fc
0x00007f4b8d23ff21:   f3 63 00 41 8b 7e 08 8b 48 08 48 d3 e7 48 03 38
0x00007f4b8d23ff31:   8b 4f 08 85 c9 7f b2 0f 84 dd 01 00 00 80 fa 01
0x00007f4b8d23ff41:   48 8d 35 e4 fd 63 00 48 19 c0 83 e0 04 8b 3e 49
0x00007f4b8d23ff51:   63 44 06 0c 48 d3 e0 48 89 c6 89 c8 8d 4f ff f7
0x00007f4b8d23ff61:   df c1 f8 10 48 63 c9 0f b6 c0 48 01 c8 48 63 cf
0x00007f4b8d23ff71:   48 01 f0 48 21 c8 48 c1 e8 03 48 98 49 8d 04 c6
0x00007f4b8d23ff81:   49 39 c4 73 8c 4c 89 75 98 4d 89 e8 84 d2 0f 84
0x00007f4b8d23ff91:   0a 02 00 00 48 8d 35 84 f3 63 00 41 8b 46 08 8b
0x00007f4b8d23ffa1:   4e 08 48 d3 e0 48 03 06 48 89 c7 8b 4f 08 85 c9
0x00007f4b8d23ffb1:   0f 8e 95 01 00 00 f6 c1 01 74 1a 48 8b 07 48 8d
0x00007f4b8d23ffc1:   15 da e9 60 ff 48 8b 80 00 01 00 00 48 39 d0 0f
0x00007f4b8d23ffd1:   85 a7 02 00 00 89 c8 48 8b 75 98 c1 f8 03 48 98
0x00007f4b8d23ffe1:   48 8d 04 c6 48 89 45 98 48 8b 75 a8 48 8b 45 98
0x00007f4b8d23fff1:   48 8b 56 40 48 c1 e8 09 4c 8d 64 02 01 48 8b 45
0x00007f4b8d240001:   88 4c 39 e0 4c 0f 42 e0 e9 77 f3 ff ff 48 89 de
0x00007f4b8d240011:   48 89 d7 ff d0 4c 8d 15 90 63 68 00 4c 8d 0d 7c
0x00007f4b8d240021:   e9 60 ff 48 98 48 8d 1c c3 e9 a2 f9 ff ff 41 0f 


Stack slot to memory mapping:
stack at sp + 0 slots: 0x00007f4b0bdfcbf0 points into unknown readable memory: 0x00007f4b8d7d6e10 | 10 6e 7d 8d 4b 7f 00 00
stack at sp + 1 slots: 0x00007f4b88041470 points into unknown readable memory: 0x0000000000000000 | 00 00 00 00 00 00 00 00
stack at sp + 2 slots: 0x00007f4b761d4200 points into unknown readable memory: 0xffffffffffffffff | ff ff ff ff ff ff ff ff
stack at sp + 3 slots: 0x0000000000000200 is an unknown value
stack at sp + 4 slots: 0x00007f4b761d4000 points into unknown readable memory: 0xffffffffffffffff | ff ff ff ff ff ff ff ff
stack at sp + 5 slots: 0x00000000c8aa2d70 is an oop: java.lang.String 
{0x00000000c8aa2d70} - klass: 'java/lang/String'
 - string: "Exception defining lambda proxy class"
stack at sp + 6 slots: 0x00007f4b761fea00 points into unknown readable memory: 0xffffffffffffffff | ff ff ff ff ff ff ff ff
stack at sp + 7 slots: 0x00007f4b88213e00 points into unknown readable memory: 0x00007f4b8d8761e0 | e0 61 87 8d 4b 7f 00 00


---------------  P R O C E S S  ---------------

Threads class SMR info:
_java_thread_list=0x00007f4a8408bad0, length=40, elements={
0x00007f4b880283d0, 0x00007f4b88229890, 0x00007f4b8822ae10, 0x00007f4b88254cf0,
0x00007f4b882585e0, 0x00007f4b88259580, 0x00007f4b8825abe0, 0x00007f4b8825c0a0,
0x00007f4b882654e0, 0x00007f4b882d33e0, 0x00007f4b440a85f0, 0x00007f4b883be010,
0x00007f4b88620800, 0x00007f4b885ef780, 0x00007f4b885f2360, 0x00007f4b103ab1f0,
0x00007f4b10494360, 0x00007f4b104ee840, 0x00007f4b105d5aa0, 0x00007f4b1067e800,
0x00007f4b10689cb0, 0x00007f4ae8001f40, 0x00007f4b443ff080, 0x00007f4b10a6fc40,
0x00007f4b886a9f30, 0x00007f4b88727150, 0x00007f4b88728b00, 0x00007f4ae80110f0,
0x00007f4ad42f60a0, 0x00007f4ad42f75e0, 0x00007f4ad44413b0, 0x00007f4ad44434e0,
0x00007f4ad4445400, 0x00007f4ad44464f0, 0x00007f4ad44475e0, 0x00007f4ad4448b00,
0x00007f4aa4000ff0, 0x00007f4aa0014b30, 0x00007f4ad444a850, 0x00007f4a8408e8f0
}

Java Threads: ( => current thread )
  0x00007f4b880283d0 JavaThread "main" [_thread_blocked, id=1624, stack(0x00007f4b8c3d4000,0x00007f4b8c4d4000)]
  0x00007f4b88229890 JavaThread "Reference Handler" daemon [_thread_blocked, id=1630, stack(0x00007f4b699eb000,0x00007f4b69aeb000)]
  0x00007f4b8822ae10 JavaThread "Finalizer" daemon [_thread_blocked, id=1631, stack(0x00007f4b698ea000,0x00007f4b699ea000)]
  0x00007f4b88254cf0 JavaThread "Signal Dispatcher" daemon [_thread_blocked, id=1632, stack(0x00007f4b697e9000,0x00007f4b698e9000)]
  0x00007f4b882585e0 JavaThread "Service Thread" daemon [_thread_blocked, id=1633, stack(0x00007f4b696e8000,0x00007f4b697e8000)]
  0x00007f4b88259580 JavaThread "Monitor Deflation Thread" daemon [_thread_blocked, id=1634, stack(0x00007f4b695e7000,0x00007f4b696e7000)]
  0x00007f4b8825abe0 JavaThread "C2 CompilerThread0" daemon [_thread_blocked, id=1635, stack(0x00007f4b694e6000,0x00007f4b695e6000)]
  0x00007f4b8825c0a0 JavaThread "C1 CompilerThread0" daemon [_thread_blocked, id=1636, stack(0x00007f4b693e5000,0x00007f4b694e5000)]
  0x00007f4b882654e0 JavaThread "Sweeper thread" daemon [_thread_blocked, id=1637, stack(0x00007f4b692e4000,0x00007f4b693e4000)]
  0x00007f4b882d33e0 JavaThread "Common-Cleaner" daemon [_thread_blocked, id=1649, stack(0x00007f4b691e3000,0x00007f4b692e3000)]
  0x00007f4b440a85f0 JavaThread "C2 CompilerThread1" daemon [_thread_blocked, id=1653, stack(0x00007f4b690e2000,0x00007f4b691e2000)]
  0x00007f4b883be010 JavaThread "Notification Thread" daemon [_thread_blocked, id=1660, stack(0x00007f4b68fe1000,0x00007f4b690e1000)]
  0x00007f4b88620800 JavaThread "Active Thread: Equinox Container: 1234d4fb-0f7d-4066-b3d3-1200eec805ca" [_thread_blocked, id=1681, stack(0x00007f4b686d8000,0x00007f4b687d8000)]
  0x00007f4b885ef780 JavaThread "Framework Event Dispatcher: Equinox Container: 1234d4fb-0f7d-4066-b3d3-1200eec805ca" daemon [_thread_blocked, id=1685, stack(0x00007f4b685d7000,0x00007f4b686d7000)]
  0x00007f4b885f2360 JavaThread "Start Level: Equinox Container: 1234d4fb-0f7d-4066-b3d3-1200eec805ca" daemon [_thread_blocked, id=1686, stack(0x00007f4b684d6000,0x00007f4b685d6000)]
  0x00007f4b103ab1f0 JavaThread "Bundle File Closer" daemon [_thread_blocked, id=1692, stack(0x00007f4b0bf00000,0x00007f4b0c000000)]
  0x00007f4b10494360 JavaThread "SCR Component Actor" daemon [_thread_blocked, id=1697, stack(0x00007f4b0bdff000,0x00007f4b0beff000)]
  0x00007f4b104ee840 JavaThread "SCR Component Registry" daemon [_thread_blocked, id=1701, stack(0x00007f4b0bafc000,0x00007f4b0bbfc000)]
  0x00007f4b105d5aa0 JavaThread "Worker-JM" [_thread_blocked, id=1703, stack(0x00007f4b68ddf000,0x00007f4b68edf000)]
  0x00007f4b1067e800 JavaThread "Worker-0" [_thread_blocked, id=1712, stack(0x00007f4b0b9fb000,0x00007f4b0bafb000)]
  0x00007f4b10689cb0 JavaThread "Worker-1" [_thread_blocked, id=1713, stack(0x00007f4b0b8fa000,0x00007f4b0b9fa000)]
  0x00007f4ae8001f40 JavaThread "Worker-2" [_thread_blocked, id=1714, stack(0x00007f4b0b7f9000,0x00007f4b0b8f9000)]
  0x00007f4b443ff080 JavaThread "C2 CompilerThread2" daemon [_thread_blocked, id=1721, stack(0x00007f4b0b6f8000,0x00007f4b0b7f8000)]
  0x00007f4b10a6fc40 JavaThread "Java indexing" daemon [_thread_blocked, id=1724, stack(0x00007f4b0b199000,0x00007f4b0b299000)]
  0x00007f4b886a9f30 JavaThread "pool-2-thread-1" [_thread_blocked, id=1727, stack(0x00007f4b0b5f7000,0x00007f4b0b6f7000)]
  0x00007f4b88727150 JavaThread "WorkspaceEventsHandler" [_thread_blocked, id=1728, stack(0x00007f4b0b4f6000,0x00007f4b0b5f6000)]
  0x00007f4b88728b00 JavaThread "pool-1-thread-1" [_thread_in_native, id=1729, stack(0x00007f4b0b3f5000,0x00007f4b0b4f5000)]
  0x00007f4ae80110f0 JavaThread "Worker-3" [_thread_blocked, id=1732, stack(0x00007f4b0b2f4000,0x00007f4b0b3f4000)]
  0x00007f4ad42f60a0 JavaThread "ForkJoinPool.commonPool-worker-1" daemon [_thread_blocked, id=1761, stack(0x00007f4b0ae47000,0x00007f4b0af47000)]
  0x00007f4ad42f75e0 JavaThread "ForkJoinPool.commonPool-worker-2" daemon [_thread_blocked, id=1762, stack(0x00007f4b0ad46000,0x00007f4b0ae46000)]
  0x00007f4ad44413b0 JavaThread "ForkJoinPool.commonPool-worker-3" daemon [_thread_blocked, id=1764, stack(0x00007f4b0ac45000,0x00007f4b0ad45000)]
  0x00007f4ad44434e0 JavaThread "ForkJoinPool.commonPool-worker-4" daemon [_thread_blocked, id=1765, stack(0x00007f4b0ab44000,0x00007f4b0ac44000)]
  0x00007f4ad4445400 JavaThread "ForkJoinPool.commonPool-worker-5" daemon [_thread_blocked, id=1766, stack(0x00007f4b0aa43000,0x00007f4b0ab43000)]
  0x00007f4ad44464f0 JavaThread "ForkJoinPool.commonPool-worker-6" daemon [_thread_blocked, id=1773, stack(0x00007f4b0b098000,0x00007f4b0b198000)]
  0x00007f4ad44475e0 JavaThread "ForkJoinPool.commonPool-worker-7" daemon [_thread_blocked, id=1774, stack(0x00007f4b0af97000,0x00007f4b0b097000)]
  0x00007f4ad4448b00 JavaThread "ForkJoinPool.commonPool-worker-8" daemon [_thread_blocked, id=1781, stack(0x00007f4b0a68f000,0x00007f4b0a78f000)]
  0x00007f4aa4000ff0 JavaThread "ForkJoinPool.commonPool-worker-9" daemon [_thread_blocked, id=1786, stack(0x00007f4b0a58e000,0x00007f4b0a68e000)]
  0x00007f4aa0014b30 JavaThread "ForkJoinPool.commonPool-worker-10" daemon [_thread_blocked, id=1858, stack(0x00007f4b0a942000,0x00007f4b0aa42000)]
  0x00007f4ad444a850 JavaThread "ForkJoinPool.commonPool-worker-11" daemon [_thread_blocked, id=1884, stack(0x00007f4b0a089000,0x00007f4b0a189000)]
  0x00007f4a8408e8f0 JavaThread "Cleaner-0" daemon [_thread_blocked, id=1919, stack(0x00007f4b09f88000,0x00007f4b0a088000)]

Other Threads:
  0x00007f4b88069490 VMThread "VM Thread" [stack: 0x00007f4b69aec000,0x00007f4b69bec000] [id=1628]
  0x00007f4b88361b60 WatcherThread [stack: 0x00007f4b68ee0000,0x00007f4b68fe0000] [id=1661]
  0x00007f4b8803fc70 GCTaskThread "GC Thread#0" [stack: 0x00007f4b8c093000,0x00007f4b8c193000] [id=1625]
  0x00007f4b64001270 GCTaskThread "GC Thread#1" [stack: 0x00007f4b68cde000,0x00007f4b68dde000] [id=1671]
  0x00007f4b64002ec0 GCTaskThread "GC Thread#2" [stack: 0x00007f4b68bdd000,0x00007f4b68cdd000] [id=1672]
  0x00007f4b640038d0 GCTaskThread "GC Thread#3" [stack: 0x00007f4b68adc000,0x00007f4b68bdc000] [id=1673]
  0x00007f4b640042e0 GCTaskThread "GC Thread#4" [stack: 0x00007f4b689db000,0x00007f4b68adb000] [id=1674]
  0x00007f4b64004cf0 GCTaskThread "GC Thread#5" [stack: 0x00007f4b688da000,0x00007f4b689da000] [id=1675]
  0x00007f4b64005740 GCTaskThread "GC Thread#6" [stack: 0x00007f4b687d9000,0x00007f4b688d9000] [id=1676]
  0x00007f4b64006690 GCTaskThread "GC Thread#7" [stack: 0x00007f4b68100000,0x00007f4b68200000] [id=1687]
=>0x00007f4b64007420 GCTaskThread "GC Thread#8" [stack: 0x00007f4b0bcfe000,0x00007f4b0bdfe000] [id=1699]
  0x00007f4b64007d20 GCTaskThread "GC Thread#9" [stack: 0x00007f4b0bbfd000,0x00007f4b0bcfd000] [id=1700]

Threads with active compile tasks:
C2 CompilerThread0     9792 11182 %     4       java.util.Properties::load0 @ 29 (249 bytes)
C2 CompilerThread1     9792 10800 %     4       org.eclipse.jdt.internal.compiler.lookup.BinaryTypeBinding::createMethod @ 222 (1724 bytes)
C2 CompilerThread2     9792 9704   !   4       org.eclipse.jdt.internal.core.NameLookup::getModuleDescription (232 bytes)

VM state: at safepoint (normal execution)

VM Mutex/Monitor currently owned by a thread:  ([mutex/lock_event])
[0x00007f4b88025140] Threads_lock - owner thread: 0x00007f4b88069490
[0x00007f4b880258f0] Heap_lock - owner thread: 0x00007f4ad444a850

Heap address: 0x00000000c0000000, size: 1024 MB, Compressed Oops mode: 32-bit

CDS archive(s) not mapped
Compressed class space mapped at: 0x0000000100000000-0x0000000140000000, reserved size: 1073741824
Narrow klass base: 0x0000000000000000, Narrow klass shift: 3, Narrow klass range: 0x140000000

GC Precious Log:
 CPUs: 12 total, 12 available
 Memory: 15841M
 Large Page Support: Disabled
 NUMA Support: Disabled
 Compressed Oops: Enabled (32-bit)
 Alignments: Space 512K, Generation 512K, Heap 2M
 Heap Min Capacity: 100M
 Heap Initial Capacity: 100M
 Heap Max Capacity: 1G
 Pre-touch: Disabled
 Parallel Workers: 10

Heap:
 PSYoungGen      total 80384K, used 80120K [0x00000000eab00000, 0x00000000f0200000, 0x0000000100000000)
  eden space 74752K, 100% used [0x00000000eab00000,0x00000000ef400000,0x00000000ef400000)
  from space 5632K, 95% used [0x00000000efc80000,0x00000000f01be190,0x00000000f0200000)
  to   space 6656K, 69% used [0x00000000ef500000,0x00000000ef97f5a8,0x00000000efb80000)
 ParOldGen       total 166912K, used 141971K [0x00000000c0000000, 0x00000000ca300000, 0x00000000eab00000)
  object space 166912K, 85% used [0x00000000c0000000,0x00000000c8aa4d70,0x00000000ca300000)
 Metaspace       used 77061K, committed 78528K, reserved 1179648K
  class space    used 8233K, committed 8896K, reserved 1048576K

Card table byte_map: [0x00007f4b761d4000,0x00007f4b763d5000] _byte_map_base: 0x00007f4b75bd4000

Marking Bits: (ParMarkBitMap*) 0x00007f4b8d8e2400
 Begin Bits: [0x00007f4b7407e000, 0x00007f4b7507e000)
 End Bits:   [0x00007f4b7507e000, 0x00007f4b7607e000)

Polling page: 0x00007f4b8db44000

Metaspace:

Usage:
  Non-class:     67.21 MB used.
      Class:      8.04 MB used.
       Both:     75.26 MB used.

Virtual space:
  Non-class space:      128.00 MB reserved,      68.00 MB ( 53%) committed,  2 nodes.
      Class space:        1.00 GB reserved,       8.69 MB ( <1%) committed,  1 nodes.
             Both:        1.12 GB reserved,      76.69 MB (  7%) committed. 

Chunk freelists:
   Non-Class:  11.80 MB
       Class:  7.17 MB
        Both:  18.97 MB

MaxMetaspaceSize: unlimited
CompressedClassSpaceSize: 1.00 GB
Initial GC threshold: 21.00 MB
Current GC threshold: 115.31 MB
CDS: off
MetaspaceReclaimPolicy: balanced
 - commit_granule_bytes: 65536.
 - commit_granule_words: 8192.
 - virtual_space_node_default_size: 8388608.
 - enlarge_chunks_in_place: 1.
 - new_chunks_are_fully_committed: 0.
 - uncommit_free_chunks: 1.
 - use_allocation_guard: 0.
 - handle_deallocations: 1.


Internal statistics:

num_allocs_failed_limit: 9.
num_arena_births: 932.
num_arena_deaths: 18.
num_vsnodes_births: 3.
num_vsnodes_deaths: 0.
num_space_committed: 1227.
num_space_uncommitted: 0.
num_chunks_returned_to_freelist: 28.
num_chunks_taken_from_freelist: 4041.
num_chunk_merges: 8.
num_chunk_splits: 2508.
num_chunks_enlarged: 1428.
num_inconsistent_stats: 0.

CodeHeap 'non-profiled nmethods': size=120028Kb used=5350Kb max_used=5350Kb free=114677Kb
 bounds [0x00007f4b7de9e000, 0x00007f4b7e3de000, 0x00007f4b853d5000]
CodeHeap 'profiled nmethods': size=120028Kb used=19984Kb max_used=19984Kb free=100043Kb
 bounds [0x00007f4b763d5000, 0x00007f4b77765000, 0x00007f4b7d90c000]
CodeHeap 'non-nmethods': size=5704Kb used=1378Kb max_used=1436Kb free=4325Kb
 bounds [0x00007f4b7d90c000, 0x00007f4b7db7c000, 0x00007f4b7de9e000]
 total_blobs=10320 nmethods=9590 adapters=645
 compilation: enabled
              stopped_count=0, restarted_count=0
 full_count=0

Compilation events (20 events):
Event: 9.759 Thread 0x00007f4b443ff080 nmethod 10595 0x00007f4b7e3d5e10 code [0x00007f4b7e3d5fa0, 0x00007f4b7e3d60d8]
Event: 9.759 Thread 0x00007f4b443ff080 9704   !   4       org.eclipse.jdt.internal.core.NameLookup::getModuleDescription (232 bytes)
Event: 9.766 Thread 0x00007f4b8825c0a0 11174       2       java.lang.invoke.DirectMethodHandle$Holder::invokeStatic (22 bytes)
Event: 9.766 Thread 0x00007f4b8825c0a0 nmethod 11174 0x00007f4b77755e90 code [0x00007f4b77756040, 0x00007f4b77756190]
Event: 9.767 Thread 0x00007f4b8825c0a0 11175       2       java.lang.invoke.InnerClassLambdaMetafactory::generateConstructor (151 bytes)
Event: 9.768 Thread 0x00007f4b8825c0a0 nmethod 11175 0x00007f4b77756290 code [0x00007f4b77756500, 0x00007f4b77756b60]
Event: 9.768 Thread 0x00007f4b8825c0a0 11178       2       java.util.regex.Pattern$Branch::study (162 bytes)
Event: 9.768 Thread 0x00007f4b8825c0a0 nmethod 11178 0x00007f4b77757010 code [0x00007f4b777571e0, 0x00007f4b777574f0]
Event: 9.768 Thread 0x00007f4b8825c0a0 11176       2       java.lang.invoke.MethodHandles$Lookup$ClassDefiner::defineClassAsLookup (19 bytes)
Event: 9.768 Thread 0x00007f4b8825c0a0 nmethod 11176 0x00007f4b77757710 code [0x00007f4b777578c0, 0x00007f4b77757a70]
Event: 9.768 Thread 0x00007f4b8825c0a0 11177       2       jdk.internal.misc.VM::isSupportedClassFileVersion (39 bytes)
Event: 9.768 Thread 0x00007f4b8825c0a0 nmethod 11177 0x00007f4b77757b90 code [0x00007f4b77757d40, 0x00007f4b77757ed0]
Event: 9.769 Thread 0x00007f4b8825c0a0 11179       2       java.lang.invoke.LambdaProxyClassArchive::find (63 bytes)
Event: 9.769 Thread 0x00007f4b8825c0a0 nmethod 11179 0x00007f4b77757f90 code [0x00007f4b77758140, 0x00007f4b77758350]
Event: 9.769 Thread 0x00007f4b8825c0a0 11180       2       java.lang.invoke.LambdaProxyClassArchive::loadedByBuiltinLoader (22 bytes)
Event: 9.770 Thread 0x00007f4b8825c0a0 nmethod 11180 0x00007f4b77758510 code [0x00007f4b777586e0, 0x00007f4b777589f0]
Event: 9.770 Thread 0x00007f4b8825c0a0 11181       2       java.lang.invoke.InnerClassLambdaMetafactory::spinInnerClass (118 bytes)
Event: 9.770 Thread 0x00007f4b8825c0a0 nmethod 11181 0x00007f4b77758c90 code [0x00007f4b77758e40, 0x00007f4b77759010]
Event: 9.775 Thread 0x00007f4b8825abe0 nmethod 11173 0x00007f4b7e3d6210 code [0x00007f4b7e3d6420, 0x00007f4b7e3d70f8]
Event: 9.775 Thread 0x00007f4b8825abe0 11182 %     4       java.util.Properties::load0 @ 29 (249 bytes)

GC Heap History (20 events):
Event: 8.479 GC heap after
{Heap after GC invocations=57 (full 6):
 PSYoungGen      total 58880K, used 6439K [0x00000000eab00000, 0x00000000ef100000, 0x0000000100000000)
  eden space 52224K, 0% used [0x00000000eab00000,0x00000000eab00000,0x00000000ede00000)
  from space 6656K, 96% used [0x00000000ede00000,0x00000000ee449cf8,0x00000000ee480000)
  to   space 7168K, 0% used [0x00000000eea00000,0x00000000eea00000,0x00000000ef100000)
 ParOldGen       total 166912K, used 110699K [0x00000000c0000000, 0x00000000ca300000, 0x00000000eab00000)
  object space 166912K, 66% used [0x00000000c0000000,0x00000000c6c1ac90,0x00000000ca300000)
 Metaspace       used 69574K, committed 70848K, reserved 1114112K
  class space    used 7467K, committed 8064K, reserved 1048576K
}
Event: 8.520 GC heap before
{Heap before GC invocations=58 (full 6):
 PSYoungGen      total 58880K, used 58663K [0x00000000eab00000, 0x00000000ef100000, 0x0000000100000000)
  eden space 52224K, 100% used [0x00000000eab00000,0x00000000ede00000,0x00000000ede00000)
  from space 6656K, 96% used [0x00000000ede00000,0x00000000ee449cf8,0x00000000ee480000)
  to   space 7168K, 0% used [0x00000000eea00000,0x00000000eea00000,0x00000000ef100000)
 ParOldGen       total 166912K, used 110699K [0x00000000c0000000, 0x00000000ca300000, 0x00000000eab00000)
  object space 166912K, 66% used [0x00000000c0000000,0x00000000c6c1ac90,0x00000000ca300000)
 Metaspace       used 69598K, committed 70912K, reserved 1114112K
  class space    used 7468K, committed 8064K, reserved 1048576K
}
Event: 8.528 GC heap after
{Heap after GC invocations=58 (full 6):
 PSYoungGen      total 56320K, used 7161K [0x00000000eab00000, 0x00000000f0180000, 0x0000000100000000)
  eden space 49152K, 0% used [0x00000000eab00000,0x00000000eab00000,0x00000000edb00000)
  from space 7168K, 99% used [0x00000000eea00000,0x00000000ef0fe6f8,0x00000000ef100000)
  to   space 15360K, 0% used [0x00000000edb00000,0x00000000edb00000,0x00000000eea00000)
 ParOldGen       total 166912K, used 117178K [0x00000000c0000000, 0x00000000ca300000, 0x00000000eab00000)
  object space 166912K, 70% used [0x00000000c0000000,0x00000000c726e848,0x00000000ca300000)
 Metaspace       used 69598K, committed 70912K, reserved 1114112K
  class space    used 7468K, committed 8064K, reserved 1048576K
}
Event: 8.554 GC heap before
{Heap before GC invocations=59 (full 6):
 PSYoungGen      total 56320K, used 56313K [0x00000000eab00000, 0x00000000f0180000, 0x0000000100000000)
  eden space 49152K, 100% used [0x00000000eab00000,0x00000000edb00000,0x00000000edb00000)
  from space 7168K, 99% used [0x00000000eea00000,0x00000000ef0fe6f8,0x00000000ef100000)
  to   space 15360K, 0% used [0x00000000edb00000,0x00000000edb00000,0x00000000eea00000)
 ParOldGen       total 166912K, used 117178K [0x00000000c0000000, 0x00000000ca300000, 0x00000000eab00000)
  object space 166912K, 70% used [0x00000000c0000000,0x00000000c726e848,0x00000000ca300000)
 Metaspace       used 69630K, committed 70976K, reserved 1114112K
  class space    used 7468K, committed 8064K, reserved 1048576K
}
Event: 8.559 GC heap after
{Heap after GC invocations=59 (full 6):
 PSYoungGen      total 56320K, used 6682K [0x00000000eab00000, 0x00000000ef280000, 0x0000000100000000)
  eden space 49152K, 0% used [0x00000000eab00000,0x00000000eab00000,0x00000000edb00000)
  from space 7168K, 93% used [0x00000000edb00000,0x00000000ee1868a8,0x00000000ee200000)
  to   space 9216K, 0% used [0x00000000ee980000,0x00000000ee980000,0x00000000ef280000)
 ParOldGen       total 166912K, used 121687K [0x00000000c0000000, 0x00000000ca300000, 0x00000000eab00000)
  object space 166912K, 72% used [0x00000000c0000000,0x00000000c76d5dc8,0x00000000ca300000)
 Metaspace       used 69630K, committed 70976K, reserved 1114112K
  class space    used 7468K, committed 8064K, reserved 1048576K
}
Event: 8.595 GC heap before
{Heap before GC invocations=60 (full 6):
 PSYoungGen      total 56320K, used 55834K [0x00000000eab00000, 0x00000000ef280000, 0x0000000100000000)
  eden space 49152K, 100% used [0x00000000eab00000,0x00000000edb00000,0x00000000edb00000)
  from space 7168K, 93% used [0x00000000edb00000,0x00000000ee1868a8,0x00000000ee200000)
  to   space 9216K, 0% used [0x00000000ee980000,0x00000000ee980000,0x00000000ef280000)
 ParOldGen       total 166912K, used 121687K [0x00000000c0000000, 0x00000000ca300000, 0x00000000eab00000)
  object space 166912K, 72% used [0x00000000c0000000,0x00000000c76d5dc8,0x00000000ca300000)
 Metaspace       used 69675K, committed 70976K, reserved 1114112K
  class space    used 7469K, committed 8064K, reserved 1048576K
}
Event: 8.599 GC heap after
{Heap after GC invocations=60 (full 6):
 PSYoungGen      total 60928K, used 6047K [0x00000000eab00000, 0x00000000eef80000, 0x0000000100000000)
  eden space 54784K, 0% used [0x00000000eab00000,0x00000000eab00000,0x00000000ee080000)
  from space 6144K, 98% used [0x00000000ee980000,0x00000000eef67c60,0x00000000eef80000)
  to   space 7168K, 0% used [0x00000000ee180000,0x00000000ee180000,0x00000000ee880000)
 ParOldGen       total 166912K, used 123757K [0x00000000c0000000, 0x00000000ca300000, 0x00000000eab00000)
  object space 166912K, 74% used [0x00000000c0000000,0x00000000c78db470,0x00000000ca300000)
 Metaspace       used 69675K, committed 70976K, reserved 1114112K
  class space    used 7469K, committed 8064K, reserved 1048576K
}
Event: 8.631 GC heap before
{Heap before GC invocations=61 (full 6):
 PSYoungGen      total 60928K, used 60831K [0x00000000eab00000, 0x00000000eef80000, 0x0000000100000000)
  eden space 54784K, 100% used [0x00000000eab00000,0x00000000ee080000,0x00000000ee080000)
  from space 6144K, 98% used [0x00000000ee980000,0x00000000eef67c60,0x00000000eef80000)
  to   space 7168K, 0% used [0x00000000ee180000,0x00000000ee180000,0x00000000ee880000)
 ParOldGen       total 166912K, used 123760K [0x00000000c0000000, 0x00000000ca300000, 0x00000000eab00000)
  object space 166912K, 74% used [0x00000000c0000000,0x00000000c78dc000,0x00000000ca300000)
 Metaspace       used 69752K, committed 71040K, reserved 1114112K
  class space    used 7469K, committed 8064K, reserved 1048576K
}
Event: 8.635 GC heap after
{Heap after GC invocations=61 (full 6):
 PSYoungGen      total 62976K, used 7151K [0x00000000eab00000, 0x00000000ef980000, 0x0000000100000000)
  eden space 55808K, 0% used [0x00000000eab00000,0x00000000eab00000,0x00000000ee180000)
  from space 7168K, 99% used [0x00000000ee180000,0x00000000ee87bc30,0x00000000ee880000)
  to   space 9728K, 0% used [0x00000000ef000000,0x00000000ef000000,0x00000000ef980000)
 ParOldGen       total 166912K, used 125432K [0x00000000c0000000, 0x00000000ca300000, 0x00000000eab00000)
  object space 166912K, 75% used [0x00000000c0000000,0x00000000c7a7e000,0x00000000ca300000)
 Metaspace       used 69752K, committed 71040K, reserved 1114112K
  class space    used 7469K, committed 8064K, reserved 1048576K
}
Event: 8.682 GC heap before
{Heap before GC invocations=62 (full 6):
 PSYoungGen      total 62976K, used 62959K [0x00000000eab00000, 0x00000000ef980000, 0x0000000100000000)
  eden space 55808K, 100% used [0x00000000eab00000,0x00000000ee180000,0x00000000ee180000)
  from space 7168K, 99% used [0x00000000ee180000,0x00000000ee87bc30,0x00000000ee880000)
  to   space 9728K, 0% used [0x00000000ef000000,0x00000000ef000000,0x00000000ef980000)
 ParOldGen       total 166912K, used 125432K [0x00000000c0000000, 0x00000000ca300000, 0x00000000eab00000)
  object space 166912K, 75% used [0x00000000c0000000,0x00000000c7a7e3c8,0x00000000ca300000)
 Metaspace       used 69897K, committed 71232K, reserved 1114112K
  class space    used 7482K, committed 8128K, reserved 1048576K
}
Event: 8.689 GC heap after
{Heap after GC invocations=62 (full 6):
 PSYoungGen      total 67072K, used 5919K [0x00000000eab00000, 0x00000000ef600000, 0x0000000100000000)
  eden space 60928K, 0% used [0x00000000eab00000,0x00000000eab00000,0x00000000ee680000)
  from space 6144K, 96% used [0x00000000ef000000,0x00000000ef5c7fc0,0x00000000ef600000)
  to   space 7168K, 0% used [0x00000000ee800000,0x00000000ee800000,0x00000000eef00000)
 ParOldGen       total 166912K, used 129677K [0x00000000c0000000, 0x00000000ca300000, 0x00000000eab00000)
  object space 166912K, 77% used [0x00000000c0000000,0x00000000c7ea3458,0x00000000ca300000)
 Metaspace       used 69897K, committed 71232K, reserved 1114112K
  class space    used 7482K, committed 8128K, reserved 1048576K
}
Event: 8.775 GC heap before
{Heap before GC invocations=63 (full 6):
 PSYoungGen      total 67072K, used 66847K [0x00000000eab00000, 0x00000000ef600000, 0x0000000100000000)
  eden space 60928K, 100% used [0x00000000eab00000,0x00000000ee680000,0x00000000ee680000)
  from space 6144K, 96% used [0x00000000ef000000,0x00000000ef5c7fc0,0x00000000ef600000)
  to   space 7168K, 0% used [0x00000000ee800000,0x00000000ee800000,0x00000000eef00000)
 ParOldGen       total 166912K, used 129678K [0x00000000c0000000, 0x00000000ca300000, 0x00000000eab00000)
  object space 166912K, 77% used [0x00000000c0000000,0x00000000c7ea3a28,0x00000000ca300000)
 Metaspace       used 70107K, committed 71424K, reserved 1114112K
  class space    used 7500K, committed 8128K, reserved 1048576K
}
Event: 8.784 GC heap after
{Heap after GC invocations=63 (full 6):
 PSYoungGen      total 69632K, used 7139K [0x00000000eab00000, 0x00000000f0400000, 0x0000000100000000)
  eden space 62464K, 0% used [0x00000000eab00000,0x00000000eab00000,0x00000000ee800000)
  from space 7168K, 99% used [0x00000000ee800000,0x00000000eeef8cc0,0x00000000eef00000)
  to   space 11776K, 0% used [0x00000000ef880000,0x00000000ef880000,0x00000000f0400000)
 ParOldGen       total 166912K, used 133040K [0x00000000c0000000, 0x00000000ca300000, 0x00000000eab00000)
  object space 166912K, 79% used [0x00000000c0000000,0x00000000c81ec308,0x00000000ca300000)
 Metaspace       used 70107K, committed 71424K, reserved 1114112K
  class space    used 7500K, committed 8128K, reserved 1048576K
}
Event: 8.906 GC heap before
{Heap before GC invocations=64 (full 6):
 PSYoungGen      total 69632K, used 69603K [0x00000000eab00000, 0x00000000f0400000, 0x0000000100000000)
  eden space 62464K, 99% used [0x00000000eab00000,0x00000000ee7ffff0,0x00000000ee800000)
  from space 7168K, 99% used [0x00000000ee800000,0x00000000eeef8cc0,0x00000000eef00000)
  to   space 11776K, 0% used [0x00000000ef880000,0x00000000ef880000,0x00000000f0400000)
 ParOldGen       total 166912K, used 133040K [0x00000000c0000000, 0x00000000ca300000, 0x00000000eab00000)
  object space 166912K, 79% used [0x00000000c0000000,0x00000000c81ec308,0x00000000ca300000)
 Metaspace       used 70788K, committed 72128K, reserved 1114112K
  class space    used 7580K, committed 8192K, reserved 1048576K
}
Event: 8.913 GC heap after
{Heap after GC invocations=64 (full 6):
 PSYoungGen      total 74240K, used 5322K [0x00000000eab00000, 0x00000000efe00000, 0x0000000100000000)
  eden space 68608K, 0% used [0x00000000eab00000,0x00000000eab00000,0x00000000eee00000)
  from space 5632K, 94% used [0x00000000ef880000,0x00000000efdb2910,0x00000000efe00000)
  to   space 7680K, 0% used [0x00000000eef00000,0x00000000eef00000,0x00000000ef680000)
 ParOldGen       total 166912K, used 136892K [0x00000000c0000000, 0x00000000ca300000, 0x00000000eab00000)
  object space 166912K, 82% used [0x00000000c0000000,0x00000000c85af2c0,0x00000000ca300000)
 Metaspace       used 70788K, committed 72128K, reserved 1114112K
  class space    used 7580K, committed 8192K, reserved 1048576K
}
Event: 9.183 GC heap before
{Heap before GC invocations=65 (full 6):
 PSYoungGen      total 74240K, used 73930K [0x00000000eab00000, 0x00000000efe00000, 0x0000000100000000)
  eden space 68608K, 100% used [0x00000000eab00000,0x00000000eee00000,0x00000000eee00000)
  from space 5632K, 94% used [0x00000000ef880000,0x00000000efdb2910,0x00000000efe00000)
  to   space 7680K, 0% used [0x00000000eef00000,0x00000000eef00000,0x00000000ef680000)
 ParOldGen       total 166912K, used 136892K [0x00000000c0000000, 0x00000000ca300000, 0x00000000eab00000)
  object space 166912K, 82% used [0x00000000c0000000,0x00000000c85af2c0,0x00000000ca300000)
 Metaspace       used 73533K, committed 74880K, reserved 1179648K
  class space    used 7898K, committed 8512K, reserved 1048576K
}
Event: 9.189 GC heap after
{Heap after GC invocations=65 (full 6):
 PSYoungGen      total 77312K, used 7658K [0x00000000eab00000, 0x00000000f0580000, 0x0000000100000000)
  eden space 69632K, 0% used [0x00000000eab00000,0x00000000eab00000,0x00000000eef00000)
  from space 7680K, 99% used [0x00000000eef00000,0x00000000ef67a900,0x00000000ef680000)
  to   space 9216K, 0% used [0x00000000efc80000,0x00000000efc80000,0x00000000f0580000)
 ParOldGen       total 166912K, used 137529K [0x00000000c0000000, 0x00000000ca300000, 0x00000000eab00000)
  object space 166912K, 82% used [0x00000000c0000000,0x00000000c864e4e0,0x00000000ca300000)
 Metaspace       used 73533K, committed 74880K, reserved 1179648K
  class space    used 7898K, committed 8512K, reserved 1048576K
}
Event: 9.447 GC heap before
{Heap before GC invocations=66 (full 6):
 PSYoungGen      total 77312K, used 77290K [0x00000000eab00000, 0x00000000f0580000, 0x0000000100000000)
  eden space 69632K, 100% used [0x00000000eab00000,0x00000000eef00000,0x00000000eef00000)
  from space 7680K, 99% used [0x00000000eef00000,0x00000000ef67a900,0x00000000ef680000)
  to   space 9216K, 0% used [0x00000000efc80000,0x00000000efc80000,0x00000000f0580000)
 ParOldGen       total 166912K, used 137529K [0x00000000c0000000, 0x00000000ca300000, 0x00000000eab00000)
  object space 166912K, 82% used [0x00000000c0000000,0x00000000c864e4e0,0x00000000ca300000)
 Metaspace       used 75180K, committed 76608K, reserved 1179648K
  class space    used 8062K, committed 8704K, reserved 1048576K
}
Event: 9.455 GC heap after
{Heap after GC invocations=66 (full 6):
 PSYoungGen      total 80384K, used 5368K [0x00000000eab00000, 0x00000000f0200000, 0x0000000100000000)
  eden space 74752K, 0% used [0x00000000eab00000,0x00000000eab00000,0x00000000ef400000)
  from space 5632K, 95% used [0x00000000efc80000,0x00000000f01be190,0x00000000f0200000)
  to   space 6656K, 0% used [0x00000000ef500000,0x00000000ef500000,0x00000000efb80000)
 ParOldGen       total 166912K, used 141963K [0x00000000c0000000, 0x00000000ca300000, 0x00000000eab00000)
  object space 166912K, 85% used [0x00000000c0000000,0x00000000c8aa2d70,0x00000000ca300000)
 Metaspace       used 75180K, committed 76608K, reserved 1179648K
  class space    used 8062K, committed 8704K, reserved 1048576K
}
Event: 9.778 GC heap before
{Heap before GC invocations=67 (full 6):
 PSYoungGen      total 80384K, used 80120K [0x00000000eab00000, 0x00000000f0200000, 0x0000000100000000)
  eden space 74752K, 100% used [0x00000000eab00000,0x00000000ef400000,0x00000000ef400000)
  from space 5632K, 95% used [0x00000000efc80000,0x00000000f01be190,0x00000000f0200000)
  to   space 6656K, 0% used [0x00000000ef500000,0x00000000ef500000,0x00000000efb80000)
 ParOldGen       total 166912K, used 141963K [0x00000000c0000000, 0x00000000ca300000, 0x00000000eab00000)
  object space 166912K, 85% used [0x00000000c0000000,0x00000000c8aa2d70,0x00000000ca300000)
 Metaspace       used 77061K, committed 78528K, reserved 1179648K
  class space    used 8233K, committed 8896K, reserved 1048576K
}

Dll operation events (10 events):
Event: 0.001 Loaded shared library /home/ccon148/.vscode-server/extensions/redhat.java-1.32.0/jre/17.0.11-linux-x86_64/lib/libjava.so
Event: 0.181 Loaded shared library /home/ccon148/.vscode-server/extensions/redhat.java-1.32.0/jre/17.0.11-linux-x86_64/lib/libzip.so
Event: 0.182 Loaded shared library /home/ccon148/.vscode-server/extensions/redhat.java-1.32.0/jre/17.0.11-linux-x86_64/lib/libinstrument.so
Event: 0.188 Loaded shared library /home/ccon148/.vscode-server/extensions/redhat.java-1.32.0/jre/17.0.11-linux-x86_64/lib/libnio.so
Event: 0.199 Loaded shared library /home/ccon148/.vscode-server/extensions/redhat.java-1.32.0/jre/17.0.11-linux-x86_64/lib/libzip.so
Event: 0.227 Loaded shared library /home/ccon148/.vscode-server/extensions/redhat.java-1.32.0/jre/17.0.11-linux-x86_64/lib/libjimage.so
Event: 0.287 Loaded shared library /home/ccon148/.vscode-server/extensions/redhat.java-1.32.0/jre/17.0.11-linux-x86_64/lib/libverify.so
Event: 0.718 Loaded shared library /home/ccon148/.vscode-server/extensions/redhat.java-1.32.0/jre/17.0.11-linux-x86_64/lib/libnet.so
Event: 0.994 Loaded shared library /home/ccon148/.vscode-server/data/User/globalStorage/redhat.java/1.32.0/config_linux/org.eclipse.equinox.launcher/org.eclipse.equinox.launcher.gtk.linux.x86_64_1.2.1100.v20240613-2013/eclipse_11903.so
Event: 4.370 Loaded shared library /home/ccon148/.vscode-server/extensions/redhat.java-1.32.0/jre/17.0.11-linux-x86_64/lib/libextnet.so

Deoptimization events (20 events):
Event: 9.614 Thread 0x00007f4ad444a850 DEOPT PACKING pc=0x00007f4b7e39423c sp=0x00007f4b0a186260
Event: 9.614 Thread 0x00007f4ad444a850 DEOPT UNPACKING pc=0x00007f4b7d962399 sp=0x00007f4b0a186258 mode 2
Event: 9.650 Thread 0x00007f4ad444a850 DEOPT PACKING pc=0x00007f4b76bd5349 sp=0x00007f4b0a185d80
Event: 9.650 Thread 0x00007f4ad444a850 DEOPT UNPACKING pc=0x00007f4b7d962b2f sp=0x00007f4b0a1852b0 mode 0
Event: 9.679 Thread 0x00007f4ad44434e0 Uncommon trap: trap_request=0xffffff45 fr.pc=0x00007f4b7ded9490 relative=0x00000000000002f0
Event: 9.679 Thread 0x00007f4ad44434e0 Uncommon trap: reason=unstable_if action=reinterpret pc=0x00007f4b7ded9490 method=java.util.HashMap$HashIterator.<init>(Ljava/util/HashMap;)V @ 45 c2
Event: 9.679 Thread 0x00007f4ad44434e0 DEOPT PACKING pc=0x00007f4b7ded9490 sp=0x00007f4b0ac41f60
Event: 9.679 Thread 0x00007f4ad44434e0 DEOPT UNPACKING pc=0x00007f4b7d962399 sp=0x00007f4b0ac41e48 mode 2
Event: 9.690 Thread 0x00007f4ad444a850 DEOPT PACKING pc=0x00007f4b77649b37 sp=0x00007f4b0a1856e0
Event: 9.690 Thread 0x00007f4ad444a850 DEOPT UNPACKING pc=0x00007f4b7d962b2f sp=0x00007f4b0a184c40 mode 0
Event: 9.693 Thread 0x00007f4ad44434e0 DEOPT PACKING pc=0x00007f4b76da9cd6 sp=0x00007f4b0ac40920
Event: 9.693 Thread 0x00007f4ad44434e0 DEOPT UNPACKING pc=0x00007f4b7d962b2f sp=0x00007f4b0ac3fdc0 mode 0
Event: 9.695 Thread 0x00007f4ad44434e0 DEOPT PACKING pc=0x00007f4b76da9cd6 sp=0x00007f4b0ac40920
Event: 9.695 Thread 0x00007f4ad44434e0 DEOPT UNPACKING pc=0x00007f4b7d962b2f sp=0x00007f4b0ac3fdc0 mode 0
Event: 9.697 Thread 0x00007f4ad44434e0 DEOPT PACKING pc=0x00007f4b76da9cd6 sp=0x00007f4b0ac40920
Event: 9.697 Thread 0x00007f4ad44434e0 DEOPT UNPACKING pc=0x00007f4b7d962b2f sp=0x00007f4b0ac3fdc0 mode 0
Event: 9.699 Thread 0x00007f4ad44434e0 DEOPT PACKING pc=0x00007f4b76da9cd6 sp=0x00007f4b0ac40920
Event: 9.699 Thread 0x00007f4ad44434e0 DEOPT UNPACKING pc=0x00007f4b7d962b2f sp=0x00007f4b0ac3fdc0 mode 0
Event: 9.719 Thread 0x00007f4ad44434e0 DEOPT PACKING pc=0x00007f4b7728458e sp=0x00007f4b0ac3fbe0
Event: 9.719 Thread 0x00007f4ad44434e0 DEOPT UNPACKING pc=0x00007f4b7d962b2f sp=0x00007f4b0ac3f0c8 mode 0

Classes unloaded (9 events):
Event: 3.496 Thread 0x00007f4b88069490 Unloading class 0x0000000100256400 'java/lang/invoke/LambdaForm$MH+0x0000000100256400'
Event: 3.496 Thread 0x00007f4b88069490 Unloading class 0x0000000100256000 'java/lang/invoke/LambdaForm$MH+0x0000000100256000'
Event: 3.496 Thread 0x00007f4b88069490 Unloading class 0x0000000100255c00 'java/lang/invoke/LambdaForm$MH+0x0000000100255c00'
Event: 3.497 Thread 0x00007f4b88069490 Unloading class 0x0000000100255800 'java/lang/invoke/LambdaForm$MH+0x0000000100255800'
Event: 3.497 Thread 0x00007f4b88069490 Unloading class 0x0000000100255400 'java/lang/invoke/LambdaForm$BMH+0x0000000100255400'
Event: 3.497 Thread 0x00007f4b88069490 Unloading class 0x0000000100255000 'java/lang/invoke/LambdaForm$DMH+0x0000000100255000'
Event: 3.497 Thread 0x00007f4b88069490 Unloading class 0x0000000100250400 'java/lang/invoke/LambdaForm$DMH+0x0000000100250400'
Event: 7.007 Thread 0x00007f4b88069490 Unloading class 0x000000010078d000 'java/lang/invoke/LambdaForm$MH+0x000000010078d000'
Event: 7.007 Thread 0x00007f4b88069490 Unloading class 0x000000010078c800 'java/lang/invoke/LambdaForm$DMH+0x000000010078c800'

Classes redefined (0 events):
No events

Internal exceptions (20 events):
Event: 9.053 Thread 0x00007f4b1067e800 Exception <a 'java/lang/LinkageError'{0x00000000ed038690}: loader lombok.launch.ShadowClassLoader @22b5d3af attempted duplicate class definition for lombok.launch.PatchFixesHider$Val. (lombok.launch.PatchFixesHider$Val is in unnamed module of loader lombok.launch.ShadowClassLoader @22b5d3af, parent loader org.eclipse.osgi.internal.loader.EquinoxClassLoader @6083d38f)> (0x00000000ed038690) 
thrown [src/hotspot/share/classfile/systemDictionary.cpp, line 1723]
Event: 9.054 Thread 0x00007f4aa4000ff0 Exception <a 'java/lang/LinkageError'{0x00000000ed08aa20}: loader lombok.launch.ShadowClassLoader @22b5d3af attempted duplicate class definition for lombok.launch.PatchFixesHider$Val. (lombok.launch.PatchFixesHider$Val is in unnamed module of loader lombok.launch.ShadowClassLoader @22b5d3af, parent loader org.eclipse.osgi.internal.loader.EquinoxClassLoader @6083d38f)> (0x00000000ed08aa20) 
thrown [src/hotspot/share/classfile/systemDictionary.cpp, line 1723]
Event: 9.058 Thread 0x00007f4aa4000ff0 Exception <a 'java/lang/NoSuchMethodError'{0x00000000ed0df1e8}: 'void java.lang.invoke.DirectMethodHandle$Holder.invokeSpecial(java.lang.Object, java.lang.Object, java.lang.Object, int, java.lang.Object, java.lang.Object)'> (0x00000000ed0df1e8) 
thrown [src/hotspot/share/interpreter/linkResolver.cpp, line 758]
Event: 9.084 Thread 0x00007f4ad42f60a0 Exception <a 'java/lang/NoSuchMethodError'{0x00000000ed35e880}: 'int java.lang.invoke.DirectMethodHandle$Holder.invokeStatic(java.lang.Object, int, java.lang.Object)'> (0x00000000ed35e880) 
thrown [src/hotspot/share/interpreter/linkResolver.cpp, line 758]
Event: 9.084 Thread 0x00007f4aa4000ff0 Exception <a 'java/lang/NoSuchMethodError'{0x00000000ed219210}: 'int java.lang.invoke.DirectMethodHandle$Holder.invokeStatic(java.lang.Object, int, java.lang.Object)'> (0x00000000ed219210) 
thrown [src/hotspot/share/interpreter/linkResolver.cpp, line 758]
Event: 9.084 Thread 0x00007f4ad42f75e0 Exception <a 'java/lang/NoSuchMethodError'{0x00000000ed243b20}: 'int java.lang.invoke.DirectMethodHandle$Holder.invokeStatic(java.lang.Object, int, java.lang.Object)'> (0x00000000ed243b20) 
thrown [src/hotspot/share/interpreter/linkResolver.cpp, line 758]
Event: 9.084 Thread 0x00007f4b1067e800 Exception <a 'java/lang/NoSuchMethodError'{0x00000000ed302f00}: 'int java.lang.invoke.DirectMethodHandle$Holder.invokeStatic(java.lang.Object, int, java.lang.Object)'> (0x00000000ed302f00) 
thrown [src/hotspot/share/interpreter/linkResolver.cpp, line 758]
Event: 9.133 Thread 0x00007f4ad42f75e0 Exception <a 'java/lang/LinkageError'{0x00000000ede73620}: loader lombok.launch.ShadowClassLoader @45affa11 attempted duplicate class definition for lombok.eclipse.EcjAugments. (lombok.eclipse.EcjAugments is in unnamed module of loader lombok.launch.ShadowClassLoader @45affa11, parent loader org.eclipse.osgi.internal.loader.EquinoxClassLoader @6ac6c8dd)> (0x00000000ede73620) 
thrown [src/hotspot/share/classfile/systemDictionary.cpp, line 1723]
Event: 9.133 Thread 0x00007f4ad42f60a0 Exception <a 'java/lang/LinkageError'{0x00000000edf16760}: loader lombok.launch.ShadowClassLoader @45affa11 attempted duplicate class definition for lombok.eclipse.EcjAugments. (lombok.eclipse.EcjAugments is in unnamed module of loader lombok.launch.ShadowClassLoader @45affa11, parent loader org.eclipse.osgi.internal.loader.EquinoxClassLoader @6ac6c8dd)> (0x00000000edf16760) 
thrown [src/hotspot/share/classfile/systemDictionary.cpp, line 1723]
Event: 9.135 Thread 0x00007f4ad42f75e0 Exception <a 'java/lang/LinkageError'{0x00000000ede8bbf8}: loader lombok.launch.ShadowClassLoader @45affa11 attempted duplicate class definition for lombok.eclipse.agent.PatchDiagnostics. (lombok.eclipse.agent.PatchDiagnostics is in unnamed module of loader lombok.launch.ShadowClassLoader @45affa11, parent loader org.eclipse.osgi.internal.loader.EquinoxClassLoader @6ac6c8dd)> (0x00000000ede8bbf8) 
thrown [src/hotspot/share/classfile/systemDictionary.cpp, line 1723]
Event: 9.136 Thread 0x00007f4ad42f60a0 Exception <a 'java/lang/LinkageError'{0x00000000edf2ed38}: loader lombok.launch.ShadowClassLoader @45affa11 attempted duplicate class definition for lombok.eclipse.agent.PatchDiagnostics. (lombok.eclipse.agent.PatchDiagnostics is in unnamed module of loader lombok.launch.ShadowClassLoader @45affa11, parent loader org.eclipse.osgi.internal.loader.EquinoxClassLoader @6ac6c8dd)> (0x00000000edf2ed38) 
thrown [src/hotspot/share/classfile/systemDictionary.cpp, line 1723]
Event: 9.139 Thread 0x00007f4b1067e800 Exception <a 'java/io/FileNotFoundException'{0x00000000edfed910}> (0x00000000edfed910) 
thrown [src/hotspot/share/prims/jni.cpp, line 516]
Event: 9.139 Thread 0x00007f4b1067e800 Exception <a 'java/io/FileNotFoundException'{0x00000000edfee940}> (0x00000000edfee940) 
thrown [src/hotspot/share/prims/jni.cpp, line 516]
Event: 9.139 Thread 0x00007f4b1067e800 Exception <a 'java/io/FileNotFoundException'{0x00000000edfef600}> (0x00000000edfef600) 
thrown [src/hotspot/share/prims/jni.cpp, line 516]
Event: 9.249 Thread 0x00007f4ad444a850 Implicit null exception at 0x00007f4b7df3e64c to 0x00007f4b7df3e6af
Event: 9.569 Thread 0x00007f4ae8001f40 Exception <a 'java/lang/NoSuchMethodError'{0x00000000ecf622c0}: 'java.lang.Object java.lang.invoke.DirectMethodHandle$Holder.invokeStatic(java.lang.Object, java.lang.Object, int, java.lang.Object)'> (0x00000000ecf622c0) 
thrown [src/hotspot/share/interpreter/linkResolver.cpp, line 758]
Event: 9.569 Thread 0x00007f4ae8001f40 Exception <a 'java/lang/NoSuchMethodError'{0x00000000ecf694e0}: 'java.lang.Object java.lang.invoke.DirectMethodHandle$Holder.newInvokeSpecial(java.lang.Object, java.lang.Object, int)'> (0x00000000ecf694e0) 
thrown [src/hotspot/share/interpreter/linkResolver.cpp, line 758]
Event: 9.614 Thread 0x00007f4ad444a850 Implicit null exception at 0x00007f4b7e38613d to 0x00007f4b7e3888f1
Event: 9.614 Thread 0x00007f4ad444a850 Implicit null exception at 0x00007f4b7e391de1 to 0x00007f4b7e39422f
Event: 9.731 Thread 0x00007f4ad44434e0 Exception <a 'java/net/ConnectException'{0x00000000eef790c8}> (0x00000000eef790c8) 
thrown [src/hotspot/share/prims/jni.cpp, line 516]

VM Operations (20 events):
Event: 8.899 Executing VM operation: HandshakeAllThreads done
Event: 8.906 Executing VM operation: ParallelGCFailedAllocation
Event: 8.913 Executing VM operation: ParallelGCFailedAllocation done
Event: 9.069 Executing VM operation: ICBufferFull
Event: 9.069 Executing VM operation: ICBufferFull done
Event: 9.183 Executing VM operation: ParallelGCFailedAllocation
Event: 9.190 Executing VM operation: ParallelGCFailedAllocation done
Event: 9.282 Executing VM operation: HandshakeAllThreads
Event: 9.282 Executing VM operation: HandshakeAllThreads done
Event: 9.357 Executing VM operation: ICBufferFull
Event: 9.358 Executing VM operation: ICBufferFull done
Event: 9.447 Executing VM operation: ParallelGCFailedAllocation
Event: 9.455 Executing VM operation: ParallelGCFailedAllocation done
Event: 9.467 Executing VM operation: HandshakeAllThreads
Event: 9.467 Executing VM operation: HandshakeAllThreads done
Event: 9.697 Executing VM operation: ICBufferFull
Event: 9.697 Executing VM operation: ICBufferFull done
Event: 9.719 Executing VM operation: HandshakeAllThreads
Event: 9.719 Executing VM operation: HandshakeAllThreads done
Event: 9.778 Executing VM operation: ParallelGCFailedAllocation

Events (20 events):
Event: 9.582 loading class java/util/stream/Node$Builder$OfInt done
Event: 9.582 loading class java/util/stream/Nodes$IntArrayNode
Event: 9.582 loading class java/util/stream/Nodes$IntArrayNode done
Event: 9.582 loading class java/util/stream/Nodes$IntFixedNodeBuilder done
Event: 9.582 loading class java/util/stream/ReferencePipeline$4$1
Event: 9.582 loading class java/util/stream/ReferencePipeline$4$1 done
Event: 9.601 loading class jdk/internal/ref/CleanerImpl$InnocuousThreadFactory
Event: 9.601 loading class jdk/internal/ref/CleanerImpl$InnocuousThreadFactory done
Event: 9.601 Thread 0x00007f4a8408e8f0 Thread added: 0x00007f4a8408e8f0
Event: 9.601 Protecting memory [0x00007f4b09f88000,0x00007f4b09f8c000] with protection modes 0
Event: 9.727 loading class java/util/stream/DistinctOps
Event: 9.728 loading class java/util/stream/DistinctOps done
Event: 9.728 loading class java/util/stream/DistinctOps$1
Event: 9.728 loading class java/util/stream/DistinctOps$1 done
Event: 9.728 loading class java/util/stream/DistinctOps$1$2
Event: 9.728 loading class java/util/stream/DistinctOps$1$2 done
Event: 9.730 loading class java/net/ConnectException
Event: 9.730 loading class java/net/ConnectException done
Event: 9.731 loading class sun/net/util/SocketExceptions
Event: 9.731 loading class sun/net/util/SocketExceptions done


Dynamic libraries:
c0000000-ca300000 rw-p 00000000 00:00 0 
ca300000-eab00000 ---p 00000000 00:00 0 
eab00000-f0200000 rw-p 00000000 00:00 0 
f0200000-100000000 ---p 00000000 00:00 0 
100000000-100020000 rw-p 00000000 00:00 0 
100020000-100040000 rw-p 00000000 00:00 0 
100040000-1000c0000 rw-p 00000000 00:00 0 
1000c0000-1000e0000 rw-p 00000000 00:00 0 
1000e0000-100140000 rw-p 00000000 00:00 0 
100140000-100180000 rw-p 00000000 00:00 0 
100180000-1001c0000 rw-p 00000000 00:00 0 
1001c0000-100200000 rw-p 00000000 00:00 0 
100200000-100300000 rw-p 00000000 00:00 0 
100300000-1003c0000 rw-p 00000000 00:00 0 
1003c0000-100400000 rw-p 00000000 00:00 0 
100400000-1004e0000 rw-p 00000000 00:00 0 
1004e0000-100540000 rw-p 00000000 00:00 0 
100540000-1007c0000 rw-p 00000000 00:00 0 
1007c0000-1007d0000 rw-p 00000000 00:00 0 
1007d0000-100800000 ---p 00000000 00:00 0 
100800000-1008e0000 rw-p 00000000 00:00 0 
1008e0000-140000000 ---p 00000000 00:00 0 
5635f5f51000-5635f5f52000 r--p 00000000 08:20 41015                      /home/ccon148/.vscode-server/extensions/redhat.java-1.32.0/jre/17.0.11-linux-x86_64/bin/java
5635f5f52000-5635f5f53000 r-xp 00001000 08:20 41015                      /home/ccon148/.vscode-server/extensions/redhat.java-1.32.0/jre/17.0.11-linux-x86_64/bin/java
5635f5f53000-5635f5f54000 r--p 00002000 08:20 41015                      /home/ccon148/.vscode-server/extensions/redhat.java-1.32.0/jre/17.0.11-linux-x86_64/bin/java
5635f5f54000-5635f5f55000 r--p 00002000 08:20 41015                      /home/ccon148/.vscode-server/extensions/redhat.java-1.32.0/jre/17.0.11-linux-x86_64/bin/java
5635f5f55000-5635f5f56000 rw-p 00003000 08:20 41015                      /home/ccon148/.vscode-server/extensions/redhat.java-1.32.0/jre/17.0.11-linux-x86_64/bin/java
5635f7d8c000-5635f7dd5000 rw-p 00000000 00:00 0                          [heap]
7f4a7c000000-7f4a7c440000 rw-p 00000000 00:00 0 
7f4a7c440000-7f4a80000000 ---p 00000000 00:00 0 
7f4a80000000-7f4a80021000 rw-p 00000000 00:00 0 
7f4a80021000-7f4a84000000 ---p 00000000 00:00 0 
7f4a84000000-7f4a840bf000 rw-p 00000000 00:00 0 
7f4a840bf000-7f4a88000000 ---p 00000000 00:00 0 
7f4a88000000-7f4a88021000 rw-p 00000000 00:00 0 
7f4a88021000-7f4a8c000000 ---p 00000000 00:00 0 
7f4a8c000000-7f4a8c038000 rw-p 00000000 00:00 0 
7f4a8c038000-7f4a90000000 ---p 00000000 00:00 0 
7f4a90000000-7f4a90021000 rw-p 00000000 00:00 0 
7f4a90021000-7f4a94000000 ---p 00000000 00:00 0 
7f4a94000000-7f4a94021000 rw-p 00000000 00:00 0 
7f4a94021000-7f4a98000000 ---p 00000000 00:00 0 
7f4a98000000-7f4a98082000 rw-p 00000000 00:00 0 
7f4a98082000-7f4a9c000000 ---p 00000000 00:00 0 
7f4a9c000000-7f4a9c160000 rw-p 00000000 00:00 0 
7f4a9c160000-7f4aa0000000 ---p 00000000 00:00 0 
7f4aa0000000-7f4aa0021000 rw-p 00000000 00:00 0 
7f4aa0021000-7f4aa4000000 ---p 00000000 00:00 0 
7f4aa4000000-7f4aa403b000 rw-p 00000000 00:00 0 
7f4aa403b000-7f4aa8000000 ---p 00000000 00:00 0 
7f4aa8000000-7f4aa8027000 rw-p 00000000 00:00 0 
7f4aa8027000-7f4aac000000 ---p 00000000 00:00 0 
7f4aac000000-7f4aac030000 rw-p 00000000 00:00 0 
7f4aac030000-7f4ab0000000 ---p 00000000 00:00 0 
7f4ab0000000-7f4ab002d000 rw-p 00000000 00:00 0 
7f4ab002d000-7f4ab4000000 ---p 00000000 00:00 0 
7f4ab4000000-7f4ab4022000 rw-p 00000000 00:00 0 
7f4ab4022000-7f4ab8000000 ---p 00000000 00:00 0 
7f4ab8000000-7f4ab895a000 rw-p 00000000 00:00 0 
7f4ab895a000-7f4abc000000 ---p 00000000 00:00 0 
7f4abfb31000-7f4ac8000000 r--s 00000000 08:20 97841                      /home/ccon148/.sdkman/candidates/java/21.0.2-open/lib/modules
7f4ac8000000-7f4ac805b000 rw-p 00000000 00:00 0 
7f4ac805b000-7f4acc000000 ---p 00000000 00:00 0 
7f4acc000000-7f4acc04f000 rw-p 00000000 00:00 0 
7f4acc04f000-7f4ad0000000 ---p 00000000 00:00 0 
7f4ad0000000-7f4ad0021000 rw-p 00000000 00:00 0 
7f4ad0021000-7f4ad4000000 ---p 00000000 00:00 0 
7f4ad4000000-7f4ad4450000 rw-p 00000000 00:00 0 
7f4ad4450000-7f4ad8000000 ---p 00000000 00:00 0 
7f4ad8000000-7f4ad8021000 rw-p 00000000 00:00 0 
7f4ad8021000-7f4adc000000 ---p 00000000 00:00 0 
7f4adc000000-7f4adc021000 rw-p 00000000 00:00 0 
7f4adc021000-7f4ae0000000 ---p 00000000 00:00 0 
7f4ae0000000-7f4ae0bef000 rw-p 00000000 00:00 0 
7f4ae0bef000-7f4ae4000000 ---p 00000000 00:00 0 
7f4ae4000000-7f4ae564b000 rw-p 00000000 00:00 0 
7f4ae564b000-7f4ae8000000 ---p 00000000 00:00 0 
7f4ae8000000-7f4ae8914000 rw-p 00000000 00:00 0 
7f4ae8914000-7f4aec000000 ---p 00000000 00:00 0 
7f4aec000000-7f4aec0d5000 rw-p 00000000 00:00 0 
7f4aec0d5000-7f4af0000000 ---p 00000000 00:00 0 
7f4af0000000-7f4af0021000 rw-p 00000000 00:00 0 
7f4af0021000-7f4af4000000 ---p 00000000 00:00 0 
7f4af4000000-7f4af4021000 rw-p 00000000 00:00 0 
7f4af4021000-7f4af8000000 ---p 00000000 00:00 0 
7f4af8000000-7f4af8021000 rw-p 00000000 00:00 0 
7f4af8021000-7f4afc000000 ---p 00000000 00:00 0 
7f4afc000000-7f4afc3f9000 rw-p 00000000 00:00 0 
7f4afc3f9000-7f4b00000000 ---p 00000000 00:00 0 
7f4b00000000-7f4b00021000 rw-p 00000000 00:00 0 
7f4b00021000-7f4b04000000 ---p 00000000 00:00 0 
7f4b04000000-7f4b04021000 rw-p 00000000 00:00 0 
7f4b04021000-7f4b08000000 ---p 00000000 00:00 0 
7f4b09f87000-7f4b09f88000 ---p 00000000 00:00 0 
7f4b09f88000-7f4b09f8c000 ---p 00000000 00:00 0 
7f4b09f8c000-7f4b0a088000 rw-p 00000000 00:00 0 
7f4b0a088000-7f4b0a089000 ---p 00000000 00:00 0 
7f4b0a089000-7f4b0a08d000 ---p 00000000 00:00 0 
7f4b0a08d000-7f4b0a189000 rw-p 00000000 00:00 0 
7f4b0a189000-7f4b0a18a000 ---p 00000000 00:00 0 
7f4b0a18a000-7f4b0a18e000 ---p 00000000 00:00 0 
7f4b0a18e000-7f4b0a28a000 rw-p 00000000 00:00 0 
7f4b0a28a000-7f4b0a28b000 ---p 00000000 00:00 0 
7f4b0a28b000-7f4b0a28f000 ---p 00000000 00:00 0 
7f4b0a28f000-7f4b0a38b000 rw-p 00000000 00:00 0 
7f4b0a38b000-7f4b0a38c000 ---p 00000000 00:00 0 
7f4b0a38c000-7f4b0a390000 ---p 00000000 00:00 0 
7f4b0a390000-7f4b0a48c000 rw-p 00000000 00:00 0 
7f4b0a48c000-7f4b0a48d000 ---p 00000000 00:00 0 
7f4b0a48d000-7f4b0a491000 ---p 00000000 00:00 0 
7f4b0a491000-7f4b0a58d000 rw-p 00000000 00:00 0 
7f4b0a58d000-7f4b0a58e000 ---p 00000000 00:00 0 
7f4b0a58e000-7f4b0a592000 ---p 00000000 00:00 0 
7f4b0a592000-7f4b0a68e000 rw-p 00000000 00:00 0 
7f4b0a68e000-7f4b0a68f000 ---p 00000000 00:00 0 
7f4b0a68f000-7f4b0a693000 ---p 00000000 00:00 0 
7f4b0a693000-7f4b0a78f000 rw-p 00000000 00:00 0 
7f4b0a941000-7f4b0a942000 ---p 00000000 00:00 0 
7f4b0a942000-7f4b0a946000 ---p 00000000 00:00 0 
7f4b0a946000-7f4b0aa42000 rw-p 00000000 00:00 0 
7f4b0aa42000-7f4b0aa43000 ---p 00000000 00:00 0 
7f4b0aa43000-7f4b0aa47000 ---p 00000000 00:00 0 
7f4b0aa47000-7f4b0ab43000 rw-p 00000000 00:00 0 
7f4b0ab43000-7f4b0ab44000 ---p 00000000 00:00 0 
7f4b0ab44000-7f4b0ab48000 ---p 00000000 00:00 0 
7f4b0ab48000-7f4b0ac44000 rw-p 00000000 00:00 0 
7f4b0ac44000-7f4b0ac45000 ---p 00000000 00:00 0 
7f4b0ac45000-7f4b0ac49000 ---p 00000000 00:00 0 
7f4b0ac49000-7f4b0ad45000 rw-p 00000000 00:00 0 
7f4b0ad45000-7f4b0ad46000 ---p 00000000 00:00 0 
7f4b0ad46000-7f4b0ad4a000 ---p 00000000 00:00 0 
7f4b0ad4a000-7f4b0ae46000 rw-p 00000000 00:00 0 
7f4b0ae46000-7f4b0ae47000 ---p 00000000 00:00 0 
7f4b0ae47000-7f4b0ae4b000 ---p 00000000 00:00 0 
7f4b0ae4b000-7f4b0af47000 rw-p 00000000 00:00 0 
7f4b0af96000-7f4b0af97000 ---p 00000000 00:00 0 
7f4b0af97000-7f4b0af9b000 ---p 00000000 00:00 0 
7f4b0af9b000-7f4b0b097000 rw-p 00000000 00:00 0 
7f4b0b097000-7f4b0b098000 ---p 00000000 00:00 0 
7f4b0b098000-7f4b0b09c000 ---p 00000000 00:00 0 
7f4b0b09c000-7f4b0b198000 rw-p 00000000 00:00 0 
7f4b0b198000-7f4b0b199000 ---p 00000000 00:00 0 
7f4b0b199000-7f4b0b19d000 ---p 00000000 00:00 0 
7f4b0b19d000-7f4b0b299000 rw-p 00000000 00:00 0 
7f4b0b2f3000-7f4b0b2f4000 ---p 00000000 00:00 0 
7f4b0b2f4000-7f4b0b2f8000 ---p 00000000 00:00 0 
7f4b0b2f8000-7f4b0b3f4000 rw-p 00000000 00:00 0 
7f4b0b3f4000-7f4b0b3f5000 ---p 00000000 00:00 0 
7f4b0b3f5000-7f4b0b3f9000 ---p 00000000 00:00 0 
7f4b0b3f9000-7f4b0b4f5000 rw-p 00000000 00:00 0 
7f4b0b4f5000-7f4b0b4f6000 ---p 00000000 00:00 0 
7f4b0b4f6000-7f4b0b4fa000 ---p 00000000 00:00 0 
7f4b0b4fa000-7f4b0b5f6000 rw-p 00000000 00:00 0 
7f4b0b5f6000-7f4b0b5f7000 ---p 00000000 00:00 0 
7f4b0b5f7000-7f4b0b5fb000 ---p 00000000 00:00 0 
7f4b0b5fb000-7f4b0b6f7000 rw-p 00000000 00:00 0 
7f4b0b6f7000-7f4b0b6f8000 ---p 00000000 00:00 0 
7f4b0b6f8000-7f4b0b6fc000 ---p 00000000 00:00 0 
7f4b0b6fc000-7f4b0b7f8000 rw-p 00000000 00:00 0 
7f4b0b7f8000-7f4b0b7f9000 ---p 00000000 00:00 0 
7f4b0b7f9000-7f4b0b7fd000 ---p 00000000 00:00 0 
7f4b0b7fd000-7f4b0b8f9000 rw-p 00000000 00:00 0 
7f4b0b8f9000-7f4b0b8fa000 ---p 00000000 00:00 0 
7f4b0b8fa000-7f4b0b8fe000 ---p 00000000 00:00 0 
7f4b0b8fe000-7f4b0b9fa000 rw-p 00000000 00:00 0 
7f4b0b9fa000-7f4b0b9fb000 ---p 00000000 00:00 0 
7f4b0b9fb000-7f4b0b9ff000 ---p 00000000 00:00 0 
7f4b0b9ff000-7f4b0bafb000 rw-p 00000000 00:00 0 
7f4b0bafb000-7f4b0bafc000 ---p 00000000 00:00 0 
7f4b0bafc000-7f4b0bb00000 ---p 00000000 00:00 0 
7f4b0bb00000-7f4b0bbfc000 rw-p 00000000 00:00 0 
7f4b0bbfc000-7f4b0bbfd000 ---p 00000000 00:00 0 
7f4b0bbfd000-7f4b0bcfd000 rw-p 00000000 00:00 0 
7f4b0bcfd000-7f4b0bcfe000 ---p 00000000 00:00 0 
7f4b0bcfe000-7f4b0bdfe000 rw-p 00000000 00:00 0 
7f4b0bdfe000-7f4b0bdff000 ---p 00000000 00:00 0 
7f4b0bdff000-7f4b0be03000 ---p 00000000 00:00 0 
7f4b0be03000-7f4b0beff000 rw-p 00000000 00:00 0 
7f4b0beff000-7f4b0bf00000 ---p 00000000 00:00 0 
7f4b0bf00000-7f4b0bf04000 ---p 00000000 00:00 0 
7f4b0bf04000-7f4b0c000000 rw-p 00000000 00:00 0 
7f4b0c000000-7f4b0c021000 rw-p 00000000 00:00 0 
7f4b0c021000-7f4b10000000 ---p 00000000 00:00 0 
7f4b10000000-7f4b10b34000 rw-p 00000000 00:00 0 
7f4b10b34000-7f4b14000000 ---p 00000000 00:00 0 
7f4b14000000-7f4b14021000 rw-p 00000000 00:00 0 
7f4b14021000-7f4b18000000 ---p 00000000 00:00 0 
7f4b18000000-7f4b18021000 rw-p 00000000 00:00 0 
7f4b18021000-7f4b1c000000 ---p 00000000 00:00 0 
7f4b1c000000-7f4b1c021000 rw-p 00000000 00:00 0 
7f4b1c021000-7f4b20000000 ---p 00000000 00:00 0 
7f4b20000000-7f4b20021000 rw-p 00000000 00:00 0 
7f4b20021000-7f4b24000000 ---p 00000000 00:00 0 
7f4b24000000-7f4b24021000 rw-p 00000000 00:00 0 
7f4b24021000-7f4b28000000 ---p 00000000 00:00 0 
7f4b28000000-7f4b28021000 rw-p 00000000 00:00 0 
7f4b28021000-7f4b2c000000 ---p 00000000 00:00 0 
7f4b2c000000-7f4b2c39e000 rw-p 00000000 00:00 0 
7f4b2c39e000-7f4b30000000 ---p 00000000 00:00 0 
7f4b30000000-7f4b30021000 rw-p 00000000 00:00 0 
7f4b30021000-7f4b34000000 ---p 00000000 00:00 0 
7f4b34000000-7f4b34021000 rw-p 00000000 00:00 0 
7f4b34021000-7f4b38000000 ---p 00000000 00:00 0 
7f4b38000000-7f4b38021000 rw-p 00000000 00:00 0 
7f4b38021000-7f4b3c000000 ---p 00000000 00:00 0 
7f4b3c000000-7f4b3c021000 rw-p 00000000 00:00 0 
7f4b3c021000-7f4b40000000 ---p 00000000 00:00 0 
7f4b40000000-7f4b4171b000 rw-p 00000000 00:00 0 
7f4b4171b000-7f4b44000000 ---p 00000000 00:00 0 
7f4b44000000-7f4b44a2a000 rw-p 00000000 00:00 0 
7f4b44a2a000-7f4b48000000 ---p 00000000 00:00 0 
7f4b48000000-7f4b48059000 rw-p 00000000 00:00 0 
7f4b48059000-7f4b4c000000 ---p 00000000 00:00 0 
7f4b4c000000-7f4b4c021000 rw-p 00000000 00:00 0 
7f4b4c021000-7f4b50000000 ---p 00000000 00:00 0 
7f4b50000000-7f4b51254000 rw-p 00000000 00:00 0 
7f4b51254000-7f4b54000000 ---p 00000000 00:00 0 
7f4b54000000-7f4b54021000 rw-p 00000000 00:00 0 
7f4b54021000-7f4b58000000 ---p 00000000 00:00 0 
7f4b58000000-7f4b58021000 rw-p 00000000 00:00 0 
7f4b58021000-7f4b5c000000 ---p 00000000 00:00 0 
7f4b5c000000-7f4b5c021000 rw-p 00000000 00:00 0 
7f4b5c021000-7f4b60000000 ---p 00000000 00:00 0 
7f4b60000000-7f4b60021000 rw-p 00000000 00:00 0 
7f4b60021000-7f4b64000000 ---p 00000000 00:00 0 
7f4b64000000-7f4b64021000 rw-p 00000000 00:00 0 
7f4b64021000-7f4b68000000 ---p 00000000 00:00 0 
7f4b680ff000-7f4b68100000 ---p 00000000 00:00 0 
7f4b68100000-7f4b68200000 rw-p 00000000 00:00 0 
7f4b68200000-7f4b68210000 r-xp 00000000 08:20 145444                     /home/ccon148/.vscode-server/data/User/globalStorage/redhat.java/1.32.0/config_linux/org.eclipse.equinox.launcher/org.eclipse.equinox.launcher.gtk.linux.x86_64_1.2.1100.v20240613-2013/eclipse_11903.so
7f4b68210000-7f4b68410000 ---p 00010000 08:20 145444                     /home/ccon148/.vscode-server/data/User/globalStorage/redhat.java/1.32.0/config_linux/org.eclipse.equinox.launcher/org.eclipse.equinox.launcher.gtk.linux.x86_64_1.2.1100.v20240613-2013/eclipse_11903.so
7f4b68410000-7f4b68411000 r--p 00010000 08:20 145444                     /home/ccon148/.vscode-server/data/User/globalStorage/redhat.java/1.32.0/config_linux/org.eclipse.equinox.launcher/org.eclipse.equinox.launcher.gtk.linux.x86_64_1.2.1100.v20240613-2013/eclipse_11903.so
7f4b68411000-7f4b68412000 rw-p 00011000 08:20 145444                     /home/ccon148/.vscode-server/data/User/globalStorage/redhat.java/1.32.0/config_linux/org.eclipse.equinox.launcher/org.eclipse.equinox.launcher.gtk.linux.x86_64_1.2.1100.v20240613-2013/eclipse_11903.so
7f4b68412000-7f4b68413000 rw-p 00000000 00:00 0 
7f4b684d5000-7f4b684d6000 ---p 00000000 00:00 0 
7f4b684d6000-7f4b684da000 ---p 00000000 00:00 0 
7f4b684da000-7f4b685d6000 rw-p 00000000 00:00 0 
7f4b685d6000-7f4b685d7000 ---p 00000000 00:00 0 
7f4b685d7000-7f4b685db000 ---p 00000000 00:00 0 
7f4b685db000-7f4b686d7000 rw-p 00000000 00:00 0 
7f4b686d7000-7f4b686d8000 ---p 00000000 00:00 0 
7f4b686d8000-7f4b686dc000 ---p 00000000 00:00 0 
7f4b686dc000-7f4b687d8000 rw-p 00000000 00:00 0 
7f4b687d8000-7f4b687d9000 ---p 00000000 00:00 0 
7f4b687d9000-7f4b688d9000 rw-p 00000000 00:00 0 
7f4b688d9000-7f4b688da000 ---p 00000000 00:00 0 
7f4b688da000-7f4b689da000 rw-p 00000000 00:00 0 
7f4b689da000-7f4b689db000 ---p 00000000 00:00 0 
7f4b689db000-7f4b68adb000 rw-p 00000000 00:00 0 
7f4b68adb000-7f4b68adc000 ---p 00000000 00:00 0 
7f4b68adc000-7f4b68bdc000 rw-p 00000000 00:00 0 
7f4b68bdc000-7f4b68bdd000 ---p 00000000 00:00 0 
7f4b68bdd000-7f4b68cdd000 rw-p 00000000 00:00 0 
7f4b68cdd000-7f4b68cde000 ---p 00000000 00:00 0 
7f4b68cde000-7f4b68dde000 rw-p 00000000 00:00 0 
7f4b68dde000-7f4b68ddf000 ---p 00000000 00:00 0 
7f4b68ddf000-7f4b68de3000 ---p 00000000 00:00 0 
7f4b68de3000-7f4b68edf000 rw-p 00000000 00:00 0 
7f4b68edf000-7f4b68ee0000 ---p 00000000 00:00 0 
7f4b68ee0000-7f4b68fe0000 rw-p 00000000 00:00 0 
7f4b68fe0000-7f4b68fe1000 ---p 00000000 00:00 0 
7f4b68fe1000-7f4b68fe5000 ---p 00000000 00:00 0 
7f4b68fe5000-7f4b690e1000 rw-p 00000000 00:00 0 
7f4b690e1000-7f4b690e2000 ---p 00000000 00:00 0 
7f4b690e2000-7f4b690e6000 ---p 00000000 00:00 0 
7f4b690e6000-7f4b691e2000 rw-p 00000000 00:00 0 
7f4b691e2000-7f4b691e3000 ---p 00000000 00:00 0 
7f4b691e3000-7f4b691e7000 ---p 00000000 00:00 0 
7f4b691e7000-7f4b692e3000 rw-p 00000000 00:00 0 
7f4b692e3000-7f4b692e4000 ---p 00000000 00:00 0 
7f4b692e4000-7f4b692e8000 ---p 00000000 00:00 0 
7f4b692e8000-7f4b693e4000 rw-p 00000000 00:00 0 
7f4b693e4000-7f4b693e5000 ---p 00000000 00:00 0 
7f4b693e5000-7f4b693e9000 ---p 00000000 00:00 0 
7f4b693e9000-7f4b694e5000 rw-p 00000000 00:00 0 
7f4b694e5000-7f4b694e6000 ---p 00000000 00:00 0 
7f4b694e6000-7f4b694ea000 ---p 00000000 00:00 0 
7f4b694ea000-7f4b695e6000 rw-p 00000000 00:00 0 
7f4b695e6000-7f4b695e7000 ---p 00000000 00:00 0 
7f4b695e7000-7f4b695eb000 ---p 00000000 00:00 0 
7f4b695eb000-7f4b696e7000 rw-p 00000000 00:00 0 
7f4b696e7000-7f4b696e8000 ---p 00000000 00:00 0 
7f4b696e8000-7f4b696ec000 ---p 00000000 00:00 0 
7f4b696ec000-7f4b697e8000 rw-p 00000000 00:00 0 
7f4b697e8000-7f4b697e9000 ---p 00000000 00:00 0 
7f4b697e9000-7f4b697ed000 ---p 00000000 00:00 0 
7f4b697ed000-7f4b698e9000 rw-p 00000000 00:00 0 
7f4b698e9000-7f4b698ea000 ---p 00000000 00:00 0 
7f4b698ea000-7f4b698ee000 ---p 00000000 00:00 0 
7f4b698ee000-7f4b699ea000 rw-p 00000000 00:00 0 
7f4b699ea000-7f4b699eb000 ---p 00000000 00:00 0 
7f4b699eb000-7f4b699ef000 ---p 00000000 00:00 0 
7f4b699ef000-7f4b69aeb000 rw-p 00000000 00:00 0 
7f4b69aeb000-7f4b69aec000 ---p 00000000 00:00 0 
7f4b69aec000-7f4b6b400000 rw-p 00000000 00:00 0 
7f4b6b400000-7f4b6b460000 rw-p 00000000 00:00 0 
7f4b6b460000-7f4b6b480000 rw-p 00000000 00:00 0 
7f4b6b480000-7f4b6b500000 rw-p 00000000 00:00 0 
7f4b6b500000-7f4b6b800000 rw-p 00000000 00:00 0 
7f4b6b800000-7f4b6b900000 rw-p 00000000 00:00 0 
7f4b6b900000-7f4b6bb00000 rw-p 00000000 00:00 0 
7f4b6bb00000-7f4b6bc00000 rw-p 00000000 00:00 0 
7f4b6bc00000-7f4b6bd40000 rw-p 00000000 00:00 0 
7f4b6bd40000-7f4b6bd80000 rw-p 00000000 00:00 0 
7f4b6bd80000-7f4b6bf00000 rw-p 00000000 00:00 0 
7f4b6bf00000-7f4b6c000000 rw-p 00000000 00:00 0 
7f4b6c000000-7f4b6c100000 rw-p 00000000 00:00 0 
7f4b6c100000-7f4b6c200000 rw-p 00000000 00:00 0 
7f4b6c200000-7f4b6c700000 rw-p 00000000 00:00 0 
7f4b6c700000-7f4b6c800000 rw-p 00000000 00:00 0 
7f4b6c800000-7f4b6cf00000 rw-p 00000000 00:00 0 
7f4b6cf00000-7f4b6d000000 rw-p 00000000 00:00 0 
7f4b6d000000-7f4b6d180000 rw-p 00000000 00:00 0 
7f4b6d180000-7f4b6d200000 rw-p 00000000 00:00 0 
7f4b6d200000-7f4b6d3e0000 rw-p 00000000 00:00 0 
7f4b6d3e0000-7f4b6d400000 rw-p 00000000 00:00 0 
7f4b6d400000-7f4b6d500000 rw-p 00000000 00:00 0 
7f4b6d500000-7f4b6d600000 rw-p 00000000 00:00 0 
7f4b6d600000-7f4b6d700000 rw-p 00000000 00:00 0 
7f4b6d700000-7f4b6d8c0000 rw-p 00000000 00:00 0 
7f4b6d8c0000-7f4b6d900000 rw-p 00000000 00:00 0 
7f4b6d900000-7f4b6dd00000 rw-p 00000000 00:00 0 
7f4b6dd00000-7f4b6de00000 rw-p 00000000 00:00 0 
7f4b6de00000-7f4b6ed80000 rw-p 00000000 00:00 0 
7f4b6ed80000-7f4b6edc0000 rw-p 00000000 00:00 0 
7f4b6edc0000-7f4b6ee00000 ---p 00000000 00:00 0 
7f4b6ee00000-7f4b6f000000 rw-p 00000000 00:00 0 
7f4b6f003000-7f4b6f007000 r--p 00000000 08:20 136830                     /home/ccon148/.vscode-server/extensions/redhat.java-1.32.0/jre/17.0.11-linux-x86_64/lib/libnet.so
7f4b6f007000-7f4b6f015000 r-xp 00004000 08:20 136830                     /home/ccon148/.vscode-server/extensions/redhat.java-1.32.0/jre/17.0.11-linux-x86_64/lib/libnet.so
7f4b6f015000-7f4b6f019000 r--p 00012000 08:20 136830                     /home/ccon148/.vscode-server/extensions/redhat.java-1.32.0/jre/17.0.11-linux-x86_64/lib/libnet.so
7f4b6f019000-7f4b6f01a000 r--p 00015000 08:20 136830                     /home/ccon148/.vscode-server/extensions/redhat.java-1.32.0/jre/17.0.11-linux-x86_64/lib/libnet.so
7f4b6f01a000-7f4b6f01b000 rw-p 00016000 08:20 136830                     /home/ccon148/.vscode-server/extensions/redhat.java-1.32.0/jre/17.0.11-linux-x86_64/lib/libnet.so
7f4b6f01b000-7f4b6f072000 r--p 00000000 08:20 21463                      /usr/lib/locale/C.utf8/LC_CTYPE
7f4b6f072000-7f4b70000000 rw-p 00000000 00:00 0 
7f4b70000000-7f4b70021000 rw-p 00000000 00:00 0 
7f4b70021000-7f4b74000000 ---p 00000000 00:00 0 
7f4b74007000-7f4b74008000 r--p 00000000 08:20 132665                     /home/ccon148/.vscode-server/extensions/redhat.java-1.32.0/jre/17.0.11-linux-x86_64/lib/libextnet.so
7f4b74008000-7f4b74009000 r-xp 00001000 08:20 132665                     /home/ccon148/.vscode-server/extensions/redhat.java-1.32.0/jre/17.0.11-linux-x86_64/lib/libextnet.so
7f4b74009000-7f4b7400a000 r--p 00002000 08:20 132665                     /home/ccon148/.vscode-server/extensions/redhat.java-1.32.0/jre/17.0.11-linux-x86_64/lib/libextnet.so
7f4b7400a000-7f4b7400b000 r--p 00002000 08:20 132665                     /home/ccon148/.vscode-server/extensions/redhat.java-1.32.0/jre/17.0.11-linux-x86_64/lib/libextnet.so
7f4b7400b000-7f4b7400c000 rw-p 00003000 08:20 132665                     /home/ccon148/.vscode-server/extensions/redhat.java-1.32.0/jre/17.0.11-linux-x86_64/lib/libextnet.so
7f4b7400c000-7f4b74013000 r--p 00000000 08:20 137675                     /home/ccon148/.vscode-server/extensions/redhat.java-1.32.0/jre/17.0.11-linux-x86_64/lib/libnio.so
7f4b74013000-7f4b7401c000 r-xp 00007000 08:20 137675                     /home/ccon148/.vscode-server/extensions/redhat.java-1.32.0/jre/17.0.11-linux-x86_64/lib/libnio.so
7f4b7401c000-7f4b74020000 r--p 00010000 08:20 137675                     /home/ccon148/.vscode-server/extensions/redhat.java-1.32.0/jre/17.0.11-linux-x86_64/lib/libnio.so
7f4b74020000-7f4b74021000 ---p 00014000 08:20 137675                     /home/ccon148/.vscode-server/extensions/redhat.java-1.32.0/jre/17.0.11-linux-x86_64/lib/libnio.so
7f4b74021000-7f4b74022000 r--p 00014000 08:20 137675                     /home/ccon148/.vscode-server/extensions/redhat.java-1.32.0/jre/17.0.11-linux-x86_64/lib/libnio.so
7f4b74022000-7f4b74023000 rw-p 00015000 08:20 137675                     /home/ccon148/.vscode-server/extensions/redhat.java-1.32.0/jre/17.0.11-linux-x86_64/lib/libnio.so
7f4b74023000-7f4b760d0000 rw-p 00000000 00:00 0 
7f4b760d0000-7f4b761d4000 ---p 00000000 00:00 0 
7f4b761d4000-7f4b76226000 rw-p 00000000 00:00 0 
7f4b76226000-7f4b76329000 ---p 00000000 00:00 0 
7f4b76329000-7f4b76355000 rw-p 00000000 00:00 0 
7f4b76355000-7f4b763d4000 ---p 00000000 00:00 0 
7f4b763d4000-7f4b763d5000 rw-p 00000000 00:00 0 
7f4b763d5000-7f4b77765000 rwxp 00000000 00:00 0 
7f4b77765000-7f4b7d90c000 ---p 00000000 00:00 0 
7f4b7d90c000-7f4b7db7c000 rwxp 00000000 00:00 0 
7f4b7db7c000-7f4b7de9e000 ---p 00000000 00:00 0 
7f4b7de9e000-7f4b7e3de000 rwxp 00000000 00:00 0 
7f4b7e3de000-7f4b853d5000 ---p 00000000 00:00 0 
7f4b853d5000-7f4b88000000 r--s 00000000 08:20 138207                     /home/ccon148/.vscode-server/extensions/redhat.java-1.32.0/jre/17.0.11-linux-x86_64/lib/modules
7f4b88000000-7f4b88737000 rw-p 00000000 00:00 0 
7f4b88737000-7f4b8c000000 ---p 00000000 00:00 0 
7f4b8c002000-7f4b8c006000 r--p 00000000 08:20 137964                     /home/ccon148/.vscode-server/extensions/redhat.java-1.32.0/jre/17.0.11-linux-x86_64/lib/libverify.so
7f4b8c006000-7f4b8c00d000 r-xp 00004000 08:20 137964                     /home/ccon148/.vscode-server/extensions/redhat.java-1.32.0/jre/17.0.11-linux-x86_64/lib/libverify.so
7f4b8c00d000-7f4b8c00f000 r--p 0000b000 08:20 137964                     /home/ccon148/.vscode-server/extensions/redhat.java-1.32.0/jre/17.0.11-linux-x86_64/lib/libverify.so
7f4b8c00f000-7f4b8c011000 r--p 0000c000 08:20 137964                     /home/ccon148/.vscode-server/extensions/redhat.java-1.32.0/jre/17.0.11-linux-x86_64/lib/libverify.so
7f4b8c011000-7f4b8c012000 rw-p 0000e000 08:20 137964                     /home/ccon148/.vscode-server/extensions/redhat.java-1.32.0/jre/17.0.11-linux-x86_64/lib/libverify.so
7f4b8c012000-7f4b8c013000 r--p 00000000 08:20 21511                      /usr/lib/locale/C.utf8/LC_NUMERIC
7f4b8c013000-7f4b8c014000 r--p 00000000 08:20 23318                      /usr/lib/locale/C.utf8/LC_TIME
7f4b8c014000-7f4b8c015000 r--p 00000000 08:20 21315                      /usr/lib/locale/C.utf8/LC_COLLATE
7f4b8c015000-7f4b8c016000 r--p 00000000 08:20 21509                      /usr/lib/locale/C.utf8/LC_MONETARY
7f4b8c016000-7f4b8c017000 r--p 00000000 08:20 21508                      /usr/lib/locale/C.utf8/LC_MESSAGES/SYS_LC_MESSAGES
7f4b8c017000-7f4b8c018000 r--p 00000000 08:20 21538                      /usr/lib/locale/C.utf8/LC_PAPER
7f4b8c018000-7f4b8c01f000 r--s 00000000 08:20 44198                      /usr/lib/x86_64-linux-gnu/gconv/gconv-modules.cache
7f4b8c01f000-7f4b8c021000 r--p 00000000 08:20 138099                     /home/ccon148/.vscode-server/extensions/redhat.java-1.32.0/jre/17.0.11-linux-x86_64/lib/libzip.so
7f4b8c021000-7f4b8c033000 r-xp 00002000 08:20 138099                     /home/ccon148/.vscode-server/extensions/redhat.java-1.32.0/jre/17.0.11-linux-x86_64/lib/libzip.so
7f4b8c033000-7f4b8c03b000 r--p 00014000 08:20 138099                     /home/ccon148/.vscode-server/extensions/redhat.java-1.32.0/jre/17.0.11-linux-x86_64/lib/libzip.so
7f4b8c03b000-7f4b8c03c000 r--p 0001b000 08:20 138099                     /home/ccon148/.vscode-server/extensions/redhat.java-1.32.0/jre/17.0.11-linux-x86_64/lib/libzip.so
7f4b8c03c000-7f4b8c03d000 rw-p 0001c000 08:20 138099                     /home/ccon148/.vscode-server/extensions/redhat.java-1.32.0/jre/17.0.11-linux-x86_64/lib/libzip.so
7f4b8c03d000-7f4b8c092000 rw-p 00000000 00:00 0 
7f4b8c092000-7f4b8c093000 ---p 00000000 00:00 0 
7f4b8c093000-7f4b8c19e000 rw-p 00000000 00:00 0 
7f4b8c19e000-7f4b8c27e000 ---p 00000000 00:00 0 
7f4b8c27e000-7f4b8c2a6000 rw-p 00000000 00:00 0 
7f4b8c2a6000-7f4b8c369000 ---p 00000000 00:00 0 
7f4b8c369000-7f4b8c36e000 rw-p 00000000 00:00 0 
7f4b8c36e000-7f4b8c375000 ---p 00000000 00:00 0 
7f4b8c375000-7f4b8c37d000 rw-s 00000000 08:20 11744                      /tmp/hsperfdata_ccon148/1623
7f4b8c37d000-7f4b8c38b000 r--p 00000000 08:20 133616                     /home/ccon148/.vscode-server/extensions/redhat.java-1.32.0/jre/17.0.11-linux-x86_64/lib/libjava.so
7f4b8c38b000-7f4b8c39d000 r-xp 0000e000 08:20 133616                     /home/ccon148/.vscode-server/extensions/redhat.java-1.32.0/jre/17.0.11-linux-x86_64/lib/libjava.so
7f4b8c39d000-7f4b8c3a3000 r--p 00020000 08:20 133616                     /home/ccon148/.vscode-server/extensions/redhat.java-1.32.0/jre/17.0.11-linux-x86_64/lib/libjava.so
7f4b8c3a3000-7f4b8c3a4000 ---p 00026000 08:20 133616                     /home/ccon148/.vscode-server/extensions/redhat.java-1.32.0/jre/17.0.11-linux-x86_64/lib/libjava.so
7f4b8c3a4000-7f4b8c3a5000 r--p 00026000 08:20 133616                     /home/ccon148/.vscode-server/extensions/redhat.java-1.32.0/jre/17.0.11-linux-x86_64/lib/libjava.so
7f4b8c3a5000-7f4b8c3a6000 rw-p 00027000 08:20 133616                     /home/ccon148/.vscode-server/extensions/redhat.java-1.32.0/jre/17.0.11-linux-x86_64/lib/libjava.so
7f4b8c3a6000-7f4b8c3a7000 rw-p 00000000 00:00 0 
7f4b8c3a7000-7f4b8c3a9000 r--p 00000000 08:20 133393                     /home/ccon148/.vscode-server/extensions/redhat.java-1.32.0/jre/17.0.11-linux-x86_64/lib/libinstrument.so
7f4b8c3a9000-7f4b8c3af000 r-xp 00002000 08:20 133393                     /home/ccon148/.vscode-server/extensions/redhat.java-1.32.0/jre/17.0.11-linux-x86_64/lib/libinstrument.so
7f4b8c3af000-7f4b8c3b2000 r--p 00008000 08:20 133393                     /home/ccon148/.vscode-server/extensions/redhat.java-1.32.0/jre/17.0.11-linux-x86_64/lib/libinstrument.so
7f4b8c3b2000-7f4b8c3b3000 r--p 0000a000 08:20 133393                     /home/ccon148/.vscode-server/extensions/redhat.java-1.32.0/jre/17.0.11-linux-x86_64/lib/libinstrument.so
7f4b8c3b3000-7f4b8c3b4000 rw-p 0000b000 08:20 133393                     /home/ccon148/.vscode-server/extensions/redhat.java-1.32.0/jre/17.0.11-linux-x86_64/lib/libinstrument.so
7f4b8c3b4000-7f4b8c3b8000 r--p 00000000 08:20 133622                     /home/ccon148/.vscode-server/extensions/redhat.java-1.32.0/jre/17.0.11-linux-x86_64/lib/libjimage.so
7f4b8c3b8000-7f4b8c3cb000 r-xp 00004000 08:20 133622                     /home/ccon148/.vscode-server/extensions/redhat.java-1.32.0/jre/17.0.11-linux-x86_64/lib/libjimage.so
7f4b8c3cb000-7f4b8c3d1000 r--p 00017000 08:20 133622                     /home/ccon148/.vscode-server/extensions/redhat.java-1.32.0/jre/17.0.11-linux-x86_64/lib/libjimage.so
7f4b8c3d1000-7f4b8c3d3000 r--p 0001c000 08:20 133622                     /home/ccon148/.vscode-server/extensions/redhat.java-1.32.0/jre/17.0.11-linux-x86_64/lib/libjimage.so
7f4b8c3d3000-7f4b8c3d4000 rw-p 0001e000 08:20 133622                     /home/ccon148/.vscode-server/extensions/redhat.java-1.32.0/jre/17.0.11-linux-x86_64/lib/libjimage.so
7f4b8c3d4000-7f4b8c3d8000 ---p 00000000 00:00 0 
7f4b8c3d8000-7f4b8c4d4000 rw-p 00000000 00:00 0 
7f4b8c4d4000-7f4b8c4e2000 r--p 00000000 08:20 43672                      /usr/lib/x86_64-linux-gnu/libm.so.6
7f4b8c4e2000-7f4b8c55e000 r-xp 0000e000 08:20 43672                      /usr/lib/x86_64-linux-gnu/libm.so.6
7f4b8c55e000-7f4b8c5b9000 r--p 0008a000 08:20 43672                      /usr/lib/x86_64-linux-gnu/libm.so.6
7f4b8c5b9000-7f4b8c5ba000 r--p 000e4000 08:20 43672                      /usr/lib/x86_64-linux-gnu/libm.so.6
7f4b8c5ba000-7f4b8c5bb000 rw-p 000e5000 08:20 43672                      /usr/lib/x86_64-linux-gnu/libm.so.6
7f4b8c5bb000-7f4b8c5bc000 r--p 00000000 08:20 43686                      /usr/lib/x86_64-linux-gnu/librt.so.1
7f4b8c5bc000-7f4b8c5bd000 r-xp 00001000 08:20 43686                      /usr/lib/x86_64-linux-gnu/librt.so.1
7f4b8c5bd000-7f4b8c5be000 r--p 00002000 08:20 43686                      /usr/lib/x86_64-linux-gnu/librt.so.1
7f4b8c5be000-7f4b8c5bf000 r--p 00002000 08:20 43686                      /usr/lib/x86_64-linux-gnu/librt.so.1
7f4b8c5bf000-7f4b8c5c0000 rw-p 00003000 08:20 43686                      /usr/lib/x86_64-linux-gnu/librt.so.1
7f4b8c5c0000-7f4b8c813000 r--p 00000000 08:20 138849                     /home/ccon148/.vscode-server/extensions/redhat.java-1.32.0/jre/17.0.11-linux-x86_64/lib/server/libjvm.so
7f4b8c813000-7f4b8d535000 r-xp 00253000 08:20 138849                     /home/ccon148/.vscode-server/extensions/redhat.java-1.32.0/jre/17.0.11-linux-x86_64/lib/server/libjvm.so
7f4b8d535000-7f4b8d7c1000 r--p 00f75000 08:20 138849                     /home/ccon148/.vscode-server/extensions/redhat.java-1.32.0/jre/17.0.11-linux-x86_64/lib/server/libjvm.so
7f4b8d7c1000-7f4b8d7c2000 ---p 01201000 08:20 138849                     /home/ccon148/.vscode-server/extensions/redhat.java-1.32.0/jre/17.0.11-linux-x86_64/lib/server/libjvm.so
7f4b8d7c2000-7f4b8d87b000 r--p 01201000 08:20 138849                     /home/ccon148/.vscode-server/extensions/redhat.java-1.32.0/jre/17.0.11-linux-x86_64/lib/server/libjvm.so
7f4b8d87b000-7f4b8d8b0000 rw-p 012ba000 08:20 138849                     /home/ccon148/.vscode-server/extensions/redhat.java-1.32.0/jre/17.0.11-linux-x86_64/lib/server/libjvm.so
7f4b8d8b0000-7f4b8d90c000 rw-p 00000000 00:00 0 
7f4b8d90c000-7f4b8d934000 r--p 00000000 08:20 43669                      /usr/lib/x86_64-linux-gnu/libc.so.6
7f4b8d934000-7f4b8dac9000 r-xp 00028000 08:20 43669                      /usr/lib/x86_64-linux-gnu/libc.so.6
7f4b8dac9000-7f4b8db21000 r--p 001bd000 08:20 43669                      /usr/lib/x86_64-linux-gnu/libc.so.6
7f4b8db21000-7f4b8db22000 ---p 00215000 08:20 43669                      /usr/lib/x86_64-linux-gnu/libc.so.6
7f4b8db22000-7f4b8db26000 r--p 00215000 08:20 43669                      /usr/lib/x86_64-linux-gnu/libc.so.6
7f4b8db26000-7f4b8db28000 rw-p 00219000 08:20 43669                      /usr/lib/x86_64-linux-gnu/libc.so.6
7f4b8db28000-7f4b8db35000 rw-p 00000000 00:00 0 
7f4b8db35000-7f4b8db36000 r--p 00000000 08:20 43671                      /usr/lib/x86_64-linux-gnu/libdl.so.2
7f4b8db36000-7f4b8db37000 r-xp 00001000 08:20 43671                      /usr/lib/x86_64-linux-gnu/libdl.so.2
7f4b8db37000-7f4b8db38000 r--p 00002000 08:20 43671                      /usr/lib/x86_64-linux-gnu/libdl.so.2
7f4b8db38000-7f4b8db39000 r--p 00002000 08:20 43671                      /usr/lib/x86_64-linux-gnu/libdl.so.2
7f4b8db39000-7f4b8db3a000 rw-p 00003000 08:20 43671                      /usr/lib/x86_64-linux-gnu/libdl.so.2
7f4b8db3a000-7f4b8db3b000 r--p 00000000 08:20 43683                      /usr/lib/x86_64-linux-gnu/libpthread.so.0
7f4b8db3b000-7f4b8db3c000 r-xp 00001000 08:20 43683                      /usr/lib/x86_64-linux-gnu/libpthread.so.0
7f4b8db3c000-7f4b8db3d000 r--p 00002000 08:20 43683                      /usr/lib/x86_64-linux-gnu/libpthread.so.0
7f4b8db3d000-7f4b8db3e000 r--p 00002000 08:20 43683                      /usr/lib/x86_64-linux-gnu/libpthread.so.0
7f4b8db3e000-7f4b8db3f000 rw-p 00003000 08:20 43683                      /usr/lib/x86_64-linux-gnu/libpthread.so.0
7f4b8db3f000-7f4b8db40000 r--p 00000000 08:20 21510                      /usr/lib/locale/C.utf8/LC_NAME
7f4b8db40000-7f4b8db41000 r--p 00000000 08:20 21280                      /usr/lib/locale/C.utf8/LC_ADDRESS
7f4b8db41000-7f4b8db42000 r--p 00000000 08:20 21607                      /usr/lib/locale/C.utf8/LC_TELEPHONE
7f4b8db42000-7f4b8db43000 r--p 00000000 08:20 21505                      /usr/lib/locale/C.utf8/LC_MEASUREMENT
7f4b8db43000-7f4b8db44000 r--p 00000000 08:20 21478                      /usr/lib/locale/C.utf8/LC_IDENTIFICATION
7f4b8db44000-7f4b8db45000 ---p 00000000 00:00 0 
7f4b8db45000-7f4b8db46000 r--p 00000000 00:00 0 
7f4b8db46000-7f4b8db49000 r--p 00000000 08:20 133623                     /home/ccon148/.vscode-server/extensions/redhat.java-1.32.0/jre/17.0.11-linux-x86_64/lib/libjli.so
7f4b8db49000-7f4b8db59000 r-xp 00003000 08:20 133623                     /home/ccon148/.vscode-server/extensions/redhat.java-1.32.0/jre/17.0.11-linux-x86_64/lib/libjli.so
7f4b8db59000-7f4b8db60000 r--p 00013000 08:20 133623                     /home/ccon148/.vscode-server/extensions/redhat.java-1.32.0/jre/17.0.11-linux-x86_64/lib/libjli.so
7f4b8db60000-7f4b8db61000 r--p 00019000 08:20 133623                     /home/ccon148/.vscode-server/extensions/redhat.java-1.32.0/jre/17.0.11-linux-x86_64/lib/libjli.so
7f4b8db61000-7f4b8db62000 rw-p 0001a000 08:20 133623                     /home/ccon148/.vscode-server/extensions/redhat.java-1.32.0/jre/17.0.11-linux-x86_64/lib/libjli.so
7f4b8db62000-7f4b8db64000 rw-p 00000000 00:00 0 
7f4b8db64000-7f4b8db66000 r--p 00000000 08:20 43666                      /usr/lib/x86_64-linux-gnu/ld-linux-x86-64.so.2
7f4b8db66000-7f4b8db90000 r-xp 00002000 08:20 43666                      /usr/lib/x86_64-linux-gnu/ld-linux-x86-64.so.2
7f4b8db90000-7f4b8db9b000 r--p 0002c000 08:20 43666                      /usr/lib/x86_64-linux-gnu/ld-linux-x86-64.so.2
7f4b8db9b000-7f4b8db9c000 ---p 00000000 00:00 0 
7f4b8db9c000-7f4b8db9e000 r--p 00037000 08:20 43666                      /usr/lib/x86_64-linux-gnu/ld-linux-x86-64.so.2
7f4b8db9e000-7f4b8dba0000 rw-p 00039000 08:20 43666                      /usr/lib/x86_64-linux-gnu/ld-linux-x86-64.so.2
7fff64552000-7fff64574000 rw-p 00000000 00:00 0                          [stack]
7fff6458f000-7fff64593000 r--p 00000000 00:00 0                          [vvar]
7fff64593000-7fff64595000 r-xp 00000000 00:00 0                          [vdso]


VM Arguments:
jvm_args: --add-modules=ALL-SYSTEM --add-opens=java.base/java.util=ALL-UNNAMED --add-opens=java.base/java.lang=ALL-UNNAMED --add-opens=java.base/sun.nio.fs=ALL-UNNAMED -Declipse.application=org.eclipse.jdt.ls.core.id1 -Dosgi.bundles.defaultStartLevel=4 -Declipse.product=org.eclipse.jdt.ls.core.product -Djava.import.generatesMetadataFilesAtProjectRoot=false -DDetectVMInstallationsJob.disabled=true -Dfile.encoding=utf8 -XX:+UseParallelGC -XX:GCTimeRatio=4 -XX:AdaptiveSizePolicyWeight=90 -Dsun.zip.disableMemoryMapping=true -Xmx1G -Xms100m -Xlog:disable -javaagent:/home/ccon148/.vscode-server/extensions/redhat.java-1.32.0/lombok/lombok-1.18.33.jar -XX:+HeapDumpOnOutOfMemoryError -XX:HeapDumpPath=/home/ccon148/.vscode-server/data/User/workspaceStorage/8a67b5c0f7d6fdbb96bc9a034a3d6e9e/redhat.java -Daether.dependencyCollector.impl=bf 
java_command: /home/ccon148/.vscode-server/extensions/redhat.java-1.32.0/server/plugins/org.eclipse.equinox.launcher_1.6.900.v20240613-2009.jar -configuration /home/ccon148/.vscode-server/data/User/globalStorage/redhat.java/1.32.0/config_linux -data /home/ccon148/.vscode-server/data/User/workspaceStorage/8a67b5c0f7d6fdbb96bc9a034a3d6e9e/redhat.java/jdt_ws --pipe=/run/user/1000/lsp-39e25a01c0a342666393179a2a4fa483.sock
java_class_path (initial): /home/ccon148/.vscode-server/extensions/redhat.java-1.32.0/server/plugins/org.eclipse.equinox.launcher_1.6.900.v20240613-2009.jar
Launcher Type: SUN_STANDARD

[Global flags]
    uintx AdaptiveSizePolicyWeight                 = 90                                        {product} {command line}
     intx CICompilerCount                          = 4                                         {product} {ergonomic}
    uintx GCTimeRatio                              = 4                                         {product} {command line}
     bool HeapDumpOnOutOfMemoryError               = true                                   {manageable} {command line}
    ccstr HeapDumpPath                             = /home/ccon148/.vscode-server/data/User/workspaceStorage/8a67b5c0f7d6fdbb96bc9a034a3d6e9e/redhat.java         {manageable} {command line}
   size_t InitialHeapSize                          = 104857600                                 {product} {command line}
   size_t MaxHeapSize                              = 1073741824                                {product} {command line}
   size_t MaxNewSize                               = 357564416                                 {product} {ergonomic}
   size_t MinHeapDeltaBytes                        = 524288                                    {product} {ergonomic}
   size_t MinHeapSize                              = 104857600                                 {product} {command line}
   size_t NewSize                                  = 34603008                                  {product} {ergonomic}
    uintx NonNMethodCodeHeapSize                   = 5839372                                {pd product} {ergonomic}
    uintx NonProfiledCodeHeapSize                  = 122909434                              {pd product} {ergonomic}
   size_t OldSize                                  = 70254592                                  {product} {ergonomic}
    uintx ProfiledCodeHeapSize                     = 122909434                              {pd product} {ergonomic}
    uintx ReservedCodeCacheSize                    = 251658240                              {pd product} {ergonomic}
     bool SegmentedCodeCache                       = true                                      {product} {ergonomic}
   size_t SoftMaxHeapSize                          = 1073741824                             {manageable} {ergonomic}
     bool UseCompressedClassPointers               = true                           {product lp64_product} {ergonomic}
     bool UseCompressedOops                        = true                           {product lp64_product} {ergonomic}
     bool UseParallelGC                            = true                                      {product} {command line}

Logging:
Log output configuration:
 #0: stdout all=off uptime,level,tags
 #1: stderr all=off uptime,level,tags

Environment Variables:
JAVA_HOME=/home/ccon148/.sdkman/candidates/java/current
PATH=/home/ccon148/.vscode-server/bin/ea1445cc7016315d0f5728f8e8b12a45dc0a7286/bin/remote-cli:/run/user/1000/fnm_multishells/1186_1720159752909/bin:/home/ccon148/.local/share/fnm:/run/user/1000/fnm_multishells/1182_1720159752903/bin:/home/ccon148/.local/share/fnm:/home/ccon148/.sdkman/candidates/quarkus/current/bin:/home/ccon148/.sdkman/candidates/java/current/bin:/usr/local/sbin:/usr/local/bin:/usr/sbin:/usr/bin:/sbin:/bin:/usr/games:/usr/local/games:/usr/lib/wsl/lib:/mnt/c/Program Files/Eclipse Adoptium/jdk-21.0.2.13-hotspot/bin:/mnt/c/Windows/system32:/mnt/c/Windows:/mnt/c/Windows/System32/Wbem:/mnt/c/Windows/System32/WindowsPowerShell/v1.0/:/mnt/c/Windows/System32/OpenSSH/:/mnt/c/Program Files (x86)/Enterprise Vault/EVClient/x64/:/mnt/c/Program Files/dotnet/:/mnt/c/Users/ext-cconstantin/.jbang/bin:/mnt/c/Users/ext-cconstantin/AppData/Local/Microsoft/WindowsApps:/mnt/c/Users/ext-cconstantin/AppData/Local/Programs/Microsoft VS Code/bin:/snap/bin
SHELL=/bin/bash
DISPLAY=:0
HOSTTYPE=x86_64
LANG=C.UTF-8
TERM=xterm-256color

Active Locale:
LC_ALL=C.UTF-8
LC_COLLATE=C.UTF-8
LC_CTYPE=C.UTF-8
LC_MESSAGES=C.UTF-8
LC_MONETARY=C.UTF-8
LC_NUMERIC=C.UTF-8
LC_TIME=C.UTF-8

Signal Handlers:
   SIGSEGV: crash_handler in libjvm.so, mask=11100100010111111101111111111110, flags=SA_RESTART|SA_SIGINFO, unblocked
    SIGBUS: crash_handler in libjvm.so, mask=11100100010111111101111111111110, flags=SA_RESTART|SA_SIGINFO, unblocked
    SIGFPE: crash_handler in libjvm.so, mask=11100100010111111101111111111110, flags=SA_RESTART|SA_SIGINFO, unblocked
   SIGPIPE: javaSignalHandler in libjvm.so, mask=11100100010111111101111111111110, flags=SA_RESTART|SA_SIGINFO, blocked
   SIGXFSZ: javaSignalHandler in libjvm.so, mask=11100100010111111101111111111110, flags=SA_RESTART|SA_SIGINFO, blocked
    SIGILL: crash_handler in libjvm.so, mask=11100100010111111101111111111110, flags=SA_RESTART|SA_SIGINFO, unblocked
   SIGUSR2: SR_handler in libjvm.so, mask=00000000000000000000000000000000, flags=SA_RESTART|SA_SIGINFO, blocked
    SIGHUP: UserHandler in libjvm.so, mask=11100100010111111101111111111110, flags=SA_RESTART|SA_SIGINFO, blocked
    SIGINT: UserHandler in libjvm.so, mask=11100100010111111101111111111110, flags=SA_RESTART|SA_SIGINFO, blocked
   SIGTERM: UserHandler in libjvm.so, mask=11100100010111111101111111111110, flags=SA_RESTART|SA_SIGINFO, blocked
   SIGQUIT: UserHandler in libjvm.so, mask=11100100010111111101111111111110, flags=SA_RESTART|SA_SIGINFO, blocked
   SIGTRAP: crash_handler in libjvm.so, mask=11100100010111111101111111111110, flags=SA_RESTART|SA_SIGINFO, unblocked


Periodic native trim disabled


---------------  S Y S T E M  ---------------

OS:
DISTRIB_ID=Ubuntu
DISTRIB_RELEASE=22.04
DISTRIB_CODENAME=jammy
DISTRIB_DESCRIPTION="Ubuntu 22.04.4 LTS"
uname: Linux 5.15.153.1-microsoft-standard-WSL2 #1 SMP Fri Mar 29 23:14:13 UTC 2024 x86_64
OS uptime: 0 days 0:00 hours
libc: glibc 2.35 NPTL 2.35 
rlimit (soft/hard): STACK 8192k/infinity , CORE 0k/infinity , NPROC 63338/63338 , NOFILE 1048576/1048576 , AS infinity/infinity , CPU infinity/infinity , DATA infinity/infinity , FSIZE infinity/infinity , MEMLOCK 65536k/65536k
load average: 1.23 0.29 0.10

/proc/meminfo:
MemTotal:       16221372 kB
MemFree:        12567520 kB
MemAvailable:   13514996 kB
Buffers:          211068 kB
Cached:           926380 kB
SwapCached:            0 kB
Active:           442376 kB
Inactive:        2717872 kB
Active(anon):       2988 kB
Inactive(anon):  2023244 kB
Active(file):     439388 kB
Inactive(file):   694628 kB
Unevictable:           0 kB
Mlocked:               0 kB
SwapTotal:       4194304 kB
SwapFree:        4194304 kB
Dirty:            174340 kB
Writeback:             0 kB
AnonPages:       2006144 kB
Mapped:           330444 kB
Shmem:              3404 kB
KReclaimable:     122532 kB
Slab:             186620 kB
SReclaimable:     122532 kB
SUnreclaim:        64088 kB
KernelStack:        9360 kB
PageTables:        32408 kB
NFS_Unstable:          0 kB
Bounce:                0 kB
WritebackTmp:          0 kB
CommitLimit:    12304988 kB
Committed_AS:    3824628 kB
VmallocTotal:   34359738367 kB
VmallocUsed:       31304 kB
VmallocChunk:          0 kB
Percpu:             7488 kB
AnonHugePages:    475136 kB
ShmemHugePages:        0 kB
ShmemPmdMapped:        0 kB
FileHugePages:         0 kB
FilePmdMapped:         0 kB
HugePages_Total:       0
HugePages_Free:        0
HugePages_Rsvd:        0
HugePages_Surp:        0
Hugepagesize:       2048 kB
Hugetlb:               0 kB
DirectMap4k:       66560 kB
DirectMap2M:     7110656 kB
DirectMap1G:    17825792 kB

/sys/kernel/mm/transparent_hugepage/enabled: [always] madvise never
/sys/kernel/mm/transparent_hugepage/hpage_pmd_size: 2097152
/sys/kernel/mm/transparent_hugepage/defrag (defrag/compaction efforts parameter): always defer defer+madvise [madvise] never

Process Memory:
Virtual Size: 6485208K (peak: 6485208K)
Resident Set Size: 506444K (peak: 506444K) (anon: 473048K, file: 33396K, shmem: 0K)
Swapped out: 0K
C-Heap outstanding allocations: 128991K, retained: 50680K
glibc malloc tunables: (default)

/proc/sys/kernel/threads-max (system-wide limit on the number of threads): 126677
/proc/sys/vm/max_map_count (maximum number of memory map areas a process may have): 65530
/proc/sys/kernel/pid_max (system-wide limit on number of process identifiers): 4194304

container (cgroup) information:
container_type: cgroupv1
cpu_cpuset_cpus: 0-11
cpu_memory_nodes: 0
active_processor_count: 12
cpu_quota: no quota
cpu_period: 100000
cpu_shares: no shares
memory_limit_in_bytes: unlimited
memory_and_swap_limit_in_bytes: unlimited
memory_soft_limit_in_bytes: unlimited
memory_usage_in_bytes: 3144404 k
memory_max_usage_in_bytes: 846136 k
kernel_memory_usage_in_bytes: 22132 k
kernel_memory_max_usage_in_bytes: unlimited
kernel_memory_limit_in_bytes: 31704 k
maximum number of tasks: not supported
current number of tasks: not supported

Hyper-V virtualization detected
Steal ticks since vm start: 0
Steal ticks percentage since vm start:  0.000

CPU: total 12 (initial active 12) (8 cores per cpu, 2 threads per core) family 6 model 154 stepping 4 microcode 0xffffffff, cx8, cmov, fxsr, ht, mmx, 3dnowpref, sse, sse2, sse3, ssse3, sse4.1, sse4.2, popcnt, lzcnt, tsc, tscinvbit, avx, avx2, aes, erms, clmul, bmi1, bmi2, adx, sha, fma, vzeroupper, clflush, clflushopt, clwb, hv
CPU Model and flags from /proc/cpuinfo:
model name	: 12th Gen Intel(R) Core(TM) i7-1265U
flags		: fpu vme de pse tsc msr pae mce cx8 apic sep mtrr pge mca cmov pat pse36 clflush mmx fxsr sse sse2 ss ht syscall nx pdpe1gb rdtscp lm constant_tsc rep_good nopl xtopology tsc_reliable nonstop_tsc cpuid pni pclmulqdq ssse3 fma cx16 sse4_1 sse4_2 movbe popcnt aes xsave avx f16c rdrand hypervisor lahf_lm abm 3dnowprefetch ssbd ibrs ibpb stibp ibrs_enhanced fsgsbase bmi1 avx2 smep bmi2 erms invpcid rdseed adx smap clflushopt clwb sha_ni xsaveopt xsavec xgetbv1 xsaves umip gfni vaes vpclmulqdq rdpid fsrm md_clear flush_l1d arch_capabilities

Online cpus: 0-11
Offline cpus: 
BIOS frequency limitation: <Not Available>
Frequency switch latency (ns): <Not Available>
Available cpu frequencies: <Not Available>
Current governor: <Not Available>
Core performance/turbo boost: <Not Available>

Memory: 4k page, physical 16221372k(12567520k free), swap 4194304k(4194304k free)
Page Sizes: 4k

vm_info: OpenJDK 64-Bit Server VM (17.0.11+9) for linux-amd64 JRE (17.0.11+9), built on Apr 16 2024 00:00:00 by "admin" with gcc 10.3.0

END.
