#
# A fatal error has been detected by the Java Runtime Environment:
#
#  SIGSEGV (0xb) at pc=0x00007f004e8ade49, pid=1813, tid=1848
#
# JRE version: OpenJDK Runtime Environment Temurin-17.0.11+9 (17.0.11+9) (build 17.0.11+9)
# Java VM: OpenJDK 64-Bit Server VM Temurin-17.0.11+9 (17.0.11+9, mixed mode, tiered, compressed oops, compressed class ptrs, g1 gc, linux-amd64)
# Problematic frame:
# V  [libjvm.so+0xcb0e49]  invoke(InstanceKlass*, methodHandle const&, Handle, bool, objArrayHandle, BasicType, objArrayHandle, bool, JavaThread*) [clone .constprop.0]+0xf9
#
# No core dump will be written. Core dumps have been disabled. To enable core dumping, try "ulimit -c unlimited" before starting Java again
#
# If you would like to submit a bug report, please visit:
#   https://github.com/adoptium/adoptium-support/issues
#

---------------  S U M M A R Y ------------

Command Line: -Xmx100M -XX:+UseG1GC -XX:+UseStringDeduplication -Xlog:disable com.redhat.qute.ls.QuteServerLauncher

Host: 12th Gen Intel(R) Core(TM) i7-1265U, 12 cores, 15G, Ubuntu 22.04.4 LTS
Time: Tue Jul 30 08:22:04 2024 CEST elapsed time: 40.102684 seconds (0d 0h 0m 40s)

---------------  T H R E A D  ---------------

Current thread (0x00007f00483cb190):  JavaThread "pool-4-thread-1" [_thread_in_vm, id=1848, stack(0x00007f0026dcf000,0x00007f0026ecf000)]

Stack: [0x00007f0026dcf000,0x00007f0026ecf000],  sp=0x00007f0026eccd70,  free space=1015k
Native frames: (J=compiled Java code, j=interpreted, Vv=VM code, C=native code)
V  [libjvm.so+0xcb0e49]  invoke(InstanceKlass*, methodHandle const&, Handle, bool, objArrayHandle, BasicType, objArrayHandle, bool, JavaThread*) [clone .constprop.0]+0xf9
V  [libjvm.so+0xcb2207]  Reflection::invoke_method(oopDesc*, Handle, objArrayHandle, JavaThread*)+0x157
V  [libjvm.so+0x9037b7]  JVM_InvokeMethod+0x147
j  jdk.internal.reflect.NativeMethodAccessorImpl.invoke0(Ljava/lang/reflect/Method;Ljava/lang/Object;[Ljava/lang/Object;)Ljava/lang/Object;+0 java.base@17.0.11
j  jdk.internal.reflect.NativeMethodAccessorImpl.invoke(Ljava/lang/Object;[Ljava/lang/Object;)Ljava/lang/Object;+133 java.base@17.0.11
j  jdk.internal.reflect.DelegatingMethodAccessorImpl.invoke(Ljava/lang/Object;[Ljava/lang/Object;)Ljava/lang/Object;+6 java.base@17.0.11
j  java.lang.reflect.Method.invoke(Ljava/lang/Object;[Ljava/lang/Object;)Ljava/lang/Object;+59 java.base@17.0.11
j  org.eclipse.lsp4j.jsonrpc.services.GenericEndpoint.lambda$null$0(Lorg/eclipse/lsp4j/jsonrpc/services/AnnotationUtil$MethodInfo;Ljava/lang/Object;Ljava/lang/Object;)Ljava/util/concurrent/CompletableFuture;+20
j  org.eclipse.lsp4j.jsonrpc.services.GenericEndpoint$$Lambda$40+0x000000010015ba08.apply(Ljava/lang/Object;)Ljava/lang/Object;+13
j  org.eclipse.lsp4j.jsonrpc.services.GenericEndpoint.notify(Ljava/lang/String;Ljava/lang/Object;)V+18
j  org.eclipse.lsp4j.jsonrpc.RemoteEndpoint.handleNotification(Lorg/eclipse/lsp4j/jsonrpc/messages/NotificationMessage;)V+20
j  org.eclipse.lsp4j.jsonrpc.RemoteEndpoint.consume(Lorg/eclipse/lsp4j/jsonrpc/messages/Message;)V+14
j  com.redhat.qute.ls.commons.ParentProcessWatcher.lambda$apply$0(Lorg/eclipse/lsp4j/jsonrpc/MessageConsumer;Lorg/eclipse/lsp4j/jsonrpc/messages/Message;)V+21
j  com.redhat.qute.ls.commons.ParentProcessWatcher$$Lambda$38+0x000000010015b350.consume(Lorg/eclipse/lsp4j/jsonrpc/messages/Message;)V+9
j  org.eclipse.lsp4j.jsonrpc.json.StreamMessageProducer.handleMessage(Ljava/io/InputStream;Lorg/eclipse/lsp4j/jsonrpc/json/StreamMessageProducer$Headers;)Z+99
j  org.eclipse.lsp4j.jsonrpc.json.StreamMessageProducer.listen(Lorg/eclipse/lsp4j/jsonrpc/MessageConsumer;)V+158
j  org.eclipse.lsp4j.jsonrpc.json.ConcurrentMessageProcessor.run()V+12
j  java.util.concurrent.Executors$RunnableAdapter.call()Ljava/lang/Object;+4 java.base@17.0.11
j  java.util.concurrent.FutureTask.run()V+39 java.base@17.0.11
j  java.util.concurrent.ThreadPoolExecutor.runWorker(Ljava/util/concurrent/ThreadPoolExecutor$Worker;)V+92 java.base@17.0.11
j  java.util.concurrent.ThreadPoolExecutor$Worker.run()V+5 java.base@17.0.11
j  java.lang.Thread.run()V+11 java.base@17.0.11
v  ~StubRoutines::call_stub
V  [libjvm.so+0x82a8b5]  JavaCalls::call_helper(JavaValue*, methodHandle const&, JavaCallArguments*, JavaThread*)+0x315
V  [libjvm.so+0x82c0ab]  JavaCalls::call_virtual(JavaValue*, Handle, Klass*, Symbol*, Symbol*, JavaThread*)+0x1cb
V  [libjvm.so+0x8f8393]  thread_entry(JavaThread*, JavaThread*)+0xa3
V  [libjvm.so+0xe61c36]  JavaThread::thread_main_inner()+0x196
V  [libjvm.so+0xe655d8]  Thread::call_run()+0xa8
V  [libjvm.so+0xc26851]  thread_native_entry(Thread*)+0xe1

Java frames: (J=compiled Java code, j=interpreted, Vv=VM code)
j  jdk.internal.reflect.NativeMethodAccessorImpl.invoke0(Ljava/lang/reflect/Method;Ljava/lang/Object;[Ljava/lang/Object;)Ljava/lang/Object;+0 java.base@17.0.11
j  jdk.internal.reflect.NativeMethodAccessorImpl.invoke(Ljava/lang/Object;[Ljava/lang/Object;)Ljava/lang/Object;+133 java.base@17.0.11
j  jdk.internal.reflect.DelegatingMethodAccessorImpl.invoke(Ljava/lang/Object;[Ljava/lang/Object;)Ljava/lang/Object;+6 java.base@17.0.11
j  java.lang.reflect.Method.invoke(Ljava/lang/Object;[Ljava/lang/Object;)Ljava/lang/Object;+59 java.base@17.0.11
j  org.eclipse.lsp4j.jsonrpc.services.GenericEndpoint.lambda$null$0(Lorg/eclipse/lsp4j/jsonrpc/services/AnnotationUtil$MethodInfo;Ljava/lang/Object;Ljava/lang/Object;)Ljava/util/concurrent/CompletableFuture;+20
j  org.eclipse.lsp4j.jsonrpc.services.GenericEndpoint$$Lambda$40+0x000000010015ba08.apply(Ljava/lang/Object;)Ljava/lang/Object;+13
j  org.eclipse.lsp4j.jsonrpc.services.GenericEndpoint.notify(Ljava/lang/String;Ljava/lang/Object;)V+18
j  org.eclipse.lsp4j.jsonrpc.RemoteEndpoint.handleNotification(Lorg/eclipse/lsp4j/jsonrpc/messages/NotificationMessage;)V+20
j  org.eclipse.lsp4j.jsonrpc.RemoteEndpoint.consume(Lorg/eclipse/lsp4j/jsonrpc/messages/Message;)V+14
j  com.redhat.qute.ls.commons.ParentProcessWatcher.lambda$apply$0(Lorg/eclipse/lsp4j/jsonrpc/MessageConsumer;Lorg/eclipse/lsp4j/jsonrpc/messages/Message;)V+21
j  com.redhat.qute.ls.commons.ParentProcessWatcher$$Lambda$38+0x000000010015b350.consume(Lorg/eclipse/lsp4j/jsonrpc/messages/Message;)V+9
j  org.eclipse.lsp4j.jsonrpc.json.StreamMessageProducer.handleMessage(Ljava/io/InputStream;Lorg/eclipse/lsp4j/jsonrpc/json/StreamMessageProducer$Headers;)Z+99
j  org.eclipse.lsp4j.jsonrpc.json.StreamMessageProducer.listen(Lorg/eclipse/lsp4j/jsonrpc/MessageConsumer;)V+158
j  org.eclipse.lsp4j.jsonrpc.json.ConcurrentMessageProcessor.run()V+12
j  java.util.concurrent.Executors$RunnableAdapter.call()Ljava/lang/Object;+4 java.base@17.0.11
j  java.util.concurrent.FutureTask.run()V+39 java.base@17.0.11
j  java.util.concurrent.ThreadPoolExecutor.runWorker(Ljava/util/concurrent/ThreadPoolExecutor$Worker;)V+92 java.base@17.0.11
j  java.util.concurrent.ThreadPoolExecutor$Worker.run()V+5 java.base@17.0.11
j  java.lang.Thread.run()V+11 java.base@17.0.11
v  ~StubRoutines::call_stub

siginfo: si_signo: 11 (SIGSEGV), si_code: 1 (SEGV_MAPERR), si_addr: 0x0000000000000020

Registers:
RAX=0x0000000000000401, RBX=0x00007f0026ecd000, RCX=0x0000000000000003, RDX=0x00007f001c40c578
RSP=0x00007f0026eccd70, RBP=0x00007f0026eccfc0, RSI=0x0000000000000020, RDI=0x0000000000000020
R8 =0x00007f004eebc320, R9 =0x00007f00483cb7b8, R10=0x0000000000000000, R11=0x00000000ffd2a9a8
R12=0x00007f00483cb7b0, R13=0x0000000100002d58, R14=0x00007f004ef033ad, R15=0x00007f00483cb190
RIP=0x00007f004e8ade49, EFLAGS=0x0000000000010246, CSGSFS=0x002b000000000033, ERR=0x0000000000000004
  TRAPNO=0x000000000000000e


Register to memory mapping:

RAX=0x0000000000000401 is an unknown value
RBX=0x00007f0026ecd000 is pointing into the stack for thread: 0x00007f00483cb190
RCX=0x0000000000000003 is an unknown value
RDX={method} {0x00007f001c40c578} 'didChangeWatchedFiles' '(Lorg/eclipse/lsp4j/DidChangeWatchedFilesParams;)V' in 'org/eclipse/lsp4j/services/WorkspaceService'
RSP=0x00007f0026eccd70 is pointing into the stack for thread: 0x00007f00483cb190
RBP=0x00007f0026eccfc0 is pointing into the stack for thread: 0x00007f00483cb190
RSI=0x0000000000000020 is an unknown value
RDI=0x0000000000000020 is an unknown value
R8 =0x00007f004eebc320: <offset 0x00000000012bf320> in /home/ccon148/.vscode-server/extensions/redhat.java-1.32.0/jre/17.0.11-linux-x86_64/lib/server/libjvm.so at 0x00007f004dbfd000
R9 =0x00007f00483cb7b8 points into unknown readable memory: 0x00000000feea1820 | 20 18 ea fe 00 00 00 00
R10=0x0 is NULL
R11=0x00000000ffd2a9a8 is an oop: java.lang.Class 
{0x00000000ffd2a9a8} - klass: 'java/lang/Class'
 - ---- fields (total size 16 words):
 - private volatile transient 'classRedefinedCount' 'I' @12  0
 - private volatile transient 'cachedConstructor' 'Ljava/lang/reflect/Constructor;' @40  NULL (0)
 - private transient 'name' 'Ljava/lang/String;' @44  NULL (0)
 - private transient 'module' 'Ljava/lang/Module;' @48  a 'java/lang/Module'{0x00000000fff57f60} (fff57f60)
 - private final 'classLoader' 'Ljava/lang/ClassLoader;' @52  NULL (0)
 - private transient 'classData' 'Ljava/lang/Object;' @56  NULL (0)
 - private transient 'packageName' 'Ljava/lang/String;' @60  NULL (0)
 - private final 'componentType' 'Ljava/lang/Class;' @64  NULL (0)
 - private volatile transient 'reflectionData' 'Ljava/lang/ref/SoftReference;' @68  NULL (0)
 - private volatile transient 'genericInfo' 'Lsun/reflect/generics/repository/ClassRepository;' @72  NULL (0)
 - private volatile transient 'enumConstants' '[Ljava/lang/Object;' @76  NULL (0)
 - private volatile transient 'enumConstantDirectory' 'Ljava/util/Map;' @80  NULL (0)
 - private volatile transient 'annotationData' 'Ljava/lang/Class$AnnotationData;' @84  NULL (0)
 - private volatile transient 'annotationType' 'Lsun/reflect/annotation/AnnotationType;' @88  NULL (0)
 - transient 'classValueMap' 'Ljava/lang/ClassValue$ClassValueMap;' @92  NULL (0)
 - signature: Ljdk/internal/reflect/NativeMethodAccessorImpl;
 - fake entry for mirror: 'jdk/internal/reflect/NativeMethodAccessorImpl'
 - fake entry for array: NULL
 - fake entry for oop_size: 16
 - fake entry for static_oop_field_count: 1
 - private static final 'U' 'Ljdk/internal/misc/Unsafe;' @112  a 'jdk/internal/misc/Unsafe'{0x00000000fff0b240} (fff0b240)
 - private static final 'GENERATED_OFFSET' 'J' @120  16 (10 0)
R12=0x00007f00483cb7b0 points into unknown readable memory: 0x00000000ff9f4d38 | 38 4d 9f ff 00 00 00 00
R13=0x0000000100002d58 is a pointer to class: 
org.eclipse.lsp4j.services.WorkspaceService {0x0000000100002d58}
 - instance size:     2
 - klass size:        64
 - access:            public interface abstract 
 - state:             fully_initialized
 - name:              'org/eclipse/lsp4j/services/WorkspaceService'
 - super:             'java/lang/Object'
 - sub:               
 - nof implementors:  1
 - implementor:    
   'com/redhat/qute/ls/QuteWorkspaceService'
 - arrays:            NULL
 - methods:           Array<T>(0x00007f001c40c1c8)
 - method ordering:   Array<T>(0x00007f001c000018)
 - default_methods:   Array<T>(0x0000000000000000)
 - local interfaces:  Array<T>(0x00007f001c000058)
 - trans. interfaces: Array<T>(0x00007f001c000058)
 - constants:         constant pool [73] {0x00007f001c403ac8} for 'org/eclipse/lsp4j/services/WorkspaceService' cache=0x00007f001c6c1250
 - class loader data:  loader data: 0x00007f00481ad6d0 for instance a 'jdk/internal/loader/ClassLoaders$AppClassLoader'{0x00000000fff53e30}
 - source file:       'WorkspaceService.java'
 - class annotations:       Array<T>(0x00007f001c40cc40)
 - class type annotations:  Array<T>(0x0000000000000000)
 - field annotations:       Array<T>(0x0000000000000000)
 - field type annotations:  Array<T>(0x0000000000000000)
 - inner classes:     Array<T>(0x00007f001c000028)
 - nest members:     Array<T>(0x00007f001c000028)
 - permitted subclasses:     Array<T>(0x00007f001c000028)
 - java mirror:       a 'java/lang/Class'{0x00000000ffe749a0} = 'org/eclipse/lsp4j/services/WorkspaceService'
 - vtable length      5  (start addr: 0x0000000100002f28)
 - itable length      0 (start addr: 0x0000000100002f50)
 - ---- static fields (0 words):
 - ---- non-static fields (0 words):
 - non-static oop maps: 
R14=0x00007f004ef033ad: <offset 0x00000000013063ad> in /home/ccon148/.vscode-server/extensions/redhat.java-1.32.0/jre/17.0.11-linux-x86_64/lib/server/libjvm.so at 0x00007f004dbfd000
R15=0x00007f00483cb190 is a thread


Top of Stack: (sp=0x00007f0026eccd70)
0x00007f0026eccd70:   00007f003d91524e 0000000000000000
0x00007f0026eccd80:   00007f0026eccfd8 00007f0036539634
0x00007f0026eccd90:   00000000000003d8 000000000000000e
0x00007f0026eccda0:   00007efff4075d48 00000000fff0b240
0x00007f0026eccdb0:   00007f00483cb710 0000000000000000
0x00007f0026eccdc0:   00007efff4075970 00007efff4075960
0x00007f0026eccdd0:   0000000000000000 00000000ffb8c1d8
0x00007f0026eccde0:   00007f00483cb7b8 00007f00483cb7c0
0x00007f0026eccdf0:   0000000000000000 0000000000000000
0x00007f0026ecce00:   00007f003d9156c2 00000000fee98878
0x00007f0026ecce10:   0000000000000002 00000000feea1790
0x00007f0026ecce20:   00007f0026ecce20 00007f001c054890
0x00007f0026ecce30:   0000000000000001 00007f0026ecce38
0x00007f0026ecce40:   00007f0026eccef0 00007f003657cc3c
0x00007f0026ecce50:   00007f001c16aeb8 00007f001cbbd7d0
0x00007f0026ecce60:   00000000fff0b750 00007f001c16aca8
0x00007f0026ecce70:   00007f001c0a1810 00007f00483cb190
0x00007f0026ecce80:   00000000fee98878 00000000fee988c8
0x00007f0026ecce90:   0000007d00000001 00007f004ea940d1
0x00007f0026eccea0:   0000000000000000 00007f001c0a1808
0x00007f0026ecceb0:   00007f003d91950b 0000000000000000
0x00007f0026eccec0:   0000000000000000 00007f003d91997d
0x00007f0026ecced0:   00007f00483cb190 0000000000000000
0x00007f0026eccee0:   00007f0026ecd138 00007f0036539844
0x00007f0026eccef0:   00007f001c0130d8 0000000000000000
0x00007f0026eccf00:   00007f0026eccf00 0000000000000000
0x00007f0026eccf10:   00007f0026eccf88 00007f001c101d68
0x00007f0026eccf20:   0000000000000000 00000000fff03c50
0x00007f0026eccf30:   00007f001c0a1810 0000000000000000
0x00007f0026eccf40:   00007f0026eccf68 00007f0026eccfd8
0x00007f0026eccf50:   00007f003d91524e 00000000fff52150
0x00007f0026eccf60:   00007f0026eccf60 00007f001c0c1de8 

Instructions: (pc=0x00007f004e8ade49)
0x00007f004e8add49:   1f 84 00 00 00 00 00 55 66 0f ef c0 48 89 e5 41
0x00007f004e8add59:   57 41 56 41 55 49 89 fd 41 54 49 89 d4 53 48 89
0x00007f004e8add69:   f3 48 81 ec 28 02 00 00 48 89 8d 28 fe ff ff 4c
0x00007f004e8add79:   8b 7d 10 44 89 85 d8 fd ff ff 4c 89 8d 20 fe ff
0x00007f004e8add89:   ff 4c 89 fe 64 48 8b 04 25 28 00 00 00 48 89 45
0x00007f004e8add99:   c8 49 8b 87 38 02 00 00 0f 29 85 30 fe ff ff 48
0x00007f004e8adda9:   8b 50 10 48 89 85 f0 fd ff ff 48 89 95 08 fe ff
0x00007f004e8addb9:   ff 48 8b 50 18 48 89 95 00 fe ff ff 48 8b 50 20
0x00007f004e8addc9:   48 8b 40 28 48 89 95 e0 fd ff ff 48 89 85 d0 fd
0x00007f004e8addd9:   ff ff 48 8b 07 ff 90 b0 00 00 00 49 8b 47 08 48
0x00007f004e8adde9:   89 85 f8 fd ff ff 48 85 c0 0f 85 68 05 00 00 48
0x00007f004e8addf9:   8b 13 8b 42 28 89 c1 83 e1 08 89 8d 10 fe ff ff
0x00007f004e8ade09:   0f 85 91 01 00 00 4d 85 e4 0f 84 a4 0d 00 00 4c
0x00007f004e8ade19:   8d 35 8e 55 65 00 41 8b 7d 14 49 8b 0c 24 41 80
0x00007f004e8ade29:   3e 00 48 89 fe 0f 84 dc 08 00 00 4c 8d 05 e5 e4
0x00007f004e8ade39:   60 00 44 8b 51 08 41 8b 48 08 49 d3 e2 4d 03 10
0x00007f004e8ade49:   4d 3b 2c 3a 0f 84 18 01 00 00 83 fe 20 0f 84 d4
0x00007f004e8ade59:   00 00 00 48 8d 05 dd 83 67 00 4c 8d 05 16 2a 35
0x00007f004e8ade69:   00 ba d7 03 00 00 48 8b 88 38 04 00 00 48 8d 35
0x00007f004e8ade79:   b3 27 35 00 4c 89 ff e8 4b a0 a0 ff 48 8d 85 30
0x00007f004e8ade89:   fe ff ff 48 89 85 e8 fd ff ff 0f 1f 44 00 00 48
0x00007f004e8ade99:   8b bd e8 fd ff ff e8 cc 89 b0 ff 48 8b 9d 08 fe
0x00007f004e8adea9:   ff ff 48 83 3b 00 74 1b 48 8b bd f0 fd ff ff 48
0x00007f004e8adeb9:   8b b5 d0 fd ff ff e8 5c 06 72 ff 48 89 df e8 e4
0x00007f004e8adec9:   fc 71 ff 48 8b 85 f0 fd ff ff 48 8b 9d 00 fe ff
0x00007f004e8aded9:   ff 48 3b 58 18 74 1e f3 0f 7e 85 08 fe ff ff 48
0x00007f004e8adee9:   8b 9d e0 fd ff ff 48 89 58 20 0f 16 85 00 fe ff
0x00007f004e8adef9:   ff 0f 11 40 10 48 8b 45 c8 64 48 2b 04 25 28 00
0x00007f004e8adf09:   00 00 0f 85 7f 0f 00 00 48 8b 85 f8 fd ff ff 48
0x00007f004e8adf19:   81 c4 28 02 00 00 5b 41 5c 41 5d 41 5e 41 5f 5d
0x00007f004e8adf29:   c3 66 0f 1f 44 00 00 4c 89 ee 4c 89 d7 e8 45 bb
0x00007f004e8adf39:   da ff 84 c0 0f 84 19 ff ff ff 48 8b 13 41 80 3e 


Stack slot to memory mapping:
stack at sp + 0 slots: 0x00007f003d91524e is at code_begin+1134 in an Interpreter codelet
return entry points  [0x00007f003d914de0, 0x00007f003d915900]  2848 bytes
stack at sp + 1 slots: 0x0 is NULL
stack at sp + 2 slots: 0x00007f0026eccfd8 is pointing into the stack for thread: 0x00007f00483cb190
stack at sp + 3 slots: 0x00007f0036539634 is at entry_point+308 in (nmethod*)0x00007f0036538910
Compiled method (c1)   40105  813       3       com.google.gson.stream.JsonReader::doPeek (744 bytes)
 total in heap  [0x00007f0036538910,0x00007f0036541190] = 34944
 relocation     [0x00007f0036538a70,0x00007f00365394f0] = 2688
 main code      [0x00007f0036539500,0x00007f003653eb60] = 22112
 stub code      [0x00007f003653eb60,0x00007f003653f260] = 1792
 oops           [0x00007f003653f260,0x00007f003653f2a0] = 64
 metadata       [0x00007f003653f2a0,0x00007f003653f2d8] = 56
 scopes data    [0x00007f003653f2d8,0x00007f0036540030] = 3416
 scopes pcs     [0x00007f0036540030,0x00007f00365410b0] = 4224
 dependencies   [0x00007f00365410b0,0x00007f00365410c0] = 16
 nul chk table  [0x00007f00365410c0,0x00007f0036541190] = 208
stack at sp + 4 slots: 0x00000000000003d8 is an unknown value
stack at sp + 5 slots: 0x000000000000000e is an unknown value
stack at sp + 6 slots: 0x00007efff4075d48 points into unknown readable memory: 0x00000000000003f5 | f5 03 00 00 00 00 00 00
stack at sp + 7 slots: 0x00000000fff0b240 is an oop: jdk.internal.misc.Unsafe 
{0x00000000fff0b240} - klass: 'jdk/internal/misc/Unsafe'
 - ---- fields (total size 2 words):


---------------  P R O C E S S  ---------------

Threads class SMR info:
_java_thread_list=0x00007effd4000c40, length=13, elements={
0x00007f004813efe0, 0x00007f0048140590, 0x00007f00481649c0, 0x00007f00481682d0,
0x00007f00481692a0, 0x00007f004816a930, 0x00007f004816be20, 0x00007f0048175290,
0x00007f00481e5180, 0x00007f00481f16f0, 0x00007f00483872c0, 0x00007f00483cb190,
0x00007f0048025d90
}

Java Threads: ( => current thread )
  0x00007f004813efe0 JavaThread "Reference Handler" daemon [_thread_blocked, id=1822, stack(0x00007f0027a7b000,0x00007f0027b7b000)]
  0x00007f0048140590 JavaThread "Finalizer" daemon [_thread_blocked, id=1823, stack(0x00007f002797a000,0x00007f0027a7a000)]
  0x00007f00481649c0 JavaThread "Signal Dispatcher" daemon [_thread_blocked, id=1824, stack(0x00007f0027822000,0x00007f0027922000)]
  0x00007f00481682d0 JavaThread "Service Thread" daemon [_thread_blocked, id=1825, stack(0x00007f0027721000,0x00007f0027821000)]
  0x00007f00481692a0 JavaThread "Monitor Deflation Thread" daemon [_thread_blocked, id=1826, stack(0x00007f0027620000,0x00007f0027720000)]
  0x00007f004816a930 JavaThread "C2 CompilerThread0" daemon [_thread_blocked, id=1827, stack(0x00007f002751f000,0x00007f002761f000)]
  0x00007f004816be20 JavaThread "C1 CompilerThread0" daemon [_thread_blocked, id=1828, stack(0x00007f002741e000,0x00007f002751e000)]
  0x00007f0048175290 JavaThread "Sweeper thread" daemon [_thread_blocked, id=1829, stack(0x00007f002731d000,0x00007f002741d000)]
  0x00007f00481e5180 JavaThread "Notification Thread" daemon [_thread_blocked, id=1830, stack(0x00007f002721c000,0x00007f002731c000)]
  0x00007f00481f16f0 JavaThread "Common-Cleaner" daemon [_thread_blocked, id=1832, stack(0x00007f002701a000,0x00007f002711a000)]
  0x00007f00483872c0 JavaThread "pool-3-thread-1" [_thread_blocked, id=1840, stack(0x00007f0026ed0000,0x00007f0026fd0000)]
=>0x00007f00483cb190 JavaThread "pool-4-thread-1" [_thread_in_vm, id=1848, stack(0x00007f0026dcf000,0x00007f0026ecf000)]
  0x00007f0048025d90 JavaThread "DestroyJavaVM" [_thread_blocked, id=1814, stack(0x00007f004da11000,0x00007f004db11000)]

Other Threads:
  0x00007f004812e670 VMThread "VM Thread" [stack: 0x00007f0027b7c000,0x00007f0027c7c000] [id=1821]
  0x00007f00481e6850 WatcherThread [stack: 0x00007f002711b000,0x00007f002721b000] [id=1831]
  0x00007f00480491d0 GCTaskThread "GC Thread#0" [stack: 0x00007f004c916000,0x00007f004ca16000] [id=1815]
  0x00007f004804b470 ConcurrentGCThread "G1 Main Marker" [stack: 0x00007f004c815000,0x00007f004c915000] [id=1816]
  0x00007f004804c3e0 ConcurrentGCThread "G1 Conc#0" [stack: 0x00007f004c714000,0x00007f004c814000] [id=1817]
  0x00007f00480ba7d0 ConcurrentGCThread "G1 Refine#0" [stack: 0x00007f0027f00000,0x00007f0028000000] [id=1818]
  0x00007f00480bb6d0 ConcurrentGCThread "G1 Service" [stack: 0x00007f0027dff000,0x00007f0027eff000] [id=1819]
  0x00007f00480e5910 ConcurrentGCThread "StringDedupProcessor" [stack: 0x00007f0027c7d000,0x00007f0027d7d000] [id=1820]

Threads with active compile tasks:

VM state: not at safepoint (normal execution)

VM Mutex/Monitor currently owned by a thread: None

Heap address: 0x00000000f9c00000, size: 100 MB, Compressed Oops mode: 32-bit

CDS archive(s) not mapped
Compressed class space mapped at: 0x0000000100000000-0x0000000140000000, reserved size: 1073741824
Narrow klass base: 0x0000000000000000, Narrow klass shift: 3, Narrow klass range: 0x140000000

GC Precious Log:
 CPUs: 12 total, 12 available
 Memory: 15841M
 Large Page Support: Disabled
 NUMA Support: Disabled
 Compressed Oops: Enabled (32-bit)
 Heap Region Size: 1M
 Heap Min Capacity: 8M
 Heap Initial Capacity: 100M
 Heap Max Capacity: 100M
 Pre-touch: Disabled
 Parallel Workers: 10
 Concurrent Workers: 3
 Concurrent Refinement Workers: 10
 Periodic GC: Disabled
 String Deduplication is enabled

Heap:
 garbage-first heap   total 102400K, used 17408K [0x00000000f9c00000, 0x0000000100000000)
  region size 1024K, 18 young (18432K), 0 survivors (0K)
 Metaspace       used 13863K, committed 14016K, reserved 1114112K
  class space    used 1519K, committed 1600K, reserved 1048576K

Heap Regions: E=young(eden), S=young(survivor), O=old, HS=humongous(starts), HC=humongous(continues), CS=collection set, F=free, OA=open archive, CA=closed archive, TAMS=top-at-mark-start (previous, next)
|   0|0x00000000f9c00000, 0x00000000f9c00000, 0x00000000f9d00000|  0%| F|  |TAMS 0x00000000f9c00000, 0x00000000f9c00000| Untracked 
|   1|0x00000000f9d00000, 0x00000000f9d00000, 0x00000000f9e00000|  0%| F|  |TAMS 0x00000000f9d00000, 0x00000000f9d00000| Untracked 
|   2|0x00000000f9e00000, 0x00000000f9e00000, 0x00000000f9f00000|  0%| F|  |TAMS 0x00000000f9e00000, 0x00000000f9e00000| Untracked 
|   3|0x00000000f9f00000, 0x00000000f9f00000, 0x00000000fa000000|  0%| F|  |TAMS 0x00000000f9f00000, 0x00000000f9f00000| Untracked 
|   4|0x00000000fa000000, 0x00000000fa000000, 0x00000000fa100000|  0%| F|  |TAMS 0x00000000fa000000, 0x00000000fa000000| Untracked 
|   5|0x00000000fa100000, 0x00000000fa100000, 0x00000000fa200000|  0%| F|  |TAMS 0x00000000fa100000, 0x00000000fa100000| Untracked 
|   6|0x00000000fa200000, 0x00000000fa200000, 0x00000000fa300000|  0%| F|  |TAMS 0x00000000fa200000, 0x00000000fa200000| Untracked 
|   7|0x00000000fa300000, 0x00000000fa300000, 0x00000000fa400000|  0%| F|  |TAMS 0x00000000fa300000, 0x00000000fa300000| Untracked 
|   8|0x00000000fa400000, 0x00000000fa400000, 0x00000000fa500000|  0%| F|  |TAMS 0x00000000fa400000, 0x00000000fa400000| Untracked 
|   9|0x00000000fa500000, 0x00000000fa500000, 0x00000000fa600000|  0%| F|  |TAMS 0x00000000fa500000, 0x00000000fa500000| Untracked 
|  10|0x00000000fa600000, 0x00000000fa600000, 0x00000000fa700000|  0%| F|  |TAMS 0x00000000fa600000, 0x00000000fa600000| Untracked 
|  11|0x00000000fa700000, 0x00000000fa700000, 0x00000000fa800000|  0%| F|  |TAMS 0x00000000fa700000, 0x00000000fa700000| Untracked 
|  12|0x00000000fa800000, 0x00000000fa800000, 0x00000000fa900000|  0%| F|  |TAMS 0x00000000fa800000, 0x00000000fa800000| Untracked 
|  13|0x00000000fa900000, 0x00000000fa900000, 0x00000000faa00000|  0%| F|  |TAMS 0x00000000fa900000, 0x00000000fa900000| Untracked 
|  14|0x00000000faa00000, 0x00000000faa00000, 0x00000000fab00000|  0%| F|  |TAMS 0x00000000faa00000, 0x00000000faa00000| Untracked 
|  15|0x00000000fab00000, 0x00000000fab00000, 0x00000000fac00000|  0%| F|  |TAMS 0x00000000fab00000, 0x00000000fab00000| Untracked 
|  16|0x00000000fac00000, 0x00000000fac00000, 0x00000000fad00000|  0%| F|  |TAMS 0x00000000fac00000, 0x00000000fac00000| Untracked 
|  17|0x00000000fad00000, 0x00000000fad00000, 0x00000000fae00000|  0%| F|  |TAMS 0x00000000fad00000, 0x00000000fad00000| Untracked 
|  18|0x00000000fae00000, 0x00000000fae00000, 0x00000000faf00000|  0%| F|  |TAMS 0x00000000fae00000, 0x00000000fae00000| Untracked 
|  19|0x00000000faf00000, 0x00000000faf00000, 0x00000000fb000000|  0%| F|  |TAMS 0x00000000faf00000, 0x00000000faf00000| Untracked 
|  20|0x00000000fb000000, 0x00000000fb000000, 0x00000000fb100000|  0%| F|  |TAMS 0x00000000fb000000, 0x00000000fb000000| Untracked 
|  21|0x00000000fb100000, 0x00000000fb100000, 0x00000000fb200000|  0%| F|  |TAMS 0x00000000fb100000, 0x00000000fb100000| Untracked 
|  22|0x00000000fb200000, 0x00000000fb200000, 0x00000000fb300000|  0%| F|  |TAMS 0x00000000fb200000, 0x00000000fb200000| Untracked 
|  23|0x00000000fb300000, 0x00000000fb300000, 0x00000000fb400000|  0%| F|  |TAMS 0x00000000fb300000, 0x00000000fb300000| Untracked 
|  24|0x00000000fb400000, 0x00000000fb400000, 0x00000000fb500000|  0%| F|  |TAMS 0x00000000fb400000, 0x00000000fb400000| Untracked 
|  25|0x00000000fb500000, 0x00000000fb500000, 0x00000000fb600000|  0%| F|  |TAMS 0x00000000fb500000, 0x00000000fb500000| Untracked 
|  26|0x00000000fb600000, 0x00000000fb600000, 0x00000000fb700000|  0%| F|  |TAMS 0x00000000fb600000, 0x00000000fb600000| Untracked 
|  27|0x00000000fb700000, 0x00000000fb700000, 0x00000000fb800000|  0%| F|  |TAMS 0x00000000fb700000, 0x00000000fb700000| Untracked 
|  28|0x00000000fb800000, 0x00000000fb800000, 0x00000000fb900000|  0%| F|  |TAMS 0x00000000fb800000, 0x00000000fb800000| Untracked 
|  29|0x00000000fb900000, 0x00000000fb900000, 0x00000000fba00000|  0%| F|  |TAMS 0x00000000fb900000, 0x00000000fb900000| Untracked 
|  30|0x00000000fba00000, 0x00000000fba00000, 0x00000000fbb00000|  0%| F|  |TAMS 0x00000000fba00000, 0x00000000fba00000| Untracked 
|  31|0x00000000fbb00000, 0x00000000fbb00000, 0x00000000fbc00000|  0%| F|  |TAMS 0x00000000fbb00000, 0x00000000fbb00000| Untracked 
|  32|0x00000000fbc00000, 0x00000000fbc00000, 0x00000000fbd00000|  0%| F|  |TAMS 0x00000000fbc00000, 0x00000000fbc00000| Untracked 
|  33|0x00000000fbd00000, 0x00000000fbd00000, 0x00000000fbe00000|  0%| F|  |TAMS 0x00000000fbd00000, 0x00000000fbd00000| Untracked 
|  34|0x00000000fbe00000, 0x00000000fbe00000, 0x00000000fbf00000|  0%| F|  |TAMS 0x00000000fbe00000, 0x00000000fbe00000| Untracked 
|  35|0x00000000fbf00000, 0x00000000fbf00000, 0x00000000fc000000|  0%| F|  |TAMS 0x00000000fbf00000, 0x00000000fbf00000| Untracked 
|  36|0x00000000fc000000, 0x00000000fc000000, 0x00000000fc100000|  0%| F|  |TAMS 0x00000000fc000000, 0x00000000fc000000| Untracked 
|  37|0x00000000fc100000, 0x00000000fc100000, 0x00000000fc200000|  0%| F|  |TAMS 0x00000000fc100000, 0x00000000fc100000| Untracked 
|  38|0x00000000fc200000, 0x00000000fc200000, 0x00000000fc300000|  0%| F|  |TAMS 0x00000000fc200000, 0x00000000fc200000| Untracked 
|  39|0x00000000fc300000, 0x00000000fc300000, 0x00000000fc400000|  0%| F|  |TAMS 0x00000000fc300000, 0x00000000fc300000| Untracked 
|  40|0x00000000fc400000, 0x00000000fc400000, 0x00000000fc500000|  0%| F|  |TAMS 0x00000000fc400000, 0x00000000fc400000| Untracked 
|  41|0x00000000fc500000, 0x00000000fc500000, 0x00000000fc600000|  0%| F|  |TAMS 0x00000000fc500000, 0x00000000fc500000| Untracked 
|  42|0x00000000fc600000, 0x00000000fc600000, 0x00000000fc700000|  0%| F|  |TAMS 0x00000000fc600000, 0x00000000fc600000| Untracked 
|  43|0x00000000fc700000, 0x00000000fc700000, 0x00000000fc800000|  0%| F|  |TAMS 0x00000000fc700000, 0x00000000fc700000| Untracked 
|  44|0x00000000fc800000, 0x00000000fc800000, 0x00000000fc900000|  0%| F|  |TAMS 0x00000000fc800000, 0x00000000fc800000| Untracked 
|  45|0x00000000fc900000, 0x00000000fc900000, 0x00000000fca00000|  0%| F|  |TAMS 0x00000000fc900000, 0x00000000fc900000| Untracked 
|  46|0x00000000fca00000, 0x00000000fca00000, 0x00000000fcb00000|  0%| F|  |TAMS 0x00000000fca00000, 0x00000000fca00000| Untracked 
|  47|0x00000000fcb00000, 0x00000000fcb00000, 0x00000000fcc00000|  0%| F|  |TAMS 0x00000000fcb00000, 0x00000000fcb00000| Untracked 
|  48|0x00000000fcc00000, 0x00000000fcc00000, 0x00000000fcd00000|  0%| F|  |TAMS 0x00000000fcc00000, 0x00000000fcc00000| Untracked 
|  49|0x00000000fcd00000, 0x00000000fcd00000, 0x00000000fce00000|  0%| F|  |TAMS 0x00000000fcd00000, 0x00000000fcd00000| Untracked 
|  50|0x00000000fce00000, 0x00000000fce00000, 0x00000000fcf00000|  0%| F|  |TAMS 0x00000000fce00000, 0x00000000fce00000| Untracked 
|  51|0x00000000fcf00000, 0x00000000fcf00000, 0x00000000fd000000|  0%| F|  |TAMS 0x00000000fcf00000, 0x00000000fcf00000| Untracked 
|  52|0x00000000fd000000, 0x00000000fd000000, 0x00000000fd100000|  0%| F|  |TAMS 0x00000000fd000000, 0x00000000fd000000| Untracked 
|  53|0x00000000fd100000, 0x00000000fd100000, 0x00000000fd200000|  0%| F|  |TAMS 0x00000000fd100000, 0x00000000fd100000| Untracked 
|  54|0x00000000fd200000, 0x00000000fd200000, 0x00000000fd300000|  0%| F|  |TAMS 0x00000000fd200000, 0x00000000fd200000| Untracked 
|  55|0x00000000fd300000, 0x00000000fd300000, 0x00000000fd400000|  0%| F|  |TAMS 0x00000000fd300000, 0x00000000fd300000| Untracked 
|  56|0x00000000fd400000, 0x00000000fd400000, 0x00000000fd500000|  0%| F|  |TAMS 0x00000000fd400000, 0x00000000fd400000| Untracked 
|  57|0x00000000fd500000, 0x00000000fd500000, 0x00000000fd600000|  0%| F|  |TAMS 0x00000000fd500000, 0x00000000fd500000| Untracked 
|  58|0x00000000fd600000, 0x00000000fd600000, 0x00000000fd700000|  0%| F|  |TAMS 0x00000000fd600000, 0x00000000fd600000| Untracked 
|  59|0x00000000fd700000, 0x00000000fd700000, 0x00000000fd800000|  0%| F|  |TAMS 0x00000000fd700000, 0x00000000fd700000| Untracked 
|  60|0x00000000fd800000, 0x00000000fd800000, 0x00000000fd900000|  0%| F|  |TAMS 0x00000000fd800000, 0x00000000fd800000| Untracked 
|  61|0x00000000fd900000, 0x00000000fd900000, 0x00000000fda00000|  0%| F|  |TAMS 0x00000000fd900000, 0x00000000fd900000| Untracked 
|  62|0x00000000fda00000, 0x00000000fda00000, 0x00000000fdb00000|  0%| F|  |TAMS 0x00000000fda00000, 0x00000000fda00000| Untracked 
|  63|0x00000000fdb00000, 0x00000000fdb00000, 0x00000000fdc00000|  0%| F|  |TAMS 0x00000000fdb00000, 0x00000000fdb00000| Untracked 
|  64|0x00000000fdc00000, 0x00000000fdc00000, 0x00000000fdd00000|  0%| F|  |TAMS 0x00000000fdc00000, 0x00000000fdc00000| Untracked 
|  65|0x00000000fdd00000, 0x00000000fdd00000, 0x00000000fde00000|  0%| F|  |TAMS 0x00000000fdd00000, 0x00000000fdd00000| Untracked 
|  66|0x00000000fde00000, 0x00000000fde00000, 0x00000000fdf00000|  0%| F|  |TAMS 0x00000000fde00000, 0x00000000fde00000| Untracked 
|  67|0x00000000fdf00000, 0x00000000fdf00000, 0x00000000fe000000|  0%| F|  |TAMS 0x00000000fdf00000, 0x00000000fdf00000| Untracked 
|  68|0x00000000fe000000, 0x00000000fe000000, 0x00000000fe100000|  0%| F|  |TAMS 0x00000000fe000000, 0x00000000fe000000| Untracked 
|  69|0x00000000fe100000, 0x00000000fe100000, 0x00000000fe200000|  0%| F|  |TAMS 0x00000000fe100000, 0x00000000fe100000| Untracked 
|  70|0x00000000fe200000, 0x00000000fe200000, 0x00000000fe300000|  0%| F|  |TAMS 0x00000000fe200000, 0x00000000fe200000| Untracked 
|  71|0x00000000fe300000, 0x00000000fe300000, 0x00000000fe400000|  0%| F|  |TAMS 0x00000000fe300000, 0x00000000fe300000| Untracked 
|  72|0x00000000fe400000, 0x00000000fe400000, 0x00000000fe500000|  0%| F|  |TAMS 0x00000000fe400000, 0x00000000fe400000| Untracked 
|  73|0x00000000fe500000, 0x00000000fe500000, 0x00000000fe600000|  0%| F|  |TAMS 0x00000000fe500000, 0x00000000fe500000| Untracked 
|  74|0x00000000fe600000, 0x00000000fe600000, 0x00000000fe700000|  0%| F|  |TAMS 0x00000000fe600000, 0x00000000fe600000| Untracked 
|  75|0x00000000fe700000, 0x00000000fe700000, 0x00000000fe800000|  0%| F|  |TAMS 0x00000000fe700000, 0x00000000fe700000| Untracked 
|  76|0x00000000fe800000, 0x00000000fe800000, 0x00000000fe900000|  0%| F|  |TAMS 0x00000000fe800000, 0x00000000fe800000| Untracked 
|  77|0x00000000fe900000, 0x00000000fe900000, 0x00000000fea00000|  0%| F|  |TAMS 0x00000000fe900000, 0x00000000fe900000| Untracked 
|  78|0x00000000fea00000, 0x00000000fea00000, 0x00000000feb00000|  0%| F|  |TAMS 0x00000000fea00000, 0x00000000fea00000| Untracked 
|  79|0x00000000feb00000, 0x00000000feb00000, 0x00000000fec00000|  0%| F|  |TAMS 0x00000000feb00000, 0x00000000feb00000| Untracked 
|  80|0x00000000fec00000, 0x00000000fec00000, 0x00000000fed00000|  0%| F|  |TAMS 0x00000000fec00000, 0x00000000fec00000| Untracked 
|  81|0x00000000fed00000, 0x00000000fed00000, 0x00000000fee00000|  0%| F|  |TAMS 0x00000000fed00000, 0x00000000fed00000| Untracked 
|  82|0x00000000fee00000, 0x00000000feeec488, 0x00000000fef00000| 92%| E|  |TAMS 0x00000000fee00000, 0x00000000fee00000| Complete 
|  83|0x00000000fef00000, 0x00000000ff000000, 0x00000000ff000000|100%| E|CS|TAMS 0x00000000fef00000, 0x00000000fef00000| Complete 
|  84|0x00000000ff000000, 0x00000000ff100000, 0x00000000ff100000|100%| E|CS|TAMS 0x00000000ff000000, 0x00000000ff000000| Complete 
|  85|0x00000000ff100000, 0x00000000ff200000, 0x00000000ff200000|100%| E|CS|TAMS 0x00000000ff100000, 0x00000000ff100000| Complete 
|  86|0x00000000ff200000, 0x00000000ff300000, 0x00000000ff300000|100%| E|CS|TAMS 0x00000000ff200000, 0x00000000ff200000| Complete 
|  87|0x00000000ff300000, 0x00000000ff400000, 0x00000000ff400000|100%| E|CS|TAMS 0x00000000ff300000, 0x00000000ff300000| Complete 
|  88|0x00000000ff400000, 0x00000000ff500000, 0x00000000ff500000|100%| E|CS|TAMS 0x00000000ff400000, 0x00000000ff400000| Complete 
|  89|0x00000000ff500000, 0x00000000ff600000, 0x00000000ff600000|100%| E|CS|TAMS 0x00000000ff500000, 0x00000000ff500000| Complete 
|  90|0x00000000ff600000, 0x00000000ff700000, 0x00000000ff700000|100%| E|CS|TAMS 0x00000000ff600000, 0x00000000ff600000| Complete 
|  91|0x00000000ff700000, 0x00000000ff800000, 0x00000000ff800000|100%| E|CS|TAMS 0x00000000ff700000, 0x00000000ff700000| Complete 
|  92|0x00000000ff800000, 0x00000000ff900000, 0x00000000ff900000|100%| E|CS|TAMS 0x00000000ff800000, 0x00000000ff800000| Complete 
|  93|0x00000000ff900000, 0x00000000ffa00000, 0x00000000ffa00000|100%| E|CS|TAMS 0x00000000ff900000, 0x00000000ff900000| Complete 
|  94|0x00000000ffa00000, 0x00000000ffb00000, 0x00000000ffb00000|100%| E|CS|TAMS 0x00000000ffa00000, 0x00000000ffa00000| Complete 
|  95|0x00000000ffb00000, 0x00000000ffc00000, 0x00000000ffc00000|100%| E|CS|TAMS 0x00000000ffb00000, 0x00000000ffb00000| Complete 
|  96|0x00000000ffc00000, 0x00000000ffd00000, 0x00000000ffd00000|100%| E|CS|TAMS 0x00000000ffc00000, 0x00000000ffc00000| Complete 
|  97|0x00000000ffd00000, 0x00000000ffe00000, 0x00000000ffe00000|100%| E|CS|TAMS 0x00000000ffd00000, 0x00000000ffd00000| Complete 
|  98|0x00000000ffe00000, 0x00000000fff00000, 0x00000000fff00000|100%| E|CS|TAMS 0x00000000ffe00000, 0x00000000ffe00000| Complete 
|  99|0x00000000fff00000, 0x0000000100000000, 0x0000000100000000|100%| E|CS|TAMS 0x00000000fff00000, 0x00000000fff00000| Complete 

Card table byte_map: [0x00007f004cd6f000,0x00007f004cda1000] _byte_map_base: 0x00007f004c5a1000

Marking Bits (Prev, Next): (CMBitMap*) 0x00007f0048049c60, (CMBitMap*) 0x00007f0048049ca0
 Prev Bits: [0x00007f004cbad000, 0x00007f004cd3d000)
 Next Bits: [0x00007f004ca1d000, 0x00007f004cbad000)

Polling page: 0x00007f004f181000

Metaspace:

Usage:
  Non-class:     12.06 MB used.
      Class:      1.48 MB used.
       Both:     13.54 MB used.

Virtual space:
  Non-class space:       64.00 MB reserved,      12.12 MB ( 19%) committed,  1 nodes.
      Class space:        1.00 GB reserved,       1.56 MB ( <1%) committed,  1 nodes.
             Both:        1.06 GB reserved,      13.69 MB (  1%) committed. 

Chunk freelists:
   Non-Class:  2.95 MB
       Class:  14.25 MB
        Both:  17.20 MB

MaxMetaspaceSize: unlimited
CompressedClassSpaceSize: 1.00 GB
Initial GC threshold: 21.00 MB
Current GC threshold: 21.00 MB
CDS: off
MetaspaceReclaimPolicy: balanced
 - commit_granule_bytes: 65536.
 - commit_granule_words: 8192.
 - virtual_space_node_default_size: 8388608.
 - enlarge_chunks_in_place: 1.
 - new_chunks_are_fully_committed: 0.
 - uncommit_free_chunks: 1.
 - use_allocation_guard: 0.
 - handle_deallocations: 1.


Internal statistics:

num_allocs_failed_limit: 0.
num_arena_births: 88.
num_arena_deaths: 0.
num_vsnodes_births: 2.
num_vsnodes_deaths: 0.
num_space_committed: 219.
num_space_uncommitted: 0.
num_chunks_returned_to_freelist: 0.
num_chunks_taken_from_freelist: 295.
num_chunk_merges: 0.
num_chunk_splits: 176.
num_chunks_enlarged: 124.
num_inconsistent_stats: 0.

CodeHeap 'non-profiled nmethods': size=120028Kb used=304Kb max_used=304Kb free=119723Kb
 bounds [0x00007f003de9e000, 0x00007f003e10e000, 0x00007f00453d5000]
CodeHeap 'profiled nmethods': size=120028Kb used=1915Kb max_used=1915Kb free=118112Kb
 bounds [0x00007f00363d5000, 0x00007f0036645000, 0x00007f003d90c000]
CodeHeap 'non-nmethods': size=5704Kb used=1157Kb max_used=1177Kb free=4546Kb
 bounds [0x00007f003d90c000, 0x00007f003db7c000, 0x00007f003de9e000]
 total_blobs=1519 nmethods=1066 adapters=367
 compilation: enabled
              stopped_count=0, restarted_count=0
 full_count=0

Compilation events (20 events):
Event: 0.925 Thread 0x00007f004816be20 1055       3       com.google.gson.stream.JsonWriter::replaceTop (13 bytes)
Event: 0.925 Thread 0x00007f004816be20 nmethod 1055 0x00007f00365b2310 code [0x00007f00365b24a0, 0x00007f00365b25d0]
Event: 0.925 Thread 0x00007f004816be20 1057       3       com.google.gson.stream.JsonWriter::peek (29 bytes)
Event: 0.925 Thread 0x00007f004816be20 nmethod 1057 0x00007f00365b2690 code [0x00007f00365b2840, 0x00007f00365b2a80]
Event: 0.926 Thread 0x00007f004816be20 1058       1       java.lang.invoke.InfoFromMemberName::getReferenceKind (5 bytes)
Event: 0.926 Thread 0x00007f004816be20 nmethod 1058 0x00007f003dee7b90 code [0x00007f003dee7d20, 0x00007f003dee7df0]
Event: 0.927 Thread 0x00007f004816be20 1061       3       java.util.Collections$UnmodifiableCollection::iterator (9 bytes)
Event: 0.927 Thread 0x00007f004816be20 nmethod 1061 0x00007f00365b2b90 code [0x00007f00365b2d60, 0x00007f00365b3100]
Event: 0.927 Thread 0x00007f004816be20 1063       3       com.google.gson.internal.bind.JsonTreeReader::peekStack (12 bytes)
Event: 0.928 Thread 0x00007f004816be20 nmethod 1063 0x00007f00365b3290 code [0x00007f00365b3420, 0x00007f00365b3550]
Event: 0.928 Thread 0x00007f004816be20 1062       3       java.util.Collections$UnmodifiableCollection$1::<init> (26 bytes)
Event: 0.928 Thread 0x00007efff824fdd0 nmethod 1052 0x00007f003dee7e90 code [0x00007f003dee8020, 0x00007f003dee8518]
Event: 0.928 Thread 0x00007efff824fdd0 1059       4       java.util.HashMap::getNode (150 bytes)
Event: 0.928 Thread 0x00007f004816be20 nmethod 1062 0x00007f00365b3610 code [0x00007f00365b37c0, 0x00007f00365b3aa0]
Event: 0.943 Thread 0x00007efff824fdd0 nmethod 1059 0x00007f003dee8790 code [0x00007f003dee8940, 0x00007f003dee8dc8]
Event: 0.944 Thread 0x00007efff824fdd0 1064       4       java.io.BufferedInputStream::getBufIfOpen (21 bytes)
Event: 0.944 Thread 0x00007efff824fdd0 nmethod 1064 0x00007f003dee9090 code [0x00007f003dee9220, 0x00007f003dee92b8]
Event: 0.946 Thread 0x00007f004816a930 nmethod 1054 0x00007f003dee9390 code [0x00007f003dee9540, 0x00007f003dee9a78]
Event: 40.089 Thread 0x00007f004816be20 1065       3       jdk.internal.reflect.ConstantPool::getUTF8At (10 bytes)
Event: 40.089 Thread 0x00007f004816be20 nmethod 1065 0x00007f00365b3c10 code [0x00007f00365b3dc0, 0x00007f00365b3f00]

GC Heap History (0 events):
No events

Dll operation events (4 events):
Event: 0.001 Loaded shared library /home/ccon148/.vscode-server/extensions/redhat.java-1.32.0/jre/17.0.11-linux-x86_64/lib/libjava.so
Event: 0.088 Loaded shared library /home/ccon148/.vscode-server/extensions/redhat.java-1.32.0/jre/17.0.11-linux-x86_64/lib/libnio.so
Event: 0.111 Loaded shared library /home/ccon148/.vscode-server/extensions/redhat.java-1.32.0/jre/17.0.11-linux-x86_64/lib/libzip.so
Event: 0.207 Loaded shared library /home/ccon148/.vscode-server/extensions/redhat.java-1.32.0/jre/17.0.11-linux-x86_64/lib/libjimage.so

Deoptimization events (12 events):
Event: 0.308 Thread 0x00007f0048025d90 DEOPT PACKING pc=0x00007f00363f63da sp=0x00007f004db0d780
Event: 0.308 Thread 0x00007f0048025d90 DEOPT UNPACKING pc=0x00007f003d962e2f sp=0x00007f004db0cbc0 mode 0
Event: 0.329 Thread 0x00007f0048025d90 DEOPT PACKING pc=0x00007f00363f014e sp=0x00007f004db09de0
Event: 0.329 Thread 0x00007f0048025d90 DEOPT UNPACKING pc=0x00007f003d962e2f sp=0x00007f004db09278 mode 0
Event: 0.672 Thread 0x00007f00483cb190 Uncommon trap: trap_request=0xffffff45 fr.pc=0x00007f003deb76c0 relative=0x0000000000000480
Event: 0.672 Thread 0x00007f00483cb190 Uncommon trap: reason=unstable_if action=reinterpret pc=0x00007f003deb76c0 method=java.lang.StringLatin1.replace([BCC)Ljava/lang/String; @ 19 c2
Event: 0.672 Thread 0x00007f00483cb190 DEOPT PACKING pc=0x00007f003deb76c0 sp=0x00007f0026ecc140
Event: 0.672 Thread 0x00007f00483cb190 DEOPT UNPACKING pc=0x00007f003d962699 sp=0x00007f0026ecc0e0 mode 2
Event: 0.772 Thread 0x00007f00483cb190 Uncommon trap: trap_request=0xffffff45 fr.pc=0x00007f003dec2968 relative=0x0000000000000048
Event: 0.772 Thread 0x00007f00483cb190 Uncommon trap: reason=unstable_if action=reinterpret pc=0x00007f003dec2968 method=java.lang.CharacterData.of(I)Ljava/lang/CharacterData; @ 4 c2
Event: 0.772 Thread 0x00007f00483cb190 DEOPT PACKING pc=0x00007f003dec2968 sp=0x00007f0026ecba20
Event: 0.773 Thread 0x00007f00483cb190 DEOPT UNPACKING pc=0x00007f003d962699 sp=0x00007f0026ecb9e0 mode 2

Classes unloaded (0 events):
No events

Classes redefined (0 events):
No events

Internal exceptions (16 events):
Event: 0.346 Thread 0x00007f0048025d90 Exception <a 'java/lang/NoSuchMethodError'{0x00000000ffaada50}: 'int java.lang.invoke.DirectMethodHandle$Holder.invokeStaticInit(java.lang.Object, java.lang.Object, java.lang.Object)'> (0x00000000ffaada50) 
thrown [src/hotspot/share/interpreter/linkResolver.cpp, line 758]
Event: 0.364 Thread 0x00007f0048025d90 Exception <a 'java/lang/NoSuchMethodError'{0x00000000ff9c6040}: 'void java.lang.invoke.DirectMethodHandle$Holder.invokeSpecial(java.lang.Object, java.lang.Object, java.lang.Object)'> (0x00000000ff9c6040) 
thrown [src/hotspot/share/interpreter/linkResolver.cpp, line 758]
Event: 0.391 Thread 0x00007f0048025d90 Exception <a 'java/lang/NoSuchMethodError'{0x00000000ff85deb0}: 'int java.lang.invoke.DirectMethodHandle$Holder.invokeStaticInit(java.lang.Object, java.lang.Object)'> (0x00000000ff85deb0) 
thrown [src/hotspot/share/interpreter/linkResolver.cpp, line 758]
Event: 0.410 Thread 0x00007f0048025d90 Exception <a 'java/lang/NoSuchMethodError'{0x00000000ff71e910}: 'java.lang.Object java.lang.invoke.DirectMethodHandle$Holder.invokeStatic(java.lang.Object, java.lang.Object, int)'> (0x00000000ff71e910) 
thrown [src/hotspot/share/interpreter/linkResolver.cpp, line 758]
Event: 0.412 Thread 0x00007f0048025d90 Exception <a 'java/lang/NoSuchMethodError'{0x00000000ff72a6f8}: 'void java.lang.invoke.DelegatingMethodHandle$Holder.delegate(java.lang.Object, java.lang.Object, int, java.lang.Object)'> (0x00000000ff72a6f8) 
thrown [src/hotspot/share/interpreter/linkResolver.cpp, line 758]
Event: 0.412 Thread 0x00007f0048025d90 Exception <a 'java/lang/NoSuchMethodError'{0x00000000ff72e730}: 'int java.lang.invoke.DirectMethodHandle$Holder.invokeSpecial(java.lang.Object, java.lang.Object, java.lang.Object)'> (0x00000000ff72e730) 
thrown [src/hotspot/share/interpreter/linkResolver.cpp, line 758]
Event: 0.419 Thread 0x00007f0048025d90 Exception <a 'java/lang/NoSuchMethodError'{0x00000000ff750948}: 'int java.lang.invoke.DirectMethodHandle$Holder.invokeInterface(java.lang.Object, java.lang.Object)'> (0x00000000ff750948) 
thrown [src/hotspot/share/interpreter/linkResolver.cpp, line 758]
Event: 0.419 Thread 0x00007f0048025d90 Exception <a 'java/lang/IncompatibleClassChangeError'{0x00000000ff753c30}: Found class java.lang.Object, but interface was expected> (0x00000000ff753c30) 
thrown [src/hotspot/share/interpreter/linkResolver.cpp, line 826]
Event: 0.420 Thread 0x00007f0048025d90 Exception <a 'java/lang/NoSuchMethodError'{0x00000000ff75ad28}: 'java.lang.Object java.lang.invoke.Invokers$Holder.invokeExact_MT(java.lang.Object, java.lang.Object, java.lang.Object, java.lang.Object, java.lang.Object, java.lang.Object)'> (0x00000000ff75ad28) 
thrown [src/hotspot/share/interpreter/linkResolver.cpp, line 758]
Event: 0.430 Thread 0x00007f0048025d90 Exception <a 'java/lang/NoSuchMethodError'{0x00000000ff7b68d0}: 'void java.lang.invoke.DirectMethodHandle$Holder.invokeStatic(java.lang.Object, java.lang.Object, java.lang.Object)'> (0x00000000ff7b68d0) 
thrown [src/hotspot/share/interpreter/linkResolver.cpp, line 758]
Event: 0.462 Thread 0x00007f0048025d90 Exception <a 'java/lang/NoSuchMethodError'{0x00000000ff67d358}: 'void java.lang.invoke.DirectMethodHandle$Holder.invokeStatic(java.lang.Object, java.lang.Object, java.lang.Object, java.lang.Object)'> (0x00000000ff67d358) 
thrown [src/hotspot/share/interpreter/linkResolver.cpp, line 758]
Event: 0.557 Thread 0x00007f0048025d90 Exception <a 'java/lang/NoSuchMethodError'{0x00000000ff4e0ff8}: 'java.lang.Object java.lang.invoke.DirectMethodHandle$Holder.newInvokeSpecial(java.lang.Object, java.lang.Object, java.lang.Object, java.lang.Object, java.lang.Object)'> (0x00000000ff4e0ff8) 
thrown [src/hotspot/share/interpreter/linkResolver.cpp, line 758]
Event: 0.666 Thread 0x00007f00483cb190 Exception <a 'java/lang/NoSuchMethodError'{0x00000000ff1698b8}: 'java.lang.Object java.lang.invoke.DirectMethodHandle$Holder.invokeStaticInit(java.lang.Object)'> (0x00000000ff1698b8) 
thrown [src/hotspot/share/interpreter/linkResolver.cpp, line 758]
Event: 0.668 Thread 0x00007f00483cb190 Exception <a 'java/lang/NoSuchMethodError'{0x00000000ff16fb38}: 'java.lang.Object java.lang.invoke.DirectMethodHandle$Holder.invokeInterface(java.lang.Object, java.lang.Object)'> (0x00000000ff16fb38) 
thrown [src/hotspot/share/interpreter/linkResolver.cpp, line 758]
Event: 0.719 Thread 0x00007f00483cb190 Exception <a 'java/lang/NoSuchMethodError'{0x00000000ff0344e0}: 'java.lang.Object java.lang.invoke.DirectMethodHandle$Holder.invokeStatic(java.lang.Object, int, java.lang.Object)'> (0x00000000ff0344e0) 
thrown [src/hotspot/share/interpreter/linkResolver.cpp, line 758]
Event: 0.727 Thread 0x00007f00483cb190 Exception <a 'java/lang/ClassNotFoundException'{0x00000000ff046c20}: sun/util/logging/resources/spi/loggingProvider> (0x00000000ff046c20) 
thrown [src/hotspot/share/classfile/systemDictionary.cpp, line 256]

VM Operations (18 events):
Event: 0.117 Executing VM operation: HandshakeAllThreads
Event: 0.117 Executing VM operation: HandshakeAllThreads done
Event: 0.285 Executing VM operation: HandshakeAllThreads
Event: 0.285 Executing VM operation: HandshakeAllThreads done
Event: 0.410 Executing VM operation: HandshakeAllThreads
Event: 0.410 Executing VM operation: HandshakeAllThreads done
Event: 0.702 Executing VM operation: HandshakeAllThreads
Event: 0.702 Executing VM operation: HandshakeAllThreads done
Event: 0.757 Executing VM operation: ICBufferFull
Event: 0.757 Executing VM operation: ICBufferFull done
Event: 0.774 Executing VM operation: HandshakeAllThreads
Event: 0.774 Executing VM operation: HandshakeAllThreads done
Event: 0.803 Executing VM operation: HandshakeAllThreads
Event: 0.804 Executing VM operation: HandshakeAllThreads done
Event: 0.870 Executing VM operation: HandshakeAllThreads
Event: 0.870 Executing VM operation: HandshakeAllThreads done
Event: 1.871 Executing VM operation: Cleanup
Event: 1.871 Executing VM operation: Cleanup done

Events (20 events):
Event: 0.908 loading class java/lang/constant/DirectMethodHandleDescImpl done
Event: 0.908 loading class java/lang/constant/DirectMethodHandleDescImpl$1
Event: 0.908 loading class java/lang/constant/DirectMethodHandleDescImpl$1 done
Event: 0.908 loading class java/lang/constant/DirectMethodHandleDesc$1
Event: 0.908 loading class java/lang/constant/DirectMethodHandleDesc$1 done
Event: 0.908 loading class java/lang/constant/PrimitiveClassDescImpl
Event: 0.908 loading class java/lang/constant/DynamicConstantDesc
Event: 0.908 loading class java/lang/constant/DynamicConstantDesc done
Event: 0.908 loading class java/lang/constant/PrimitiveClassDescImpl done
Event: 0.909 loading class java/lang/constant/DynamicConstantDesc$AnonymousDynamicConstantDesc
Event: 0.909 loading class java/lang/constant/DynamicConstantDesc$AnonymousDynamicConstantDesc done
Event: 0.924 loading class java/util/concurrent/CompletableFuture$UniAccept
Event: 0.924 loading class java/util/concurrent/CompletableFuture$UniCompletion
Event: 0.924 loading class java/util/concurrent/CompletableFuture$UniCompletion done
Event: 0.924 loading class java/util/concurrent/CompletableFuture$UniAccept done
Event: 0.924 loading class java/util/concurrent/ForkJoinTask$Aux
Event: 0.924 loading class java/util/concurrent/ForkJoinTask$Aux done
Event: 0.963 loading class jdk/internal/reflect/UnsafeIntegerFieldAccessorImpl
Event: 0.963 loading class jdk/internal/reflect/UnsafeIntegerFieldAccessorImpl done
Event: 5.944 Thread 0x00007efff824fdd0 Thread exited: 0x00007efff824fdd0


Dynamic libraries:
f9c00000-100020000 rw-p 00000000 00:00 0 
100020000-100040000 rw-p 00000000 00:00 0 
100040000-1000c0000 rw-p 00000000 00:00 0 
1000c0000-100140000 rw-p 00000000 00:00 0 
100140000-100190000 rw-p 00000000 00:00 0 
100190000-140000000 ---p 00000000 00:00 0 
556ca4ec3000-556ca4ec4000 r--p 00000000 08:20 41015                      /home/ccon148/.vscode-server/extensions/redhat.java-1.32.0/jre/17.0.11-linux-x86_64/bin/java
556ca4ec4000-556ca4ec5000 r-xp 00001000 08:20 41015                      /home/ccon148/.vscode-server/extensions/redhat.java-1.32.0/jre/17.0.11-linux-x86_64/bin/java
556ca4ec5000-556ca4ec6000 r--p 00002000 08:20 41015                      /home/ccon148/.vscode-server/extensions/redhat.java-1.32.0/jre/17.0.11-linux-x86_64/bin/java
556ca4ec6000-556ca4ec7000 r--p 00002000 08:20 41015                      /home/ccon148/.vscode-server/extensions/redhat.java-1.32.0/jre/17.0.11-linux-x86_64/bin/java
556ca4ec7000-556ca4ec8000 rw-p 00003000 08:20 41015                      /home/ccon148/.vscode-server/extensions/redhat.java-1.32.0/jre/17.0.11-linux-x86_64/bin/java
556ca5be5000-556ca5c2d000 rw-p 00000000 00:00 0                          [heap]
7effd4000000-7effd40e8000 rw-p 00000000 00:00 0 
7effd40e8000-7effd8000000 ---p 00000000 00:00 0 
7effdc000000-7effdc021000 rw-p 00000000 00:00 0 
7effdc021000-7effe0000000 ---p 00000000 00:00 0 
7effe0000000-7effe00bf000 rw-p 00000000 00:00 0 
7effe00bf000-7effe4000000 ---p 00000000 00:00 0 
7effe4000000-7effe4021000 rw-p 00000000 00:00 0 
7effe4021000-7effe8000000 ---p 00000000 00:00 0 
7effe8000000-7effe8021000 rw-p 00000000 00:00 0 
7effe8021000-7effec000000 ---p 00000000 00:00 0 
7effec000000-7effec021000 rw-p 00000000 00:00 0 
7effec021000-7efff0000000 ---p 00000000 00:00 0 
7efff0000000-7efff0021000 rw-p 00000000 00:00 0 
7efff0021000-7efff4000000 ---p 00000000 00:00 0 
7efff4000000-7efff427f000 rw-p 00000000 00:00 0 
7efff427f000-7efff8000000 ---p 00000000 00:00 0 
7efff8000000-7efff82a8000 rw-p 00000000 00:00 0 
7efff82a8000-7efffc000000 ---p 00000000 00:00 0 
7efffc000000-7efffc021000 rw-p 00000000 00:00 0 
7efffc021000-7f0000000000 ---p 00000000 00:00 0 
7f0000000000-7f0000021000 rw-p 00000000 00:00 0 
7f0000021000-7f0004000000 ---p 00000000 00:00 0 
7f0004000000-7f0004021000 rw-p 00000000 00:00 0 
7f0004021000-7f0008000000 ---p 00000000 00:00 0 
7f0008000000-7f0008021000 rw-p 00000000 00:00 0 
7f0008021000-7f000c000000 ---p 00000000 00:00 0 
7f000c000000-7f000c021000 rw-p 00000000 00:00 0 
7f000c021000-7f0010000000 ---p 00000000 00:00 0 
7f0010000000-7f0010021000 rw-p 00000000 00:00 0 
7f0010021000-7f0014000000 ---p 00000000 00:00 0 
7f0014000000-7f0014021000 rw-p 00000000 00:00 0 
7f0014021000-7f0018000000 ---p 00000000 00:00 0 
7f0018000000-7f0018021000 rw-p 00000000 00:00 0 
7f0018021000-7f001c000000 ---p 00000000 00:00 0 
7f001c000000-7f001c400000 rw-p 00000000 00:00 0 
7f001c400000-7f001c480000 rw-p 00000000 00:00 0 
7f001c480000-7f001c500000 rw-p 00000000 00:00 0 
7f001c500000-7f001c700000 rw-p 00000000 00:00 0 
7f001c700000-7f001c900000 rw-p 00000000 00:00 0 
7f001c900000-7f001ca00000 rw-p 00000000 00:00 0 
7f001ca00000-7f001cb00000 rw-p 00000000 00:00 0 
7f001cb00000-7f001cc10000 rw-p 00000000 00:00 0 
7f001cc10000-7f001cd00000 ---p 00000000 00:00 0 
7f001cd00000-7f001cd10000 rw-p 00000000 00:00 0 
7f001cd10000-7f0020000000 ---p 00000000 00:00 0 
7f0020000000-7f0020021000 rw-p 00000000 00:00 0 
7f0020021000-7f0024000000 ---p 00000000 00:00 0 
7f00268e6000-7f0026ccd000 rw-p 00000000 00:00 0 
7f0026ccd000-7f0026cce000 ---p 00000000 00:00 0 
7f0026cce000-7f0026cd2000 ---p 00000000 00:00 0 
7f0026cd2000-7f0026dce000 rw-p 00000000 00:00 0 
7f0026dce000-7f0026dcf000 ---p 00000000 00:00 0 
7f0026dcf000-7f0026dd3000 ---p 00000000 00:00 0 
7f0026dd3000-7f0026ecf000 rw-p 00000000 00:00 0 
7f0026ecf000-7f0026ed0000 ---p 00000000 00:00 0 
7f0026ed0000-7f0026ed4000 ---p 00000000 00:00 0 
7f0026ed4000-7f0027001000 rw-p 00000000 00:00 0 
7f0027001000-7f0027005000 r--p 00000000 08:20 136830                     /home/ccon148/.vscode-server/extensions/redhat.java-1.32.0/jre/17.0.11-linux-x86_64/lib/libnet.so
7f0027005000-7f0027013000 r-xp 00004000 08:20 136830                     /home/ccon148/.vscode-server/extensions/redhat.java-1.32.0/jre/17.0.11-linux-x86_64/lib/libnet.so
7f0027013000-7f0027017000 r--p 00012000 08:20 136830                     /home/ccon148/.vscode-server/extensions/redhat.java-1.32.0/jre/17.0.11-linux-x86_64/lib/libnet.so
7f0027017000-7f0027018000 r--p 00015000 08:20 136830                     /home/ccon148/.vscode-server/extensions/redhat.java-1.32.0/jre/17.0.11-linux-x86_64/lib/libnet.so
7f0027018000-7f0027019000 rw-p 00016000 08:20 136830                     /home/ccon148/.vscode-server/extensions/redhat.java-1.32.0/jre/17.0.11-linux-x86_64/lib/libnet.so
7f0027019000-7f002701a000 ---p 00000000 00:00 0 
7f002701a000-7f002701e000 ---p 00000000 00:00 0 
7f002701e000-7f002711a000 rw-p 00000000 00:00 0 
7f002711a000-7f002711b000 ---p 00000000 00:00 0 
7f002711b000-7f002721b000 rw-p 00000000 00:00 0 
7f002721b000-7f002721c000 ---p 00000000 00:00 0 
7f002721c000-7f0027220000 ---p 00000000 00:00 0 
7f0027220000-7f002731c000 rw-p 00000000 00:00 0 
7f002731c000-7f002731d000 ---p 00000000 00:00 0 
7f002731d000-7f0027321000 ---p 00000000 00:00 0 
7f0027321000-7f002741d000 rw-p 00000000 00:00 0 
7f002741d000-7f002741e000 ---p 00000000 00:00 0 
7f002741e000-7f0027422000 ---p 00000000 00:00 0 
7f0027422000-7f002751e000 rw-p 00000000 00:00 0 
7f002751e000-7f002751f000 ---p 00000000 00:00 0 
7f002751f000-7f0027523000 ---p 00000000 00:00 0 
7f0027523000-7f002761f000 rw-p 00000000 00:00 0 
7f002761f000-7f0027620000 ---p 00000000 00:00 0 
7f0027620000-7f0027624000 ---p 00000000 00:00 0 
7f0027624000-7f0027720000 rw-p 00000000 00:00 0 
7f0027720000-7f0027721000 ---p 00000000 00:00 0 
7f0027721000-7f0027725000 ---p 00000000 00:00 0 
7f0027725000-7f0027821000 rw-p 00000000 00:00 0 
7f0027821000-7f0027822000 ---p 00000000 00:00 0 
7f0027822000-7f0027826000 ---p 00000000 00:00 0 
7f0027826000-7f0027922000 rw-p 00000000 00:00 0 
7f0027922000-7f0027979000 r--p 00000000 08:20 43654                      /usr/lib/locale/C.utf8/LC_CTYPE
7f0027979000-7f002797a000 ---p 00000000 00:00 0 
7f002797a000-7f002797e000 ---p 00000000 00:00 0 
7f002797e000-7f0027a7a000 rw-p 00000000 00:00 0 
7f0027a7a000-7f0027a7b000 ---p 00000000 00:00 0 
7f0027a7b000-7f0027a7f000 ---p 00000000 00:00 0 
7f0027a7f000-7f0027b7b000 rw-p 00000000 00:00 0 
7f0027b7b000-7f0027b7c000 ---p 00000000 00:00 0 
7f0027b7c000-7f0027c7c000 rw-p 00000000 00:00 0 
7f0027c7c000-7f0027c7d000 ---p 00000000 00:00 0 
7f0027c7d000-7f0027dfe000 rw-p 00000000 00:00 0 
7f0027dfe000-7f0027dff000 ---p 00000000 00:00 0 
7f0027dff000-7f0027eff000 rw-p 00000000 00:00 0 
7f0027eff000-7f0027f00000 ---p 00000000 00:00 0 
7f0027f00000-7f0028000000 rw-p 00000000 00:00 0 
7f0028000000-7f0028021000 rw-p 00000000 00:00 0 
7f0028021000-7f002c000000 ---p 00000000 00:00 0 
7f002c000000-7f002c021000 rw-p 00000000 00:00 0 
7f002c021000-7f0030000000 ---p 00000000 00:00 0 
7f0030000000-7f0030021000 rw-p 00000000 00:00 0 
7f0030021000-7f0034000000 ---p 00000000 00:00 0 
7f0034000000-7f0034007000 r--p 00000000 08:20 137675                     /home/ccon148/.vscode-server/extensions/redhat.java-1.32.0/jre/17.0.11-linux-x86_64/lib/libnio.so
7f0034007000-7f0034010000 r-xp 00007000 08:20 137675                     /home/ccon148/.vscode-server/extensions/redhat.java-1.32.0/jre/17.0.11-linux-x86_64/lib/libnio.so
7f0034010000-7f0034014000 r--p 00010000 08:20 137675                     /home/ccon148/.vscode-server/extensions/redhat.java-1.32.0/jre/17.0.11-linux-x86_64/lib/libnio.so
7f0034014000-7f0034015000 ---p 00014000 08:20 137675                     /home/ccon148/.vscode-server/extensions/redhat.java-1.32.0/jre/17.0.11-linux-x86_64/lib/libnio.so
7f0034015000-7f0034016000 r--p 00014000 08:20 137675                     /home/ccon148/.vscode-server/extensions/redhat.java-1.32.0/jre/17.0.11-linux-x86_64/lib/libnio.so
7f0034016000-7f0034017000 rw-p 00015000 08:20 137675                     /home/ccon148/.vscode-server/extensions/redhat.java-1.32.0/jre/17.0.11-linux-x86_64/lib/libnio.so
7f0034017000-7f0034018000 r--p 00000000 08:20 43674                      /usr/lib/locale/C.utf8/LC_NUMERIC
7f0034018000-7f003401a000 r--p 00000000 08:20 138099                     /home/ccon148/.vscode-server/extensions/redhat.java-1.32.0/jre/17.0.11-linux-x86_64/lib/libzip.so
7f003401a000-7f003402c000 r-xp 00002000 08:20 138099                     /home/ccon148/.vscode-server/extensions/redhat.java-1.32.0/jre/17.0.11-linux-x86_64/lib/libzip.so
7f003402c000-7f0034034000 r--p 00014000 08:20 138099                     /home/ccon148/.vscode-server/extensions/redhat.java-1.32.0/jre/17.0.11-linux-x86_64/lib/libzip.so
7f0034034000-7f0034035000 r--p 0001b000 08:20 138099                     /home/ccon148/.vscode-server/extensions/redhat.java-1.32.0/jre/17.0.11-linux-x86_64/lib/libzip.so
7f0034035000-7f0034036000 rw-p 0001c000 08:20 138099                     /home/ccon148/.vscode-server/extensions/redhat.java-1.32.0/jre/17.0.11-linux-x86_64/lib/libzip.so
7f0034036000-7f00363d5000 rw-p 00000000 00:00 0 
7f00363d5000-7f0036645000 rwxp 00000000 00:00 0 
7f0036645000-7f003d90c000 ---p 00000000 00:00 0 
7f003d90c000-7f003db7c000 rwxp 00000000 00:00 0 
7f003db7c000-7f003de9e000 ---p 00000000 00:00 0 
7f003de9e000-7f003e10e000 rwxp 00000000 00:00 0 
7f003e10e000-7f00453d5000 ---p 00000000 00:00 0 
7f00453d5000-7f0048000000 r--s 00000000 08:20 138207                     /home/ccon148/.vscode-server/extensions/redhat.java-1.32.0/jre/17.0.11-linux-x86_64/lib/modules
7f0048000000-7f00483d2000 rw-p 00000000 00:00 0 
7f00483d2000-7f004c000000 ---p 00000000 00:00 0 
7f004c000000-7f004c001000 r--p 00000000 08:20 43677                      /usr/lib/locale/C.utf8/LC_TIME
7f004c001000-7f004c002000 r--p 00000000 08:20 43653                      /usr/lib/locale/C.utf8/LC_COLLATE
7f004c002000-7f004c003000 r--p 00000000 08:20 43670                      /usr/lib/locale/C.utf8/LC_MONETARY
7f004c003000-7f004c004000 r--p 00000000 08:20 43668                      /usr/lib/locale/C.utf8/LC_MESSAGES/SYS_LC_MESSAGES
7f004c004000-7f004c005000 r--p 00000000 08:20 43675                      /usr/lib/locale/C.utf8/LC_PAPER
7f004c005000-7f004c00c000 r--s 00000000 08:20 92402                      /usr/lib/x86_64-linux-gnu/gconv/gconv-modules.cache
7f004c00c000-7f004c713000 rw-p 00000000 00:00 0 
7f004c713000-7f004c714000 ---p 00000000 00:00 0 
7f004c714000-7f004c814000 rw-p 00000000 00:00 0 
7f004c814000-7f004c815000 ---p 00000000 00:00 0 
7f004c815000-7f004c915000 rw-p 00000000 00:00 0 
7f004c915000-7f004c916000 ---p 00000000 00:00 0 
7f004c916000-7f004cd6f000 rw-p 00000000 00:00 0 
7f004cd6f000-7f004d7e2000 rw-p 00000000 00:00 0 
7f004d7e2000-7f004d8c8000 ---p 00000000 00:00 0 
7f004d8c8000-7f004d8cd000 rw-p 00000000 00:00 0 
7f004d8cd000-7f004d9b3000 ---p 00000000 00:00 0 
7f004d9b3000-7f004d9b8000 rw-p 00000000 00:00 0 
7f004d9b8000-7f004d9bf000 ---p 00000000 00:00 0 
7f004d9bf000-7f004d9cd000 r--p 00000000 08:20 133616                     /home/ccon148/.vscode-server/extensions/redhat.java-1.32.0/jre/17.0.11-linux-x86_64/lib/libjava.so
7f004d9cd000-7f004d9df000 r-xp 0000e000 08:20 133616                     /home/ccon148/.vscode-server/extensions/redhat.java-1.32.0/jre/17.0.11-linux-x86_64/lib/libjava.so
7f004d9df000-7f004d9e5000 r--p 00020000 08:20 133616                     /home/ccon148/.vscode-server/extensions/redhat.java-1.32.0/jre/17.0.11-linux-x86_64/lib/libjava.so
7f004d9e5000-7f004d9e6000 ---p 00026000 08:20 133616                     /home/ccon148/.vscode-server/extensions/redhat.java-1.32.0/jre/17.0.11-linux-x86_64/lib/libjava.so
7f004d9e6000-7f004d9e7000 r--p 00026000 08:20 133616                     /home/ccon148/.vscode-server/extensions/redhat.java-1.32.0/jre/17.0.11-linux-x86_64/lib/libjava.so
7f004d9e7000-7f004d9e8000 rw-p 00027000 08:20 133616                     /home/ccon148/.vscode-server/extensions/redhat.java-1.32.0/jre/17.0.11-linux-x86_64/lib/libjava.so
7f004d9e8000-7f004d9e9000 rw-p 00000000 00:00 0 
7f004d9e9000-7f004d9f1000 rw-s 00000000 08:20 15186                      /tmp/hsperfdata_ccon148/1813
7f004d9f1000-7f004d9f5000 r--p 00000000 08:20 133622                     /home/ccon148/.vscode-server/extensions/redhat.java-1.32.0/jre/17.0.11-linux-x86_64/lib/libjimage.so
7f004d9f5000-7f004da08000 r-xp 00004000 08:20 133622                     /home/ccon148/.vscode-server/extensions/redhat.java-1.32.0/jre/17.0.11-linux-x86_64/lib/libjimage.so
7f004da08000-7f004da0e000 r--p 00017000 08:20 133622                     /home/ccon148/.vscode-server/extensions/redhat.java-1.32.0/jre/17.0.11-linux-x86_64/lib/libjimage.so
7f004da0e000-7f004da10000 r--p 0001c000 08:20 133622                     /home/ccon148/.vscode-server/extensions/redhat.java-1.32.0/jre/17.0.11-linux-x86_64/lib/libjimage.so
7f004da10000-7f004da11000 rw-p 0001e000 08:20 133622                     /home/ccon148/.vscode-server/extensions/redhat.java-1.32.0/jre/17.0.11-linux-x86_64/lib/libjimage.so
7f004da11000-7f004da15000 ---p 00000000 00:00 0 
7f004da15000-7f004db11000 rw-p 00000000 00:00 0 
7f004db11000-7f004db1f000 r--p 00000000 08:20 92139                      /usr/lib/x86_64-linux-gnu/libm.so.6
7f004db1f000-7f004db9b000 r-xp 0000e000 08:20 92139                      /usr/lib/x86_64-linux-gnu/libm.so.6
7f004db9b000-7f004dbf6000 r--p 0008a000 08:20 92139                      /usr/lib/x86_64-linux-gnu/libm.so.6
7f004dbf6000-7f004dbf7000 r--p 000e4000 08:20 92139                      /usr/lib/x86_64-linux-gnu/libm.so.6
7f004dbf7000-7f004dbf8000 rw-p 000e5000 08:20 92139                      /usr/lib/x86_64-linux-gnu/libm.so.6
7f004dbf8000-7f004dbf9000 r--p 00000000 08:20 92150                      /usr/lib/x86_64-linux-gnu/librt.so.1
7f004dbf9000-7f004dbfa000 r-xp 00001000 08:20 92150                      /usr/lib/x86_64-linux-gnu/librt.so.1
7f004dbfa000-7f004dbfb000 r--p 00002000 08:20 92150                      /usr/lib/x86_64-linux-gnu/librt.so.1
7f004dbfb000-7f004dbfc000 r--p 00002000 08:20 92150                      /usr/lib/x86_64-linux-gnu/librt.so.1
7f004dbfc000-7f004dbfd000 rw-p 00003000 08:20 92150                      /usr/lib/x86_64-linux-gnu/librt.so.1
7f004dbfd000-7f004de50000 r--p 00000000 08:20 138849                     /home/ccon148/.vscode-server/extensions/redhat.java-1.32.0/jre/17.0.11-linux-x86_64/lib/server/libjvm.so
7f004de50000-7f004eb72000 r-xp 00253000 08:20 138849                     /home/ccon148/.vscode-server/extensions/redhat.java-1.32.0/jre/17.0.11-linux-x86_64/lib/server/libjvm.so
7f004eb72000-7f004edfe000 r--p 00f75000 08:20 138849                     /home/ccon148/.vscode-server/extensions/redhat.java-1.32.0/jre/17.0.11-linux-x86_64/lib/server/libjvm.so
7f004edfe000-7f004edff000 ---p 01201000 08:20 138849                     /home/ccon148/.vscode-server/extensions/redhat.java-1.32.0/jre/17.0.11-linux-x86_64/lib/server/libjvm.so
7f004edff000-7f004eeb8000 r--p 01201000 08:20 138849                     /home/ccon148/.vscode-server/extensions/redhat.java-1.32.0/jre/17.0.11-linux-x86_64/lib/server/libjvm.so
7f004eeb8000-7f004eeed000 rw-p 012ba000 08:20 138849                     /home/ccon148/.vscode-server/extensions/redhat.java-1.32.0/jre/17.0.11-linux-x86_64/lib/server/libjvm.so
7f004eeed000-7f004ef49000 rw-p 00000000 00:00 0 
7f004ef49000-7f004ef71000 r--p 00000000 08:20 92136                      /usr/lib/x86_64-linux-gnu/libc.so.6
7f004ef71000-7f004f106000 r-xp 00028000 08:20 92136                      /usr/lib/x86_64-linux-gnu/libc.so.6
7f004f106000-7f004f15e000 r--p 001bd000 08:20 92136                      /usr/lib/x86_64-linux-gnu/libc.so.6
7f004f15e000-7f004f15f000 ---p 00215000 08:20 92136                      /usr/lib/x86_64-linux-gnu/libc.so.6
7f004f15f000-7f004f163000 r--p 00215000 08:20 92136                      /usr/lib/x86_64-linux-gnu/libc.so.6
7f004f163000-7f004f165000 rw-p 00219000 08:20 92136                      /usr/lib/x86_64-linux-gnu/libc.so.6
7f004f165000-7f004f172000 rw-p 00000000 00:00 0 
7f004f172000-7f004f173000 r--p 00000000 08:20 92138                      /usr/lib/x86_64-linux-gnu/libdl.so.2
7f004f173000-7f004f174000 r-xp 00001000 08:20 92138                      /usr/lib/x86_64-linux-gnu/libdl.so.2
7f004f174000-7f004f175000 r--p 00002000 08:20 92138                      /usr/lib/x86_64-linux-gnu/libdl.so.2
7f004f175000-7f004f176000 r--p 00002000 08:20 92138                      /usr/lib/x86_64-linux-gnu/libdl.so.2
7f004f176000-7f004f177000 rw-p 00003000 08:20 92138                      /usr/lib/x86_64-linux-gnu/libdl.so.2
7f004f177000-7f004f178000 r--p 00000000 08:20 92148                      /usr/lib/x86_64-linux-gnu/libpthread.so.0
7f004f178000-7f004f179000 r-xp 00001000 08:20 92148                      /usr/lib/x86_64-linux-gnu/libpthread.so.0
7f004f179000-7f004f17a000 r--p 00002000 08:20 92148                      /usr/lib/x86_64-linux-gnu/libpthread.so.0
7f004f17a000-7f004f17b000 r--p 00002000 08:20 92148                      /usr/lib/x86_64-linux-gnu/libpthread.so.0
7f004f17b000-7f004f17c000 rw-p 00003000 08:20 92148                      /usr/lib/x86_64-linux-gnu/libpthread.so.0
7f004f17c000-7f004f17d000 r--p 00000000 08:20 43673                      /usr/lib/locale/C.utf8/LC_NAME
7f004f17d000-7f004f17e000 r--p 00000000 08:20 43652                      /usr/lib/locale/C.utf8/LC_ADDRESS
7f004f17e000-7f004f17f000 r--p 00000000 08:20 43676                      /usr/lib/locale/C.utf8/LC_TELEPHONE
7f004f17f000-7f004f180000 r--p 00000000 08:20 43667                      /usr/lib/locale/C.utf8/LC_MEASUREMENT
7f004f180000-7f004f181000 r--p 00000000 08:20 43655                      /usr/lib/locale/C.utf8/LC_IDENTIFICATION
7f004f181000-7f004f182000 ---p 00000000 00:00 0 
7f004f182000-7f004f183000 r--p 00000000 00:00 0 
7f004f183000-7f004f186000 r--p 00000000 08:20 133623                     /home/ccon148/.vscode-server/extensions/redhat.java-1.32.0/jre/17.0.11-linux-x86_64/lib/libjli.so
7f004f186000-7f004f196000 r-xp 00003000 08:20 133623                     /home/ccon148/.vscode-server/extensions/redhat.java-1.32.0/jre/17.0.11-linux-x86_64/lib/libjli.so
7f004f196000-7f004f19d000 r--p 00013000 08:20 133623                     /home/ccon148/.vscode-server/extensions/redhat.java-1.32.0/jre/17.0.11-linux-x86_64/lib/libjli.so
7f004f19d000-7f004f19e000 r--p 00019000 08:20 133623                     /home/ccon148/.vscode-server/extensions/redhat.java-1.32.0/jre/17.0.11-linux-x86_64/lib/libjli.so
7f004f19e000-7f004f19f000 rw-p 0001a000 08:20 133623                     /home/ccon148/.vscode-server/extensions/redhat.java-1.32.0/jre/17.0.11-linux-x86_64/lib/libjli.so
7f004f19f000-7f004f1a1000 rw-p 00000000 00:00 0 
7f004f1a1000-7f004f1a3000 r--p 00000000 08:20 92131                      /usr/lib/x86_64-linux-gnu/ld-linux-x86-64.so.2
7f004f1a3000-7f004f1cd000 r-xp 00002000 08:20 92131                      /usr/lib/x86_64-linux-gnu/ld-linux-x86-64.so.2
7f004f1cd000-7f004f1d8000 r--p 0002c000 08:20 92131                      /usr/lib/x86_64-linux-gnu/ld-linux-x86-64.so.2
7f004f1d8000-7f004f1d9000 ---p 00000000 00:00 0 
7f004f1d9000-7f004f1db000 r--p 00037000 08:20 92131                      /usr/lib/x86_64-linux-gnu/ld-linux-x86-64.so.2
7f004f1db000-7f004f1dd000 rw-p 00039000 08:20 92131                      /usr/lib/x86_64-linux-gnu/ld-linux-x86-64.so.2
7ffe25bf5000-7ffe25c17000 rw-p 00000000 00:00 0                          [stack]
7ffe25d7e000-7ffe25d82000 r--p 00000000 00:00 0                          [vvar]
7ffe25d82000-7ffe25d84000 r-xp 00000000 00:00 0                          [vdso]


VM Arguments:
jvm_args: -Xmx100M -XX:+UseG1GC -XX:+UseStringDeduplication -Xlog:disable 
java_command: com.redhat.qute.ls.QuteServerLauncher
java_class_path (initial): /home/ccon148/.vscode-server/extensions/redhat.vscode-quarkus-1.17.0/server/com.redhat.qute.ls-uber.jar
Launcher Type: SUN_STANDARD

[Global flags]
     intx CICompilerCount                          = 4                                         {product} {ergonomic}
     uint ConcGCThreads                            = 3                                         {product} {ergonomic}
     uint G1ConcRefinementThreads                  = 10                                        {product} {ergonomic}
   size_t G1HeapRegionSize                         = 1048576                                   {product} {ergonomic}
    uintx GCDrainStackTargetSize                   = 64                                        {product} {ergonomic}
   size_t InitialHeapSize                          = 104857600                                 {product} {ergonomic}
   size_t MarkStackSize                            = 4194304                                   {product} {ergonomic}
   size_t MaxHeapSize                              = 104857600                                 {product} {command line}
   size_t MaxNewSize                               = 62914560                                  {product} {ergonomic}
   size_t MinHeapDeltaBytes                        = 1048576                                   {product} {ergonomic}
   size_t MinHeapSize                              = 8388608                                   {product} {ergonomic}
    uintx NonNMethodCodeHeapSize                   = 5839372                                {pd product} {ergonomic}
    uintx NonProfiledCodeHeapSize                  = 122909434                              {pd product} {ergonomic}
    uintx ProfiledCodeHeapSize                     = 122909434                              {pd product} {ergonomic}
    uintx ReservedCodeCacheSize                    = 251658240                              {pd product} {ergonomic}
     bool SegmentedCodeCache                       = true                                      {product} {ergonomic}
   size_t SoftMaxHeapSize                          = 104857600                              {manageable} {ergonomic}
     bool UseCompressedClassPointers               = true                           {product lp64_product} {ergonomic}
     bool UseCompressedOops                        = true                           {product lp64_product} {ergonomic}
     bool UseG1GC                                  = true                                      {product} {command line}
     bool UseStringDeduplication                   = true                                      {product} {command line}

Logging:
Log output configuration:
 #0: stdout all=off uptime,level,tags
 #1: stderr all=off uptime,level,tags

Environment Variables:
JAVA_HOME=/home/ccon148/.sdkman/candidates/java/current
PATH=/home/ccon148/.vscode-server/bin/f1e16e1e6214d7c44d078b1f0607b2388f29d729/bin/remote-cli:/run/user/1000/fnm_multishells/1175_1722320472236/bin:/home/ccon148/.local/share/fnm:/run/user/1000/fnm_multishells/1172_1722320472227/bin:/home/ccon148/.local/share/fnm:/home/ccon148/.sdkman/candidates/quarkus/current/bin:/home/ccon148/.sdkman/candidates/java/current/bin:/usr/local/sbin:/usr/local/bin:/usr/sbin:/usr/bin:/sbin:/bin:/usr/games:/usr/local/games:/usr/lib/wsl/lib:/mnt/c/Program Files/Eclipse Adoptium/jdk-21.0.2.13-hotspot/bin:/mnt/c/Windows/system32:/mnt/c/Windows:/mnt/c/Windows/System32/Wbem:/mnt/c/Windows/System32/WindowsPowerShell/v1.0/:/mnt/c/Windows/System32/OpenSSH/:/mnt/c/Program Files (x86)/Enterprise Vault/EVClient/x64/:/mnt/c/Program Files/dotnet/:/mnt/c/Users/ext-cconstantin/.jbang/bin:/mnt/c/Users/ext-cconstantin/AppData/Local/Microsoft/WindowsApps:/mnt/c/Users/ext-cconstantin/AppData/Local/Programs/Microsoft VS Code/bin:/snap/bin
SHELL=/bin/bash
DISPLAY=:0
HOSTTYPE=x86_64
LANG=C.UTF-8
TERM=xterm-256color

Active Locale:
LC_ALL=C.UTF-8
LC_COLLATE=C.UTF-8
LC_CTYPE=C.UTF-8
LC_MESSAGES=C.UTF-8
LC_MONETARY=C.UTF-8
LC_NUMERIC=C.UTF-8
LC_TIME=C.UTF-8

Signal Handlers:
   SIGSEGV: crash_handler in libjvm.so, mask=11100100010111111101111111111110, flags=SA_RESTART|SA_SIGINFO, unblocked
    SIGBUS: crash_handler in libjvm.so, mask=11100100010111111101111111111110, flags=SA_RESTART|SA_SIGINFO, unblocked
    SIGFPE: crash_handler in libjvm.so, mask=11100100010111111101111111111110, flags=SA_RESTART|SA_SIGINFO, unblocked
   SIGPIPE: javaSignalHandler in libjvm.so, mask=11100100010111111101111111111110, flags=SA_RESTART|SA_SIGINFO, blocked
   SIGXFSZ: javaSignalHandler in libjvm.so, mask=11100100010111111101111111111110, flags=SA_RESTART|SA_SIGINFO, blocked
    SIGILL: crash_handler in libjvm.so, mask=11100100010111111101111111111110, flags=SA_RESTART|SA_SIGINFO, unblocked
   SIGUSR2: SR_handler in libjvm.so, mask=00000000000000000000000000000000, flags=SA_RESTART|SA_SIGINFO, blocked
    SIGHUP: UserHandler in libjvm.so, mask=11100100010111111101111111111110, flags=SA_RESTART|SA_SIGINFO, blocked
    SIGINT: UserHandler in libjvm.so, mask=11100100010111111101111111111110, flags=SA_RESTART|SA_SIGINFO, blocked
   SIGTERM: UserHandler in libjvm.so, mask=11100100010111111101111111111110, flags=SA_RESTART|SA_SIGINFO, blocked
   SIGQUIT: UserHandler in libjvm.so, mask=11100100010111111101111111111110, flags=SA_RESTART|SA_SIGINFO, blocked
   SIGTRAP: crash_handler in libjvm.so, mask=11100100010111111101111111111110, flags=SA_RESTART|SA_SIGINFO, unblocked


Periodic native trim disabled


---------------  S Y S T E M  ---------------

OS:
DISTRIB_ID=Ubuntu
DISTRIB_RELEASE=22.04
DISTRIB_CODENAME=jammy
DISTRIB_DESCRIPTION="Ubuntu 22.04.4 LTS"
uname: Linux 5.15.153.1-microsoft-standard-WSL2 #1 SMP Fri Mar 29 23:14:13 UTC 2024 x86_64
OS uptime: 0 days 0:01 hours
libc: glibc 2.35 NPTL 2.35 
rlimit (soft/hard): STACK 8192k/infinity , CORE 0k/infinity , NPROC 63338/63338 , NOFILE 1048576/1048576 , AS infinity/infinity , CPU infinity/infinity , DATA infinity/infinity , FSIZE infinity/infinity , MEMLOCK 65536k/65536k
load average: 1.92 0.61 0.21

/proc/meminfo:
MemTotal:       16221372 kB
MemFree:        11754388 kB
MemAvailable:   12815516 kB
Buffers:          263656 kB
Cached:           983884 kB
SwapCached:            0 kB
Active:           545316 kB
Inactive:        3412984 kB
Active(anon):       3076 kB
Inactive(anon):  2711172 kB
Active(file):     542240 kB
Inactive(file):   701812 kB
Unevictable:           0 kB
Mlocked:               0 kB
SwapTotal:       4194304 kB
SwapFree:        4194304 kB
Dirty:              1948 kB
Writeback:             0 kB
AnonPages:       2696188 kB
Mapped:           395780 kB
Shmem:              3464 kB
KReclaimable:     129768 kB
Slab:             197072 kB
SReclaimable:     129768 kB
SUnreclaim:        67304 kB
KernelStack:       11628 kB
PageTables:        29636 kB
NFS_Unstable:          0 kB
Bounce:                0 kB
WritebackTmp:          0 kB
CommitLimit:    12304988 kB
Committed_AS:    5641420 kB
VmallocTotal:   34359738367 kB
VmallocUsed:       34000 kB
VmallocChunk:          0 kB
Percpu:             7744 kB
AnonHugePages:   1028096 kB
ShmemHugePages:        0 kB
ShmemPmdMapped:        0 kB
FileHugePages:         0 kB
FilePmdMapped:         0 kB
HugePages_Total:       0
HugePages_Free:        0
HugePages_Rsvd:        0
HugePages_Surp:        0
Hugepagesize:       2048 kB
Hugetlb:               0 kB
DirectMap4k:       87040 kB
DirectMap2M:    10235904 kB
DirectMap1G:    14680064 kB

/sys/kernel/mm/transparent_hugepage/enabled: [always] madvise never
/sys/kernel/mm/transparent_hugepage/hpage_pmd_size: 2097152
/sys/kernel/mm/transparent_hugepage/defrag (defrag/compaction efforts parameter): always defer defer+madvise [madvise] never

Process Memory:
Virtual Size: 3061168K (peak: 3122708K)
Resident Set Size: 77816K (peak: 77816K) (anon: 52904K, file: 24912K, shmem: 0K)
Swapped out: 0K
C-Heap outstanding allocations: 32053K, retained: 6566K
glibc malloc tunables: (default)

/proc/sys/kernel/threads-max (system-wide limit on the number of threads): 126677
/proc/sys/vm/max_map_count (maximum number of memory map areas a process may have): 65530
/proc/sys/kernel/pid_max (system-wide limit on number of process identifiers): 4194304

container (cgroup) information:
container_type: cgroupv1
cpu_cpuset_cpus: 0-11
cpu_memory_nodes: 0
active_processor_count: 12
cpu_quota: no quota
cpu_period: 100000
cpu_shares: no shares
memory_limit_in_bytes: unlimited
memory_and_swap_limit_in_bytes: unlimited
memory_soft_limit_in_bytes: unlimited
memory_usage_in_bytes: 3944072 k
memory_max_usage_in_bytes: 902500 k
kernel_memory_usage_in_bytes: 30380 k
kernel_memory_max_usage_in_bytes: unlimited
kernel_memory_limit_in_bytes: 33456 k
maximum number of tasks: not supported
current number of tasks: not supported

Hyper-V virtualization detected
Steal ticks since vm start: 0
Steal ticks percentage since vm start:  0.000

CPU: total 12 (initial active 12) (8 cores per cpu, 2 threads per core) family 6 model 154 stepping 4 microcode 0xffffffff, cx8, cmov, fxsr, ht, mmx, 3dnowpref, sse, sse2, sse3, ssse3, sse4.1, sse4.2, popcnt, lzcnt, tsc, tscinvbit, avx, avx2, aes, erms, clmul, bmi1, bmi2, adx, sha, fma, vzeroupper, clflush, clflushopt, clwb, hv
CPU Model and flags from /proc/cpuinfo:
model name	: 12th Gen Intel(R) Core(TM) i7-1265U
flags		: fpu vme de pse tsc msr pae mce cx8 apic sep mtrr pge mca cmov pat pse36 clflush mmx fxsr sse sse2 ss ht syscall nx pdpe1gb rdtscp lm constant_tsc rep_good nopl xtopology tsc_reliable nonstop_tsc cpuid pni pclmulqdq ssse3 fma cx16 sse4_1 sse4_2 movbe popcnt aes xsave avx f16c rdrand hypervisor lahf_lm abm 3dnowprefetch ssbd ibrs ibpb stibp ibrs_enhanced fsgsbase bmi1 avx2 smep bmi2 erms invpcid rdseed adx smap clflushopt clwb sha_ni xsaveopt xsavec xgetbv1 xsaves umip gfni vaes vpclmulqdq rdpid fsrm md_clear flush_l1d arch_capabilities

Online cpus: 0-11
Offline cpus: 
BIOS frequency limitation: <Not Available>
Frequency switch latency (ns): <Not Available>
Available cpu frequencies: <Not Available>
Current governor: <Not Available>
Core performance/turbo boost: <Not Available>

Memory: 4k page, physical 16221372k(11754388k free), swap 4194304k(4194304k free)
Page Sizes: 4k

vm_info: OpenJDK 64-Bit Server VM (17.0.11+9) for linux-amd64 JRE (17.0.11+9), built on Apr 16 2024 00:00:00 by "admin" with gcc 10.3.0

END.
